The system is: Linux - 5.15.0-107-generic - x86_64
Compiling the C compiler identification source file "CMakeCCompilerId.c" succeeded.
Compiler: /usr/bin/cc 
Build flags: 
Id flags:  

The output was:
0


Compilation of the C compiler identification source "CMakeCCompilerId.c" produced "a.out"

The C compiler identification is GNU, found in "/home/zaina/catkin_ws/build_isolated/csm/devel/CMakeFiles/3.16.3/CompilerIdC/a.out"

Compiling the CXX compiler identification source file "CMakeCXXCompilerId.cpp" succeeded.
Compiler: /usr/bin/c++ 
Build flags: 
Id flags:  

The output was:
0


Compilation of the CXX compiler identification source "CMakeCXXCompilerId.cpp" produced "a.out"

The CXX compiler identification is GNU, found in "/home/zaina/catkin_ws/build_isolated/csm/devel/CMakeFiles/3.16.3/CompilerIdCXX/a.out"

Determining if the C compiler works passed with the following output:
Change Dir: /home/zaina/catkin_ws/build_isolated/csm/devel/CMakeFiles/CMakeTmp

Run Build Command(s):/usr/bin/make cmTC_0da3e/fast && /usr/bin/make -f CMakeFiles/cmTC_0da3e.dir/build.make CMakeFiles/cmTC_0da3e.dir/build
make[1]: Entering directory '/home/zaina/catkin_ws/build_isolated/csm/devel/CMakeFiles/CMakeTmp'
Building C object CMakeFiles/cmTC_0da3e.dir/testCCompiler.c.o
/usr/bin/cc    -o CMakeFiles/cmTC_0da3e.dir/testCCompiler.c.o   -c /home/zaina/catkin_ws/build_isolated/csm/devel/CMakeFiles/CMakeTmp/testCCompiler.c
Linking C executable cmTC_0da3e
/usr/bin/cmake -E cmake_link_script CMakeFiles/cmTC_0da3e.dir/link.txt --verbose=1
/usr/bin/cc      -rdynamic CMakeFiles/cmTC_0da3e.dir/testCCompiler.c.o  -o cmTC_0da3e 
make[1]: Leaving directory '/home/zaina/catkin_ws/build_isolated/csm/devel/CMakeFiles/CMakeTmp'



Detecting C compiler ABI info compiled with the following output:
Change Dir: /home/zaina/catkin_ws/build_isolated/csm/devel/CMakeFiles/CMakeTmp

Run Build Command(s):/usr/bin/make cmTC_2ba92/fast && /usr/bin/make -f CMakeFiles/cmTC_2ba92.dir/build.make CMakeFiles/cmTC_2ba92.dir/build
make[1]: Entering directory '/home/zaina/catkin_ws/build_isolated/csm/devel/CMakeFiles/CMakeTmp'
Building C object CMakeFiles/cmTC_2ba92.dir/CMakeCCompilerABI.c.o
/usr/bin/cc   -v -o CMakeFiles/cmTC_2ba92.dir/CMakeCCompilerABI.c.o   -c /usr/share/cmake-3.16/Modules/CMakeCCompilerABI.c
Using built-in specs.
COLLECT_GCC=/usr/bin/cc
OFFLOAD_TARGET_NAMES=nvptx-none:hsa
OFFLOAD_TARGET_DEFAULT=1
Target: x86_64-linux-gnu
Configured with: ../src/configure -v --with-pkgversion='Ubuntu 9.4.0-1ubuntu1~20.04.2' --with-bugurl=file:///usr/share/doc/gcc-9/README.Bugs --enable-languages=c,ada,c++,go,brig,d,fortran,objc,obj-c++,gm2 --prefix=/usr --with-gcc-major-version-only --program-suffix=-9 --program-prefix=x86_64-linux-gnu- --enable-shared --enable-linker-build-id --libexecdir=/usr/lib --without-included-gettext --enable-threads=posix --libdir=/usr/lib --enable-nls --enable-clocale=gnu --enable-libstdcxx-debug --enable-libstdcxx-time=yes --with-default-libstdcxx-abi=new --enable-gnu-unique-object --disable-vtable-verify --enable-plugin --enable-default-pie --with-system-zlib --with-target-system-zlib=auto --enable-objc-gc=auto --enable-multiarch --disable-werror --with-arch-32=i686 --with-abi=m64 --with-multilib-list=m32,m64,mx32 --enable-multilib --with-tune=generic --enable-offload-targets=nvptx-none=/build/gcc-9-9QDOt0/gcc-9-9.4.0/debian/tmp-nvptx/usr,hsa --without-cuda-driver --enable-checking=release --build=x86_64-linux-gnu --host=x86_64-linux-gnu --target=x86_64-linux-gnu
Thread model: posix
gcc version 9.4.0 (Ubuntu 9.4.0-1ubuntu1~20.04.2) 
COLLECT_GCC_OPTIONS='-v' '-o' 'CMakeFiles/cmTC_2ba92.dir/CMakeCCompilerABI.c.o' '-c' '-mtune=generic' '-march=x86-64'
 /usr/lib/gcc/x86_64-linux-gnu/9/cc1 -quiet -v -imultiarch x86_64-linux-gnu /usr/share/cmake-3.16/Modules/CMakeCCompilerABI.c -quiet -dumpbase CMakeCCompilerABI.c -mtune=generic -march=x86-64 -auxbase-strip CMakeFiles/cmTC_2ba92.dir/CMakeCCompilerABI.c.o -version -fasynchronous-unwind-tables -fstack-protector-strong -Wformat -Wformat-security -fstack-clash-protection -fcf-protection -o /tmp/ccFGcMm9.s
GNU C17 (Ubuntu 9.4.0-1ubuntu1~20.04.2) version 9.4.0 (x86_64-linux-gnu)
	compiled by GNU C version 9.4.0, GMP version 6.2.0, MPFR version 4.0.2, MPC version 1.1.0, isl version isl-0.22.1-GMP

GGC heuristics: --param ggc-min-expand=100 --param ggc-min-heapsize=131072
ignoring nonexistent directory "/usr/local/include/x86_64-linux-gnu"
ignoring nonexistent directory "/usr/lib/gcc/x86_64-linux-gnu/9/include-fixed"
ignoring nonexistent directory "/usr/lib/gcc/x86_64-linux-gnu/9/../../../../x86_64-linux-gnu/include"
#include "..." search starts here:
#include <...> search starts here:
 /usr/lib/gcc/x86_64-linux-gnu/9/include
 /usr/local/include
 /usr/include/x86_64-linux-gnu
 /usr/include
End of search list.
GNU C17 (Ubuntu 9.4.0-1ubuntu1~20.04.2) version 9.4.0 (x86_64-linux-gnu)
	compiled by GNU C version 9.4.0, GMP version 6.2.0, MPFR version 4.0.2, MPC version 1.1.0, isl version isl-0.22.1-GMP

GGC heuristics: --param ggc-min-expand=100 --param ggc-min-heapsize=131072
Compiler executable checksum: 01da938ff5dc2163489aa33cb3b747a7
COLLECT_GCC_OPTIONS='-v' '-o' 'CMakeFiles/cmTC_2ba92.dir/CMakeCCompilerABI.c.o' '-c' '-mtune=generic' '-march=x86-64'
 as -v --64 -o CMakeFiles/cmTC_2ba92.dir/CMakeCCompilerABI.c.o /tmp/ccFGcMm9.s
GNU assembler version 2.34 (x86_64-linux-gnu) using BFD version (GNU Binutils for Ubuntu) 2.34
COMPILER_PATH=/usr/lib/gcc/x86_64-linux-gnu/9/:/usr/lib/gcc/x86_64-linux-gnu/9/:/usr/lib/gcc/x86_64-linux-gnu/:/usr/lib/gcc/x86_64-linux-gnu/9/:/usr/lib/gcc/x86_64-linux-gnu/
LIBRARY_PATH=/usr/lib/gcc/x86_64-linux-gnu/9/:/usr/lib/gcc/x86_64-linux-gnu/9/../../../x86_64-linux-gnu/:/usr/lib/gcc/x86_64-linux-gnu/9/../../../../lib/:/lib/x86_64-linux-gnu/:/lib/../lib/:/usr/lib/x86_64-linux-gnu/:/usr/lib/../lib/:/usr/lib/gcc/x86_64-linux-gnu/9/../../../:/lib/:/usr/lib/
COLLECT_GCC_OPTIONS='-v' '-o' 'CMakeFiles/cmTC_2ba92.dir/CMakeCCompilerABI.c.o' '-c' '-mtune=generic' '-march=x86-64'
Linking C executable cmTC_2ba92
/usr/bin/cmake -E cmake_link_script CMakeFiles/cmTC_2ba92.dir/link.txt --verbose=1
/usr/bin/cc     -v -rdynamic CMakeFiles/cmTC_2ba92.dir/CMakeCCompilerABI.c.o  -o cmTC_2ba92 
Using built-in specs.
COLLECT_GCC=/usr/bin/cc
COLLECT_LTO_WRAPPER=/usr/lib/gcc/x86_64-linux-gnu/9/lto-wrapper
OFFLOAD_TARGET_NAMES=nvptx-none:hsa
OFFLOAD_TARGET_DEFAULT=1
Target: x86_64-linux-gnu
Configured with: ../src/configure -v --with-pkgversion='Ubuntu 9.4.0-1ubuntu1~20.04.2' --with-bugurl=file:///usr/share/doc/gcc-9/README.Bugs --enable-languages=c,ada,c++,go,brig,d,fortran,objc,obj-c++,gm2 --prefix=/usr --with-gcc-major-version-only --program-suffix=-9 --program-prefix=x86_64-linux-gnu- --enable-shared --enable-linker-build-id --libexecdir=/usr/lib --without-included-gettext --enable-threads=posix --libdir=/usr/lib --enable-nls --enable-clocale=gnu --enable-libstdcxx-debug --enable-libstdcxx-time=yes --with-default-libstdcxx-abi=new --enable-gnu-unique-object --disable-vtable-verify --enable-plugin --enable-default-pie --with-system-zlib --with-target-system-zlib=auto --enable-objc-gc=auto --enable-multiarch --disable-werror --with-arch-32=i686 --with-abi=m64 --with-multilib-list=m32,m64,mx32 --enable-multilib --with-tune=generic --enable-offload-targets=nvptx-none=/build/gcc-9-9QDOt0/gcc-9-9.4.0/debian/tmp-nvptx/usr,hsa --without-cuda-driver --enable-checking=release --build=x86_64-linux-gnu --host=x86_64-linux-gnu --target=x86_64-linux-gnu
Thread model: posix
gcc version 9.4.0 (Ubuntu 9.4.0-1ubuntu1~20.04.2) 
COMPILER_PATH=/usr/lib/gcc/x86_64-linux-gnu/9/:/usr/lib/gcc/x86_64-linux-gnu/9/:/usr/lib/gcc/x86_64-linux-gnu/:/usr/lib/gcc/x86_64-linux-gnu/9/:/usr/lib/gcc/x86_64-linux-gnu/
LIBRARY_PATH=/usr/lib/gcc/x86_64-linux-gnu/9/:/usr/lib/gcc/x86_64-linux-gnu/9/../../../x86_64-linux-gnu/:/usr/lib/gcc/x86_64-linux-gnu/9/../../../../lib/:/lib/x86_64-linux-gnu/:/lib/../lib/:/usr/lib/x86_64-linux-gnu/:/usr/lib/../lib/:/usr/lib/gcc/x86_64-linux-gnu/9/../../../:/lib/:/usr/lib/
COLLECT_GCC_OPTIONS='-v' '-rdynamic' '-o' 'cmTC_2ba92' '-mtune=generic' '-march=x86-64'
 /usr/lib/gcc/x86_64-linux-gnu/9/collect2 -plugin /usr/lib/gcc/x86_64-linux-gnu/9/liblto_plugin.so -plugin-opt=/usr/lib/gcc/x86_64-linux-gnu/9/lto-wrapper -plugin-opt=-fresolution=/tmp/ccNAT3Xy.res -plugin-opt=-pass-through=-lgcc -plugin-opt=-pass-through=-lgcc_s -plugin-opt=-pass-through=-lc -plugin-opt=-pass-through=-lgcc -plugin-opt=-pass-through=-lgcc_s --build-id --eh-frame-hdr -m elf_x86_64 --hash-style=gnu --as-needed -export-dynamic -dynamic-linker /lib64/ld-linux-x86-64.so.2 -pie -z now -z relro -o cmTC_2ba92 /usr/lib/gcc/x86_64-linux-gnu/9/../../../x86_64-linux-gnu/Scrt1.o /usr/lib/gcc/x86_64-linux-gnu/9/../../../x86_64-linux-gnu/crti.o /usr/lib/gcc/x86_64-linux-gnu/9/crtbeginS.o -L/usr/lib/gcc/x86_64-linux-gnu/9 -L/usr/lib/gcc/x86_64-linux-gnu/9/../../../x86_64-linux-gnu -L/usr/lib/gcc/x86_64-linux-gnu/9/../../../../lib -L/lib/x86_64-linux-gnu -L/lib/../lib -L/usr/lib/x86_64-linux-gnu -L/usr/lib/../lib -L/usr/lib/gcc/x86_64-linux-gnu/9/../../.. CMakeFiles/cmTC_2ba92.dir/CMakeCCompilerABI.c.o -lgcc --push-state --as-needed -lgcc_s --pop-state -lc -lgcc --push-state --as-needed -lgcc_s --pop-state /usr/lib/gcc/x86_64-linux-gnu/9/crtendS.o /usr/lib/gcc/x86_64-linux-gnu/9/../../../x86_64-linux-gnu/crtn.o
COLLECT_GCC_OPTIONS='-v' '-rdynamic' '-o' 'cmTC_2ba92' '-mtune=generic' '-march=x86-64'
make[1]: Leaving directory '/home/zaina/catkin_ws/build_isolated/csm/devel/CMakeFiles/CMakeTmp'



Parsed C implicit include dir info from above output: rv=done
  found start of include info
  found start of implicit include info
    add: [/usr/lib/gcc/x86_64-linux-gnu/9/include]
    add: [/usr/local/include]
    add: [/usr/include/x86_64-linux-gnu]
    add: [/usr/include]
  end of search list found
  collapse include dir [/usr/lib/gcc/x86_64-linux-gnu/9/include] ==> [/usr/lib/gcc/x86_64-linux-gnu/9/include]
  collapse include dir [/usr/local/include] ==> [/usr/local/include]
  collapse include dir [/usr/include/x86_64-linux-gnu] ==> [/usr/include/x86_64-linux-gnu]
  collapse include dir [/usr/include] ==> [/usr/include]
  implicit include dirs: [/usr/lib/gcc/x86_64-linux-gnu/9/include;/usr/local/include;/usr/include/x86_64-linux-gnu;/usr/include]


Parsed C implicit link information from above output:
  link line regex: [^( *|.*[/\])(ld|CMAKE_LINK_STARTFILE-NOTFOUND|([^/\]+-)?ld|collect2)[^/\]*( |$)]
  ignore line: [Change Dir: /home/zaina/catkin_ws/build_isolated/csm/devel/CMakeFiles/CMakeTmp]
  ignore line: []
  ignore line: [Run Build Command(s):/usr/bin/make cmTC_2ba92/fast && /usr/bin/make -f CMakeFiles/cmTC_2ba92.dir/build.make CMakeFiles/cmTC_2ba92.dir/build]
  ignore line: [make[1]: Entering directory '/home/zaina/catkin_ws/build_isolated/csm/devel/CMakeFiles/CMakeTmp']
  ignore line: [Building C object CMakeFiles/cmTC_2ba92.dir/CMakeCCompilerABI.c.o]
  ignore line: [/usr/bin/cc   -v -o CMakeFiles/cmTC_2ba92.dir/CMakeCCompilerABI.c.o   -c /usr/share/cmake-3.16/Modules/CMakeCCompilerABI.c]
  ignore line: [Using built-in specs.]
  ignore line: [COLLECT_GCC=/usr/bin/cc]
  ignore line: [OFFLOAD_TARGET_NAMES=nvptx-none:hsa]
  ignore line: [OFFLOAD_TARGET_DEFAULT=1]
  ignore line: [Target: x86_64-linux-gnu]
  ignore line: [Configured with: ../src/configure -v --with-pkgversion='Ubuntu 9.4.0-1ubuntu1~20.04.2' --with-bugurl=file:///usr/share/doc/gcc-9/README.Bugs --enable-languages=c ada c++ go brig d fortran objc obj-c++ gm2 --prefix=/usr --with-gcc-major-version-only --program-suffix=-9 --program-prefix=x86_64-linux-gnu- --enable-shared --enable-linker-build-id --libexecdir=/usr/lib --without-included-gettext --enable-threads=posix --libdir=/usr/lib --enable-nls --enable-clocale=gnu --enable-libstdcxx-debug --enable-libstdcxx-time=yes --with-default-libstdcxx-abi=new --enable-gnu-unique-object --disable-vtable-verify --enable-plugin --enable-default-pie --with-system-zlib --with-target-system-zlib=auto --enable-objc-gc=auto --enable-multiarch --disable-werror --with-arch-32=i686 --with-abi=m64 --with-multilib-list=m32 m64 mx32 --enable-multilib --with-tune=generic --enable-offload-targets=nvptx-none=/build/gcc-9-9QDOt0/gcc-9-9.4.0/debian/tmp-nvptx/usr hsa --without-cuda-driver --enable-checking=release --build=x86_64-linux-gnu --host=x86_64-linux-gnu --target=x86_64-linux-gnu]
  ignore line: [Thread model: posix]
  ignore line: [gcc version 9.4.0 (Ubuntu 9.4.0-1ubuntu1~20.04.2) ]
  ignore line: [COLLECT_GCC_OPTIONS='-v' '-o' 'CMakeFiles/cmTC_2ba92.dir/CMakeCCompilerABI.c.o' '-c' '-mtune=generic' '-march=x86-64']
  ignore line: [ /usr/lib/gcc/x86_64-linux-gnu/9/cc1 -quiet -v -imultiarch x86_64-linux-gnu /usr/share/cmake-3.16/Modules/CMakeCCompilerABI.c -quiet -dumpbase CMakeCCompilerABI.c -mtune=generic -march=x86-64 -auxbase-strip CMakeFiles/cmTC_2ba92.dir/CMakeCCompilerABI.c.o -version -fasynchronous-unwind-tables -fstack-protector-strong -Wformat -Wformat-security -fstack-clash-protection -fcf-protection -o /tmp/ccFGcMm9.s]
  ignore line: [GNU C17 (Ubuntu 9.4.0-1ubuntu1~20.04.2) version 9.4.0 (x86_64-linux-gnu)]
  ignore line: [	compiled by GNU C version 9.4.0  GMP version 6.2.0  MPFR version 4.0.2  MPC version 1.1.0  isl version isl-0.22.1-GMP]
  ignore line: []
  ignore line: [GGC heuristics: --param ggc-min-expand=100 --param ggc-min-heapsize=131072]
  ignore line: [ignoring nonexistent directory "/usr/local/include/x86_64-linux-gnu"]
  ignore line: [ignoring nonexistent directory "/usr/lib/gcc/x86_64-linux-gnu/9/include-fixed"]
  ignore line: [ignoring nonexistent directory "/usr/lib/gcc/x86_64-linux-gnu/9/../../../../x86_64-linux-gnu/include"]
  ignore line: [#include "..." search starts here:]
  ignore line: [#include <...> search starts here:]
  ignore line: [ /usr/lib/gcc/x86_64-linux-gnu/9/include]
  ignore line: [ /usr/local/include]
  ignore line: [ /usr/include/x86_64-linux-gnu]
  ignore line: [ /usr/include]
  ignore line: [End of search list.]
  ignore line: [GNU C17 (Ubuntu 9.4.0-1ubuntu1~20.04.2) version 9.4.0 (x86_64-linux-gnu)]
  ignore line: [	compiled by GNU C version 9.4.0  GMP version 6.2.0  MPFR version 4.0.2  MPC version 1.1.0  isl version isl-0.22.1-GMP]
  ignore line: []
  ignore line: [GGC heuristics: --param ggc-min-expand=100 --param ggc-min-heapsize=131072]
  ignore line: [Compiler executable checksum: 01da938ff5dc2163489aa33cb3b747a7]
  ignore line: [COLLECT_GCC_OPTIONS='-v' '-o' 'CMakeFiles/cmTC_2ba92.dir/CMakeCCompilerABI.c.o' '-c' '-mtune=generic' '-march=x86-64']
  ignore line: [ as -v --64 -o CMakeFiles/cmTC_2ba92.dir/CMakeCCompilerABI.c.o /tmp/ccFGcMm9.s]
  ignore line: [GNU assembler version 2.34 (x86_64-linux-gnu) using BFD version (GNU Binutils for Ubuntu) 2.34]
  ignore line: [COMPILER_PATH=/usr/lib/gcc/x86_64-linux-gnu/9/:/usr/lib/gcc/x86_64-linux-gnu/9/:/usr/lib/gcc/x86_64-linux-gnu/:/usr/lib/gcc/x86_64-linux-gnu/9/:/usr/lib/gcc/x86_64-linux-gnu/]
  ignore line: [LIBRARY_PATH=/usr/lib/gcc/x86_64-linux-gnu/9/:/usr/lib/gcc/x86_64-linux-gnu/9/../../../x86_64-linux-gnu/:/usr/lib/gcc/x86_64-linux-gnu/9/../../../../lib/:/lib/x86_64-linux-gnu/:/lib/../lib/:/usr/lib/x86_64-linux-gnu/:/usr/lib/../lib/:/usr/lib/gcc/x86_64-linux-gnu/9/../../../:/lib/:/usr/lib/]
  ignore line: [COLLECT_GCC_OPTIONS='-v' '-o' 'CMakeFiles/cmTC_2ba92.dir/CMakeCCompilerABI.c.o' '-c' '-mtune=generic' '-march=x86-64']
  ignore line: [Linking C executable cmTC_2ba92]
  ignore line: [/usr/bin/cmake -E cmake_link_script CMakeFiles/cmTC_2ba92.dir/link.txt --verbose=1]
  ignore line: [/usr/bin/cc     -v -rdynamic CMakeFiles/cmTC_2ba92.dir/CMakeCCompilerABI.c.o  -o cmTC_2ba92 ]
  ignore line: [Using built-in specs.]
  ignore line: [COLLECT_GCC=/usr/bin/cc]
  ignore line: [COLLECT_LTO_WRAPPER=/usr/lib/gcc/x86_64-linux-gnu/9/lto-wrapper]
  ignore line: [OFFLOAD_TARGET_NAMES=nvptx-none:hsa]
  ignore line: [OFFLOAD_TARGET_DEFAULT=1]
  ignore line: [Target: x86_64-linux-gnu]
  ignore line: [Configured with: ../src/configure -v --with-pkgversion='Ubuntu 9.4.0-1ubuntu1~20.04.2' --with-bugurl=file:///usr/share/doc/gcc-9/README.Bugs --enable-languages=c ada c++ go brig d fortran objc obj-c++ gm2 --prefix=/usr --with-gcc-major-version-only --program-suffix=-9 --program-prefix=x86_64-linux-gnu- --enable-shared --enable-linker-build-id --libexecdir=/usr/lib --without-included-gettext --enable-threads=posix --libdir=/usr/lib --enable-nls --enable-clocale=gnu --enable-libstdcxx-debug --enable-libstdcxx-time=yes --with-default-libstdcxx-abi=new --enable-gnu-unique-object --disable-vtable-verify --enable-plugin --enable-default-pie --with-system-zlib --with-target-system-zlib=auto --enable-objc-gc=auto --enable-multiarch --disable-werror --with-arch-32=i686 --with-abi=m64 --with-multilib-list=m32 m64 mx32 --enable-multilib --with-tune=generic --enable-offload-targets=nvptx-none=/build/gcc-9-9QDOt0/gcc-9-9.4.0/debian/tmp-nvptx/usr hsa --without-cuda-driver --enable-checking=release --build=x86_64-linux-gnu --host=x86_64-linux-gnu --target=x86_64-linux-gnu]
  ignore line: [Thread model: posix]
  ignore line: [gcc version 9.4.0 (Ubuntu 9.4.0-1ubuntu1~20.04.2) ]
  ignore line: [COMPILER_PATH=/usr/lib/gcc/x86_64-linux-gnu/9/:/usr/lib/gcc/x86_64-linux-gnu/9/:/usr/lib/gcc/x86_64-linux-gnu/:/usr/lib/gcc/x86_64-linux-gnu/9/:/usr/lib/gcc/x86_64-linux-gnu/]
  ignore line: [LIBRARY_PATH=/usr/lib/gcc/x86_64-linux-gnu/9/:/usr/lib/gcc/x86_64-linux-gnu/9/../../../x86_64-linux-gnu/:/usr/lib/gcc/x86_64-linux-gnu/9/../../../../lib/:/lib/x86_64-linux-gnu/:/lib/../lib/:/usr/lib/x86_64-linux-gnu/:/usr/lib/../lib/:/usr/lib/gcc/x86_64-linux-gnu/9/../../../:/lib/:/usr/lib/]
  ignore line: [COLLECT_GCC_OPTIONS='-v' '-rdynamic' '-o' 'cmTC_2ba92' '-mtune=generic' '-march=x86-64']
  link line: [ /usr/lib/gcc/x86_64-linux-gnu/9/collect2 -plugin /usr/lib/gcc/x86_64-linux-gnu/9/liblto_plugin.so -plugin-opt=/usr/lib/gcc/x86_64-linux-gnu/9/lto-wrapper -plugin-opt=-fresolution=/tmp/ccNAT3Xy.res -plugin-opt=-pass-through=-lgcc -plugin-opt=-pass-through=-lgcc_s -plugin-opt=-pass-through=-lc -plugin-opt=-pass-through=-lgcc -plugin-opt=-pass-through=-lgcc_s --build-id --eh-frame-hdr -m elf_x86_64 --hash-style=gnu --as-needed -export-dynamic -dynamic-linker /lib64/ld-linux-x86-64.so.2 -pie -z now -z relro -o cmTC_2ba92 /usr/lib/gcc/x86_64-linux-gnu/9/../../../x86_64-linux-gnu/Scrt1.o /usr/lib/gcc/x86_64-linux-gnu/9/../../../x86_64-linux-gnu/crti.o /usr/lib/gcc/x86_64-linux-gnu/9/crtbeginS.o -L/usr/lib/gcc/x86_64-linux-gnu/9 -L/usr/lib/gcc/x86_64-linux-gnu/9/../../../x86_64-linux-gnu -L/usr/lib/gcc/x86_64-linux-gnu/9/../../../../lib -L/lib/x86_64-linux-gnu -L/lib/../lib -L/usr/lib/x86_64-linux-gnu -L/usr/lib/../lib -L/usr/lib/gcc/x86_64-linux-gnu/9/../../.. CMakeFiles/cmTC_2ba92.dir/CMakeCCompilerABI.c.o -lgcc --push-state --as-needed -lgcc_s --pop-state -lc -lgcc --push-state --as-needed -lgcc_s --pop-state /usr/lib/gcc/x86_64-linux-gnu/9/crtendS.o /usr/lib/gcc/x86_64-linux-gnu/9/../../../x86_64-linux-gnu/crtn.o]
    arg [/usr/lib/gcc/x86_64-linux-gnu/9/collect2] ==> ignore
    arg [-plugin] ==> ignore
    arg [/usr/lib/gcc/x86_64-linux-gnu/9/liblto_plugin.so] ==> ignore
    arg [-plugin-opt=/usr/lib/gcc/x86_64-linux-gnu/9/lto-wrapper] ==> ignore
    arg [-plugin-opt=-fresolution=/tmp/ccNAT3Xy.res] ==> ignore
    arg [-plugin-opt=-pass-through=-lgcc] ==> ignore
    arg [-plugin-opt=-pass-through=-lgcc_s] ==> ignore
    arg [-plugin-opt=-pass-through=-lc] ==> ignore
    arg [-plugin-opt=-pass-through=-lgcc] ==> ignore
    arg [-plugin-opt=-pass-through=-lgcc_s] ==> ignore
    arg [--build-id] ==> ignore
    arg [--eh-frame-hdr] ==> ignore
    arg [-m] ==> ignore
    arg [elf_x86_64] ==> ignore
    arg [--hash-style=gnu] ==> ignore
    arg [--as-needed] ==> ignore
    arg [-export-dynamic] ==> ignore
    arg [-dynamic-linker] ==> ignore
    arg [/lib64/ld-linux-x86-64.so.2] ==> ignore
    arg [-pie] ==> ignore
    arg [-znow] ==> ignore
    arg [-zrelro] ==> ignore
    arg [-o] ==> ignore
    arg [cmTC_2ba92] ==> ignore
    arg [/usr/lib/gcc/x86_64-linux-gnu/9/../../../x86_64-linux-gnu/Scrt1.o] ==> ignore
    arg [/usr/lib/gcc/x86_64-linux-gnu/9/../../../x86_64-linux-gnu/crti.o] ==> ignore
    arg [/usr/lib/gcc/x86_64-linux-gnu/9/crtbeginS.o] ==> ignore
    arg [-L/usr/lib/gcc/x86_64-linux-gnu/9] ==> dir [/usr/lib/gcc/x86_64-linux-gnu/9]
    arg [-L/usr/lib/gcc/x86_64-linux-gnu/9/../../../x86_64-linux-gnu] ==> dir [/usr/lib/gcc/x86_64-linux-gnu/9/../../../x86_64-linux-gnu]
    arg [-L/usr/lib/gcc/x86_64-linux-gnu/9/../../../../lib] ==> dir [/usr/lib/gcc/x86_64-linux-gnu/9/../../../../lib]
    arg [-L/lib/x86_64-linux-gnu] ==> dir [/lib/x86_64-linux-gnu]
    arg [-L/lib/../lib] ==> dir [/lib/../lib]
    arg [-L/usr/lib/x86_64-linux-gnu] ==> dir [/usr/lib/x86_64-linux-gnu]
    arg [-L/usr/lib/../lib] ==> dir [/usr/lib/../lib]
    arg [-L/usr/lib/gcc/x86_64-linux-gnu/9/../../..] ==> dir [/usr/lib/gcc/x86_64-linux-gnu/9/../../..]
    arg [CMakeFiles/cmTC_2ba92.dir/CMakeCCompilerABI.c.o] ==> ignore
    arg [-lgcc] ==> lib [gcc]
    arg [--push-state] ==> ignore
    arg [--as-needed] ==> ignore
    arg [-lgcc_s] ==> lib [gcc_s]
    arg [--pop-state] ==> ignore
    arg [-lc] ==> lib [c]
    arg [-lgcc] ==> lib [gcc]
    arg [--push-state] ==> ignore
    arg [--as-needed] ==> ignore
    arg [-lgcc_s] ==> lib [gcc_s]
    arg [--pop-state] ==> ignore
    arg [/usr/lib/gcc/x86_64-linux-gnu/9/crtendS.o] ==> ignore
    arg [/usr/lib/gcc/x86_64-linux-gnu/9/../../../x86_64-linux-gnu/crtn.o] ==> ignore
  collapse library dir [/usr/lib/gcc/x86_64-linux-gnu/9] ==> [/usr/lib/gcc/x86_64-linux-gnu/9]
  collapse library dir [/usr/lib/gcc/x86_64-linux-gnu/9/../../../x86_64-linux-gnu] ==> [/usr/lib/x86_64-linux-gnu]
  collapse library dir [/usr/lib/gcc/x86_64-linux-gnu/9/../../../../lib] ==> [/usr/lib]
  collapse library dir [/lib/x86_64-linux-gnu] ==> [/lib/x86_64-linux-gnu]
  collapse library dir [/lib/../lib] ==> [/lib]
  collapse library dir [/usr/lib/x86_64-linux-gnu] ==> [/usr/lib/x86_64-linux-gnu]
  collapse library dir [/usr/lib/../lib] ==> [/usr/lib]
  collapse library dir [/usr/lib/gcc/x86_64-linux-gnu/9/../../..] ==> [/usr/lib]
  implicit libs: [gcc;gcc_s;c;gcc;gcc_s]
  implicit dirs: [/usr/lib/gcc/x86_64-linux-gnu/9;/usr/lib/x86_64-linux-gnu;/usr/lib;/lib/x86_64-linux-gnu;/lib]
  implicit fwks: []


Determining if the CXX compiler works passed with the following output:
Change Dir: /home/zaina/catkin_ws/build_isolated/csm/devel/CMakeFiles/CMakeTmp

Run Build Command(s):/usr/bin/make cmTC_62816/fast && /usr/bin/make -f CMakeFiles/cmTC_62816.dir/build.make CMakeFiles/cmTC_62816.dir/build
make[1]: Entering directory '/home/zaina/catkin_ws/build_isolated/csm/devel/CMakeFiles/CMakeTmp'
Building CXX object CMakeFiles/cmTC_62816.dir/testCXXCompiler.cxx.o
/usr/bin/c++     -o CMakeFiles/cmTC_62816.dir/testCXXCompiler.cxx.o -c /home/zaina/catkin_ws/build_isolated/csm/devel/CMakeFiles/CMakeTmp/testCXXCompiler.cxx
Linking CXX executable cmTC_62816
/usr/bin/cmake -E cmake_link_script CMakeFiles/cmTC_62816.dir/link.txt --verbose=1
/usr/bin/c++       -rdynamic CMakeFiles/cmTC_62816.dir/testCXXCompiler.cxx.o  -o cmTC_62816 
make[1]: Leaving directory '/home/zaina/catkin_ws/build_isolated/csm/devel/CMakeFiles/CMakeTmp'



Detecting CXX compiler ABI info compiled with the following output:
Change Dir: /home/zaina/catkin_ws/build_isolated/csm/devel/CMakeFiles/CMakeTmp

Run Build Command(s):/usr/bin/make cmTC_be3e7/fast && /usr/bin/make -f CMakeFiles/cmTC_be3e7.dir/build.make CMakeFiles/cmTC_be3e7.dir/build
make[1]: Entering directory '/home/zaina/catkin_ws/build_isolated/csm/devel/CMakeFiles/CMakeTmp'
Building CXX object CMakeFiles/cmTC_be3e7.dir/CMakeCXXCompilerABI.cpp.o
/usr/bin/c++    -v -o CMakeFiles/cmTC_be3e7.dir/CMakeCXXCompilerABI.cpp.o -c /usr/share/cmake-3.16/Modules/CMakeCXXCompilerABI.cpp
Using built-in specs.
COLLECT_GCC=/usr/bin/c++
OFFLOAD_TARGET_NAMES=nvptx-none:hsa
OFFLOAD_TARGET_DEFAULT=1
Target: x86_64-linux-gnu
Configured with: ../src/configure -v --with-pkgversion='Ubuntu 9.4.0-1ubuntu1~20.04.2' --with-bugurl=file:///usr/share/doc/gcc-9/README.Bugs --enable-languages=c,ada,c++,go,brig,d,fortran,objc,obj-c++,gm2 --prefix=/usr --with-gcc-major-version-only --program-suffix=-9 --program-prefix=x86_64-linux-gnu- --enable-shared --enable-linker-build-id --libexecdir=/usr/lib --without-included-gettext --enable-threads=posix --libdir=/usr/lib --enable-nls --enable-clocale=gnu --enable-libstdcxx-debug --enable-libstdcxx-time=yes --with-default-libstdcxx-abi=new --enable-gnu-unique-object --disable-vtable-verify --enable-plugin --enable-default-pie --with-system-zlib --with-target-system-zlib=auto --enable-objc-gc=auto --enable-multiarch --disable-werror --with-arch-32=i686 --with-abi=m64 --with-multilib-list=m32,m64,mx32 --enable-multilib --with-tune=generic --enable-offload-targets=nvptx-none=/build/gcc-9-9QDOt0/gcc-9-9.4.0/debian/tmp-nvptx/usr,hsa --without-cuda-driver --enable-checking=release --build=x86_64-linux-gnu --host=x86_64-linux-gnu --target=x86_64-linux-gnu
Thread model: posix
gcc version 9.4.0 (Ubuntu 9.4.0-1ubuntu1~20.04.2) 
COLLECT_GCC_OPTIONS='-v' '-o' 'CMakeFiles/cmTC_be3e7.dir/CMakeCXXCompilerABI.cpp.o' '-c' '-shared-libgcc' '-mtune=generic' '-march=x86-64'
 /usr/lib/gcc/x86_64-linux-gnu/9/cc1plus -quiet -v -imultiarch x86_64-linux-gnu -D_GNU_SOURCE /usr/share/cmake-3.16/Modules/CMakeCXXCompilerABI.cpp -quiet -dumpbase CMakeCXXCompilerABI.cpp -mtune=generic -march=x86-64 -auxbase-strip CMakeFiles/cmTC_be3e7.dir/CMakeCXXCompilerABI.cpp.o -version -fasynchronous-unwind-tables -fstack-protector-strong -Wformat -Wformat-security -fstack-clash-protection -fcf-protection -o /tmp/ccij4CM3.s
GNU C++14 (Ubuntu 9.4.0-1ubuntu1~20.04.2) version 9.4.0 (x86_64-linux-gnu)
	compiled by GNU C version 9.4.0, GMP version 6.2.0, MPFR version 4.0.2, MPC version 1.1.0, isl version isl-0.22.1-GMP

GGC heuristics: --param ggc-min-expand=100 --param ggc-min-heapsize=131072
ignoring duplicate directory "/usr/include/x86_64-linux-gnu/c++/9"
ignoring nonexistent directory "/usr/local/include/x86_64-linux-gnu"
ignoring nonexistent directory "/usr/lib/gcc/x86_64-linux-gnu/9/include-fixed"
ignoring nonexistent directory "/usr/lib/gcc/x86_64-linux-gnu/9/../../../../x86_64-linux-gnu/include"
#include "..." search starts here:
#include <...> search starts here:
 /usr/include/c++/9
 /usr/include/x86_64-linux-gnu/c++/9
 /usr/include/c++/9/backward
 /usr/lib/gcc/x86_64-linux-gnu/9/include
 /usr/local/include
 /usr/include/x86_64-linux-gnu
 /usr/include
End of search list.
GNU C++14 (Ubuntu 9.4.0-1ubuntu1~20.04.2) version 9.4.0 (x86_64-linux-gnu)
	compiled by GNU C version 9.4.0, GMP version 6.2.0, MPFR version 4.0.2, MPC version 1.1.0, isl version isl-0.22.1-GMP

GGC heuristics: --param ggc-min-expand=100 --param ggc-min-heapsize=131072
Compiler executable checksum: 3d1eba838554fa2348dba760e4770469
COLLECT_GCC_OPTIONS='-v' '-o' 'CMakeFiles/cmTC_be3e7.dir/CMakeCXXCompilerABI.cpp.o' '-c' '-shared-libgcc' '-mtune=generic' '-march=x86-64'
 as -v --64 -o CMakeFiles/cmTC_be3e7.dir/CMakeCXXCompilerABI.cpp.o /tmp/ccij4CM3.s
GNU assembler version 2.34 (x86_64-linux-gnu) using BFD version (GNU Binutils for Ubuntu) 2.34
COMPILER_PATH=/usr/lib/gcc/x86_64-linux-gnu/9/:/usr/lib/gcc/x86_64-linux-gnu/9/:/usr/lib/gcc/x86_64-linux-gnu/:/usr/lib/gcc/x86_64-linux-gnu/9/:/usr/lib/gcc/x86_64-linux-gnu/
LIBRARY_PATH=/usr/lib/gcc/x86_64-linux-gnu/9/:/usr/lib/gcc/x86_64-linux-gnu/9/../../../x86_64-linux-gnu/:/usr/lib/gcc/x86_64-linux-gnu/9/../../../../lib/:/lib/x86_64-linux-gnu/:/lib/../lib/:/usr/lib/x86_64-linux-gnu/:/usr/lib/../lib/:/usr/lib/gcc/x86_64-linux-gnu/9/../../../:/lib/:/usr/lib/
COLLECT_GCC_OPTIONS='-v' '-o' 'CMakeFiles/cmTC_be3e7.dir/CMakeCXXCompilerABI.cpp.o' '-c' '-shared-libgcc' '-mtune=generic' '-march=x86-64'
Linking CXX executable cmTC_be3e7
/usr/bin/cmake -E cmake_link_script CMakeFiles/cmTC_be3e7.dir/link.txt --verbose=1
/usr/bin/c++      -v -rdynamic CMakeFiles/cmTC_be3e7.dir/CMakeCXXCompilerABI.cpp.o  -o cmTC_be3e7 
Using built-in specs.
COLLECT_GCC=/usr/bin/c++
COLLECT_LTO_WRAPPER=/usr/lib/gcc/x86_64-linux-gnu/9/lto-wrapper
OFFLOAD_TARGET_NAMES=nvptx-none:hsa
OFFLOAD_TARGET_DEFAULT=1
Target: x86_64-linux-gnu
Configured with: ../src/configure -v --with-pkgversion='Ubuntu 9.4.0-1ubuntu1~20.04.2' --with-bugurl=file:///usr/share/doc/gcc-9/README.Bugs --enable-languages=c,ada,c++,go,brig,d,fortran,objc,obj-c++,gm2 --prefix=/usr --with-gcc-major-version-only --program-suffix=-9 --program-prefix=x86_64-linux-gnu- --enable-shared --enable-linker-build-id --libexecdir=/usr/lib --without-included-gettext --enable-threads=posix --libdir=/usr/lib --enable-nls --enable-clocale=gnu --enable-libstdcxx-debug --enable-libstdcxx-time=yes --with-default-libstdcxx-abi=new --enable-gnu-unique-object --disable-vtable-verify --enable-plugin --enable-default-pie --with-system-zlib --with-target-system-zlib=auto --enable-objc-gc=auto --enable-multiarch --disable-werror --with-arch-32=i686 --with-abi=m64 --with-multilib-list=m32,m64,mx32 --enable-multilib --with-tune=generic --enable-offload-targets=nvptx-none=/build/gcc-9-9QDOt0/gcc-9-9.4.0/debian/tmp-nvptx/usr,hsa --without-cuda-driver --enable-checking=release --build=x86_64-linux-gnu --host=x86_64-linux-gnu --target=x86_64-linux-gnu
Thread model: posix
gcc version 9.4.0 (Ubuntu 9.4.0-1ubuntu1~20.04.2) 
COMPILER_PATH=/usr/lib/gcc/x86_64-linux-gnu/9/:/usr/lib/gcc/x86_64-linux-gnu/9/:/usr/lib/gcc/x86_64-linux-gnu/:/usr/lib/gcc/x86_64-linux-gnu/9/:/usr/lib/gcc/x86_64-linux-gnu/
LIBRARY_PATH=/usr/lib/gcc/x86_64-linux-gnu/9/:/usr/lib/gcc/x86_64-linux-gnu/9/../../../x86_64-linux-gnu/:/usr/lib/gcc/x86_64-linux-gnu/9/../../../../lib/:/lib/x86_64-linux-gnu/:/lib/../lib/:/usr/lib/x86_64-linux-gnu/:/usr/lib/../lib/:/usr/lib/gcc/x86_64-linux-gnu/9/../../../:/lib/:/usr/lib/
COLLECT_GCC_OPTIONS='-v' '-rdynamic' '-o' 'cmTC_be3e7' '-shared-libgcc' '-mtune=generic' '-march=x86-64'
 /usr/lib/gcc/x86_64-linux-gnu/9/collect2 -plugin /usr/lib/gcc/x86_64-linux-gnu/9/liblto_plugin.so -plugin-opt=/usr/lib/gcc/x86_64-linux-gnu/9/lto-wrapper -plugin-opt=-fresolution=/tmp/cc3ODR4A.res -plugin-opt=-pass-through=-lgcc_s -plugin-opt=-pass-through=-lgcc -plugin-opt=-pass-through=-lc -plugin-opt=-pass-through=-lgcc_s -plugin-opt=-pass-through=-lgcc --build-id --eh-frame-hdr -m elf_x86_64 --hash-style=gnu --as-needed -export-dynamic -dynamic-linker /lib64/ld-linux-x86-64.so.2 -pie -z now -z relro -o cmTC_be3e7 /usr/lib/gcc/x86_64-linux-gnu/9/../../../x86_64-linux-gnu/Scrt1.o /usr/lib/gcc/x86_64-linux-gnu/9/../../../x86_64-linux-gnu/crti.o /usr/lib/gcc/x86_64-linux-gnu/9/crtbeginS.o -L/usr/lib/gcc/x86_64-linux-gnu/9 -L/usr/lib/gcc/x86_64-linux-gnu/9/../../../x86_64-linux-gnu -L/usr/lib/gcc/x86_64-linux-gnu/9/../../../../lib -L/lib/x86_64-linux-gnu -L/lib/../lib -L/usr/lib/x86_64-linux-gnu -L/usr/lib/../lib -L/usr/lib/gcc/x86_64-linux-gnu/9/../../.. CMakeFiles/cmTC_be3e7.dir/CMakeCXXCompilerABI.cpp.o -lstdc++ -lm -lgcc_s -lgcc -lc -lgcc_s -lgcc /usr/lib/gcc/x86_64-linux-gnu/9/crtendS.o /usr/lib/gcc/x86_64-linux-gnu/9/../../../x86_64-linux-gnu/crtn.o
COLLECT_GCC_OPTIONS='-v' '-rdynamic' '-o' 'cmTC_be3e7' '-shared-libgcc' '-mtune=generic' '-march=x86-64'
make[1]: Leaving directory '/home/zaina/catkin_ws/build_isolated/csm/devel/CMakeFiles/CMakeTmp'



Parsed CXX implicit include dir info from above output: rv=done
  found start of include info
  found start of implicit include info
    add: [/usr/include/c++/9]
    add: [/usr/include/x86_64-linux-gnu/c++/9]
    add: [/usr/include/c++/9/backward]
    add: [/usr/lib/gcc/x86_64-linux-gnu/9/include]
    add: [/usr/local/include]
    add: [/usr/include/x86_64-linux-gnu]
    add: [/usr/include]
  end of search list found
  collapse include dir [/usr/include/c++/9] ==> [/usr/include/c++/9]
  collapse include dir [/usr/include/x86_64-linux-gnu/c++/9] ==> [/usr/include/x86_64-linux-gnu/c++/9]
  collapse include dir [/usr/include/c++/9/backward] ==> [/usr/include/c++/9/backward]
  collapse include dir [/usr/lib/gcc/x86_64-linux-gnu/9/include] ==> [/usr/lib/gcc/x86_64-linux-gnu/9/include]
  collapse include dir [/usr/local/include] ==> [/usr/local/include]
  collapse include dir [/usr/include/x86_64-linux-gnu] ==> [/usr/include/x86_64-linux-gnu]
  collapse include dir [/usr/include] ==> [/usr/include]
  implicit include dirs: [/usr/include/c++/9;/usr/include/x86_64-linux-gnu/c++/9;/usr/include/c++/9/backward;/usr/lib/gcc/x86_64-linux-gnu/9/include;/usr/local/include;/usr/include/x86_64-linux-gnu;/usr/include]


Parsed CXX implicit link information from above output:
  link line regex: [^( *|.*[/\])(ld|CMAKE_LINK_STARTFILE-NOTFOUND|([^/\]+-)?ld|collect2)[^/\]*( |$)]
  ignore line: [Change Dir: /home/zaina/catkin_ws/build_isolated/csm/devel/CMakeFiles/CMakeTmp]
  ignore line: []
  ignore line: [Run Build Command(s):/usr/bin/make cmTC_be3e7/fast && /usr/bin/make -f CMakeFiles/cmTC_be3e7.dir/build.make CMakeFiles/cmTC_be3e7.dir/build]
  ignore line: [make[1]: Entering directory '/home/zaina/catkin_ws/build_isolated/csm/devel/CMakeFiles/CMakeTmp']
  ignore line: [Building CXX object CMakeFiles/cmTC_be3e7.dir/CMakeCXXCompilerABI.cpp.o]
  ignore line: [/usr/bin/c++    -v -o CMakeFiles/cmTC_be3e7.dir/CMakeCXXCompilerABI.cpp.o -c /usr/share/cmake-3.16/Modules/CMakeCXXCompilerABI.cpp]
  ignore line: [Using built-in specs.]
  ignore line: [COLLECT_GCC=/usr/bin/c++]
  ignore line: [OFFLOAD_TARGET_NAMES=nvptx-none:hsa]
  ignore line: [OFFLOAD_TARGET_DEFAULT=1]
  ignore line: [Target: x86_64-linux-gnu]
  ignore line: [Configured with: ../src/configure -v --with-pkgversion='Ubuntu 9.4.0-1ubuntu1~20.04.2' --with-bugurl=file:///usr/share/doc/gcc-9/README.Bugs --enable-languages=c ada c++ go brig d fortran objc obj-c++ gm2 --prefix=/usr --with-gcc-major-version-only --program-suffix=-9 --program-prefix=x86_64-linux-gnu- --enable-shared --enable-linker-build-id --libexecdir=/usr/lib --without-included-gettext --enable-threads=posix --libdir=/usr/lib --enable-nls --enable-clocale=gnu --enable-libstdcxx-debug --enable-libstdcxx-time=yes --with-default-libstdcxx-abi=new --enable-gnu-unique-object --disable-vtable-verify --enable-plugin --enable-default-pie --with-system-zlib --with-target-system-zlib=auto --enable-objc-gc=auto --enable-multiarch --disable-werror --with-arch-32=i686 --with-abi=m64 --with-multilib-list=m32 m64 mx32 --enable-multilib --with-tune=generic --enable-offload-targets=nvptx-none=/build/gcc-9-9QDOt0/gcc-9-9.4.0/debian/tmp-nvptx/usr hsa --without-cuda-driver --enable-checking=release --build=x86_64-linux-gnu --host=x86_64-linux-gnu --target=x86_64-linux-gnu]
  ignore line: [Thread model: posix]
  ignore line: [gcc version 9.4.0 (Ubuntu 9.4.0-1ubuntu1~20.04.2) ]
  ignore line: [COLLECT_GCC_OPTIONS='-v' '-o' 'CMakeFiles/cmTC_be3e7.dir/CMakeCXXCompilerABI.cpp.o' '-c' '-shared-libgcc' '-mtune=generic' '-march=x86-64']
  ignore line: [ /usr/lib/gcc/x86_64-linux-gnu/9/cc1plus -quiet -v -imultiarch x86_64-linux-gnu -D_GNU_SOURCE /usr/share/cmake-3.16/Modules/CMakeCXXCompilerABI.cpp -quiet -dumpbase CMakeCXXCompilerABI.cpp -mtune=generic -march=x86-64 -auxbase-strip CMakeFiles/cmTC_be3e7.dir/CMakeCXXCompilerABI.cpp.o -version -fasynchronous-unwind-tables -fstack-protector-strong -Wformat -Wformat-security -fstack-clash-protection -fcf-protection -o /tmp/ccij4CM3.s]
  ignore line: [GNU C++14 (Ubuntu 9.4.0-1ubuntu1~20.04.2) version 9.4.0 (x86_64-linux-gnu)]
  ignore line: [	compiled by GNU C version 9.4.0  GMP version 6.2.0  MPFR version 4.0.2  MPC version 1.1.0  isl version isl-0.22.1-GMP]
  ignore line: []
  ignore line: [GGC heuristics: --param ggc-min-expand=100 --param ggc-min-heapsize=131072]
  ignore line: [ignoring duplicate directory "/usr/include/x86_64-linux-gnu/c++/9"]
  ignore line: [ignoring nonexistent directory "/usr/local/include/x86_64-linux-gnu"]
  ignore line: [ignoring nonexistent directory "/usr/lib/gcc/x86_64-linux-gnu/9/include-fixed"]
  ignore line: [ignoring nonexistent directory "/usr/lib/gcc/x86_64-linux-gnu/9/../../../../x86_64-linux-gnu/include"]
  ignore line: [#include "..." search starts here:]
  ignore line: [#include <...> search starts here:]
  ignore line: [ /usr/include/c++/9]
  ignore line: [ /usr/include/x86_64-linux-gnu/c++/9]
  ignore line: [ /usr/include/c++/9/backward]
  ignore line: [ /usr/lib/gcc/x86_64-linux-gnu/9/include]
  ignore line: [ /usr/local/include]
  ignore line: [ /usr/include/x86_64-linux-gnu]
  ignore line: [ /usr/include]
  ignore line: [End of search list.]
  ignore line: [GNU C++14 (Ubuntu 9.4.0-1ubuntu1~20.04.2) version 9.4.0 (x86_64-linux-gnu)]
  ignore line: [	compiled by GNU C version 9.4.0  GMP version 6.2.0  MPFR version 4.0.2  MPC version 1.1.0  isl version isl-0.22.1-GMP]
  ignore line: []
  ignore line: [GGC heuristics: --param ggc-min-expand=100 --param ggc-min-heapsize=131072]
  ignore line: [Compiler executable checksum: 3d1eba838554fa2348dba760e4770469]
  ignore line: [COLLECT_GCC_OPTIONS='-v' '-o' 'CMakeFiles/cmTC_be3e7.dir/CMakeCXXCompilerABI.cpp.o' '-c' '-shared-libgcc' '-mtune=generic' '-march=x86-64']
  ignore line: [ as -v --64 -o CMakeFiles/cmTC_be3e7.dir/CMakeCXXCompilerABI.cpp.o /tmp/ccij4CM3.s]
  ignore line: [GNU assembler version 2.34 (x86_64-linux-gnu) using BFD version (GNU Binutils for Ubuntu) 2.34]
  ignore line: [COMPILER_PATH=/usr/lib/gcc/x86_64-linux-gnu/9/:/usr/lib/gcc/x86_64-linux-gnu/9/:/usr/lib/gcc/x86_64-linux-gnu/:/usr/lib/gcc/x86_64-linux-gnu/9/:/usr/lib/gcc/x86_64-linux-gnu/]
  ignore line: [LIBRARY_PATH=/usr/lib/gcc/x86_64-linux-gnu/9/:/usr/lib/gcc/x86_64-linux-gnu/9/../../../x86_64-linux-gnu/:/usr/lib/gcc/x86_64-linux-gnu/9/../../../../lib/:/lib/x86_64-linux-gnu/:/lib/../lib/:/usr/lib/x86_64-linux-gnu/:/usr/lib/../lib/:/usr/lib/gcc/x86_64-linux-gnu/9/../../../:/lib/:/usr/lib/]
  ignore line: [COLLECT_GCC_OPTIONS='-v' '-o' 'CMakeFiles/cmTC_be3e7.dir/CMakeCXXCompilerABI.cpp.o' '-c' '-shared-libgcc' '-mtune=generic' '-march=x86-64']
  ignore line: [Linking CXX executable cmTC_be3e7]
  ignore line: [/usr/bin/cmake -E cmake_link_script CMakeFiles/cmTC_be3e7.dir/link.txt --verbose=1]
  ignore line: [/usr/bin/c++      -v -rdynamic CMakeFiles/cmTC_be3e7.dir/CMakeCXXCompilerABI.cpp.o  -o cmTC_be3e7 ]
  ignore line: [Using built-in specs.]
  ignore line: [COLLECT_GCC=/usr/bin/c++]
  ignore line: [COLLECT_LTO_WRAPPER=/usr/lib/gcc/x86_64-linux-gnu/9/lto-wrapper]
  ignore line: [OFFLOAD_TARGET_NAMES=nvptx-none:hsa]
  ignore line: [OFFLOAD_TARGET_DEFAULT=1]
  ignore line: [Target: x86_64-linux-gnu]
  ignore line: [Configured with: ../src/configure -v --with-pkgversion='Ubuntu 9.4.0-1ubuntu1~20.04.2' --with-bugurl=file:///usr/share/doc/gcc-9/README.Bugs --enable-languages=c ada c++ go brig d fortran objc obj-c++ gm2 --prefix=/usr --with-gcc-major-version-only --program-suffix=-9 --program-prefix=x86_64-linux-gnu- --enable-shared --enable-linker-build-id --libexecdir=/usr/lib --without-included-gettext --enable-threads=posix --libdir=/usr/lib --enable-nls --enable-clocale=gnu --enable-libstdcxx-debug --enable-libstdcxx-time=yes --with-default-libstdcxx-abi=new --enable-gnu-unique-object --disable-vtable-verify --enable-plugin --enable-default-pie --with-system-zlib --with-target-system-zlib=auto --enable-objc-gc=auto --enable-multiarch --disable-werror --with-arch-32=i686 --with-abi=m64 --with-multilib-list=m32 m64 mx32 --enable-multilib --with-tune=generic --enable-offload-targets=nvptx-none=/build/gcc-9-9QDOt0/gcc-9-9.4.0/debian/tmp-nvptx/usr hsa --without-cuda-driver --enable-checking=release --build=x86_64-linux-gnu --host=x86_64-linux-gnu --target=x86_64-linux-gnu]
  ignore line: [Thread model: posix]
  ignore line: [gcc version 9.4.0 (Ubuntu 9.4.0-1ubuntu1~20.04.2) ]
  ignore line: [COMPILER_PATH=/usr/lib/gcc/x86_64-linux-gnu/9/:/usr/lib/gcc/x86_64-linux-gnu/9/:/usr/lib/gcc/x86_64-linux-gnu/:/usr/lib/gcc/x86_64-linux-gnu/9/:/usr/lib/gcc/x86_64-linux-gnu/]
  ignore line: [LIBRARY_PATH=/usr/lib/gcc/x86_64-linux-gnu/9/:/usr/lib/gcc/x86_64-linux-gnu/9/../../../x86_64-linux-gnu/:/usr/lib/gcc/x86_64-linux-gnu/9/../../../../lib/:/lib/x86_64-linux-gnu/:/lib/../lib/:/usr/lib/x86_64-linux-gnu/:/usr/lib/../lib/:/usr/lib/gcc/x86_64-linux-gnu/9/../../../:/lib/:/usr/lib/]
  ignore line: [COLLECT_GCC_OPTIONS='-v' '-rdynamic' '-o' 'cmTC_be3e7' '-shared-libgcc' '-mtune=generic' '-march=x86-64']
  link line: [ /usr/lib/gcc/x86_64-linux-gnu/9/collect2 -plugin /usr/lib/gcc/x86_64-linux-gnu/9/liblto_plugin.so -plugin-opt=/usr/lib/gcc/x86_64-linux-gnu/9/lto-wrapper -plugin-opt=-fresolution=/tmp/cc3ODR4A.res -plugin-opt=-pass-through=-lgcc_s -plugin-opt=-pass-through=-lgcc -plugin-opt=-pass-through=-lc -plugin-opt=-pass-through=-lgcc_s -plugin-opt=-pass-through=-lgcc --build-id --eh-frame-hdr -m elf_x86_64 --hash-style=gnu --as-needed -export-dynamic -dynamic-linker /lib64/ld-linux-x86-64.so.2 -pie -z now -z relro -o cmTC_be3e7 /usr/lib/gcc/x86_64-linux-gnu/9/../../../x86_64-linux-gnu/Scrt1.o /usr/lib/gcc/x86_64-linux-gnu/9/../../../x86_64-linux-gnu/crti.o /usr/lib/gcc/x86_64-linux-gnu/9/crtbeginS.o -L/usr/lib/gcc/x86_64-linux-gnu/9 -L/usr/lib/gcc/x86_64-linux-gnu/9/../../../x86_64-linux-gnu -L/usr/lib/gcc/x86_64-linux-gnu/9/../../../../lib -L/lib/x86_64-linux-gnu -L/lib/../lib -L/usr/lib/x86_64-linux-gnu -L/usr/lib/../lib -L/usr/lib/gcc/x86_64-linux-gnu/9/../../.. CMakeFiles/cmTC_be3e7.dir/CMakeCXXCompilerABI.cpp.o -lstdc++ -lm -lgcc_s -lgcc -lc -lgcc_s -lgcc /usr/lib/gcc/x86_64-linux-gnu/9/crtendS.o /usr/lib/gcc/x86_64-linux-gnu/9/../../../x86_64-linux-gnu/crtn.o]
    arg [/usr/lib/gcc/x86_64-linux-gnu/9/collect2] ==> ignore
    arg [-plugin] ==> ignore
    arg [/usr/lib/gcc/x86_64-linux-gnu/9/liblto_plugin.so] ==> ignore
    arg [-plugin-opt=/usr/lib/gcc/x86_64-linux-gnu/9/lto-wrapper] ==> ignore
    arg [-plugin-opt=-fresolution=/tmp/cc3ODR4A.res] ==> ignore
    arg [-plugin-opt=-pass-through=-lgcc_s] ==> ignore
    arg [-plugin-opt=-pass-through=-lgcc] ==> ignore
    arg [-plugin-opt=-pass-through=-lc] ==> ignore
    arg [-plugin-opt=-pass-through=-lgcc_s] ==> ignore
    arg [-plugin-opt=-pass-through=-lgcc] ==> ignore
    arg [--build-id] ==> ignore
    arg [--eh-frame-hdr] ==> ignore
    arg [-m] ==> ignore
    arg [elf_x86_64] ==> ignore
    arg [--hash-style=gnu] ==> ignore
    arg [--as-needed] ==> ignore
    arg [-export-dynamic] ==> ignore
    arg [-dynamic-linker] ==> ignore
    arg [/lib64/ld-linux-x86-64.so.2] ==> ignore
    arg [-pie] ==> ignore
    arg [-znow] ==> ignore
    arg [-zrelro] ==> ignore
    arg [-o] ==> ignore
    arg [cmTC_be3e7] ==> ignore
    arg [/usr/lib/gcc/x86_64-linux-gnu/9/../../../x86_64-linux-gnu/Scrt1.o] ==> ignore
    arg [/usr/lib/gcc/x86_64-linux-gnu/9/../../../x86_64-linux-gnu/crti.o] ==> ignore
    arg [/usr/lib/gcc/x86_64-linux-gnu/9/crtbeginS.o] ==> ignore
    arg [-L/usr/lib/gcc/x86_64-linux-gnu/9] ==> dir [/usr/lib/gcc/x86_64-linux-gnu/9]
    arg [-L/usr/lib/gcc/x86_64-linux-gnu/9/../../../x86_64-linux-gnu] ==> dir [/usr/lib/gcc/x86_64-linux-gnu/9/../../../x86_64-linux-gnu]
    arg [-L/usr/lib/gcc/x86_64-linux-gnu/9/../../../../lib] ==> dir [/usr/lib/gcc/x86_64-linux-gnu/9/../../../../lib]
    arg [-L/lib/x86_64-linux-gnu] ==> dir [/lib/x86_64-linux-gnu]
    arg [-L/lib/../lib] ==> dir [/lib/../lib]
    arg [-L/usr/lib/x86_64-linux-gnu] ==> dir [/usr/lib/x86_64-linux-gnu]
    arg [-L/usr/lib/../lib] ==> dir [/usr/lib/../lib]
    arg [-L/usr/lib/gcc/x86_64-linux-gnu/9/../../..] ==> dir [/usr/lib/gcc/x86_64-linux-gnu/9/../../..]
    arg [CMakeFiles/cmTC_be3e7.dir/CMakeCXXCompilerABI.cpp.o] ==> ignore
    arg [-lstdc++] ==> lib [stdc++]
    arg [-lm] ==> lib [m]
    arg [-lgcc_s] ==> lib [gcc_s]
    arg [-lgcc] ==> lib [gcc]
    arg [-lc] ==> lib [c]
    arg [-lgcc_s] ==> lib [gcc_s]
    arg [-lgcc] ==> lib [gcc]
    arg [/usr/lib/gcc/x86_64-linux-gnu/9/crtendS.o] ==> ignore
    arg [/usr/lib/gcc/x86_64-linux-gnu/9/../../../x86_64-linux-gnu/crtn.o] ==> ignore
  collapse library dir [/usr/lib/gcc/x86_64-linux-gnu/9] ==> [/usr/lib/gcc/x86_64-linux-gnu/9]
  collapse library dir [/usr/lib/gcc/x86_64-linux-gnu/9/../../../x86_64-linux-gnu] ==> [/usr/lib/x86_64-linux-gnu]
  collapse library dir [/usr/lib/gcc/x86_64-linux-gnu/9/../../../../lib] ==> [/usr/lib]
  collapse library dir [/lib/x86_64-linux-gnu] ==> [/lib/x86_64-linux-gnu]
  collapse library dir [/lib/../lib] ==> [/lib]
  collapse library dir [/usr/lib/x86_64-linux-gnu] ==> [/usr/lib/x86_64-linux-gnu]
  collapse library dir [/usr/lib/../lib] ==> [/usr/lib]
  collapse library dir [/usr/lib/gcc/x86_64-linux-gnu/9/../../..] ==> [/usr/lib]
  implicit libs: [stdc++;m;gcc_s;gcc;c;gcc_s;gcc]
  implicit dirs: [/usr/lib/gcc/x86_64-linux-gnu/9;/usr/lib/x86_64-linux-gnu;/usr/lib;/lib/x86_64-linux-gnu;/lib]
  implicit fwks: []


Determining if the include file fcntl.h exists passed with the following output:
Change Dir: /home/zaina/catkin_ws/build_isolated/csm/devel/CMakeFiles/CMakeTmp

Run Build Command(s):/usr/bin/make cmTC_c3093/fast && /usr/bin/make -f CMakeFiles/cmTC_c3093.dir/build.make CMakeFiles/cmTC_c3093.dir/build
make[1]: Entering directory '/home/zaina/catkin_ws/build_isolated/csm/devel/CMakeFiles/CMakeTmp'
Building C object CMakeFiles/cmTC_c3093.dir/CheckIncludeFile.c.o
/usr/bin/cc   -I/usr/include  -I/usr/include/cairo -std=c99 -fPIC -ggdb -Wall    -o CMakeFiles/cmTC_c3093.dir/CheckIncludeFile.c.o   -c /home/zaina/catkin_ws/build_isolated/csm/devel/CMakeFiles/CMakeTmp/CheckIncludeFile.c
Linking C executable cmTC_c3093
/usr/bin/cmake -E cmake_link_script CMakeFiles/cmTC_c3093.dir/link.txt --verbose=1
/usr/bin/cc   -I/usr/include  -I/usr/include/cairo -std=c99 -fPIC -ggdb -Wall     -rdynamic CMakeFiles/cmTC_c3093.dir/CheckIncludeFile.c.o  -o cmTC_c3093 
make[1]: Leaving directory '/home/zaina/catkin_ws/build_isolated/csm/devel/CMakeFiles/CMakeTmp'



Determining if the include file inttypes.h exists passed with the following output:
Change Dir: /home/zaina/catkin_ws/build_isolated/csm/devel/CMakeFiles/CMakeTmp

Run Build Command(s):/usr/bin/make cmTC_22f77/fast && /usr/bin/make -f CMakeFiles/cmTC_22f77.dir/build.make CMakeFiles/cmTC_22f77.dir/build
make[1]: Entering directory '/home/zaina/catkin_ws/build_isolated/csm/devel/CMakeFiles/CMakeTmp'
Building C object CMakeFiles/cmTC_22f77.dir/CheckIncludeFile.c.o
/usr/bin/cc   -I/usr/include  -I/usr/include/cairo -std=c99 -fPIC -ggdb -Wall    -o CMakeFiles/cmTC_22f77.dir/CheckIncludeFile.c.o   -c /home/zaina/catkin_ws/build_isolated/csm/devel/CMakeFiles/CMakeTmp/CheckIncludeFile.c
Linking C executable cmTC_22f77
/usr/bin/cmake -E cmake_link_script CMakeFiles/cmTC_22f77.dir/link.txt --verbose=1
/usr/bin/cc   -I/usr/include  -I/usr/include/cairo -std=c99 -fPIC -ggdb -Wall     -rdynamic CMakeFiles/cmTC_22f77.dir/CheckIncludeFile.c.o  -o cmTC_22f77 
make[1]: Leaving directory '/home/zaina/catkin_ws/build_isolated/csm/devel/CMakeFiles/CMakeTmp'



Determining if the include file limits.h exists passed with the following output:
Change Dir: /home/zaina/catkin_ws/build_isolated/csm/devel/CMakeFiles/CMakeTmp

Run Build Command(s):/usr/bin/make cmTC_57127/fast && /usr/bin/make -f CMakeFiles/cmTC_57127.dir/build.make CMakeFiles/cmTC_57127.dir/build
make[1]: Entering directory '/home/zaina/catkin_ws/build_isolated/csm/devel/CMakeFiles/CMakeTmp'
Building C object CMakeFiles/cmTC_57127.dir/CheckIncludeFile.c.o
/usr/bin/cc   -I/usr/include  -I/usr/include/cairo -std=c99 -fPIC -ggdb -Wall    -o CMakeFiles/cmTC_57127.dir/CheckIncludeFile.c.o   -c /home/zaina/catkin_ws/build_isolated/csm/devel/CMakeFiles/CMakeTmp/CheckIncludeFile.c
Linking C executable cmTC_57127
/usr/bin/cmake -E cmake_link_script CMakeFiles/cmTC_57127.dir/link.txt --verbose=1
/usr/bin/cc   -I/usr/include  -I/usr/include/cairo -std=c99 -fPIC -ggdb -Wall     -rdynamic CMakeFiles/cmTC_57127.dir/CheckIncludeFile.c.o  -o cmTC_57127 
make[1]: Leaving directory '/home/zaina/catkin_ws/build_isolated/csm/devel/CMakeFiles/CMakeTmp'



Determining if the include file memory.h exists passed with the following output:
Change Dir: /home/zaina/catkin_ws/build_isolated/csm/devel/CMakeFiles/CMakeTmp

Run Build Command(s):/usr/bin/make cmTC_d41a6/fast && /usr/bin/make -f CMakeFiles/cmTC_d41a6.dir/build.make CMakeFiles/cmTC_d41a6.dir/build
make[1]: Entering directory '/home/zaina/catkin_ws/build_isolated/csm/devel/CMakeFiles/CMakeTmp'
Building C object CMakeFiles/cmTC_d41a6.dir/CheckIncludeFile.c.o
/usr/bin/cc   -I/usr/include  -I/usr/include/cairo -std=c99 -fPIC -ggdb -Wall    -o CMakeFiles/cmTC_d41a6.dir/CheckIncludeFile.c.o   -c /home/zaina/catkin_ws/build_isolated/csm/devel/CMakeFiles/CMakeTmp/CheckIncludeFile.c
Linking C executable cmTC_d41a6
/usr/bin/cmake -E cmake_link_script CMakeFiles/cmTC_d41a6.dir/link.txt --verbose=1
/usr/bin/cc   -I/usr/include  -I/usr/include/cairo -std=c99 -fPIC -ggdb -Wall     -rdynamic CMakeFiles/cmTC_d41a6.dir/CheckIncludeFile.c.o  -o cmTC_d41a6 
make[1]: Leaving directory '/home/zaina/catkin_ws/build_isolated/csm/devel/CMakeFiles/CMakeTmp'



Determining if the include file stdarg.h exists passed with the following output:
Change Dir: /home/zaina/catkin_ws/build_isolated/csm/devel/CMakeFiles/CMakeTmp

Run Build Command(s):/usr/bin/make cmTC_c3195/fast && /usr/bin/make -f CMakeFiles/cmTC_c3195.dir/build.make CMakeFiles/cmTC_c3195.dir/build
make[1]: Entering directory '/home/zaina/catkin_ws/build_isolated/csm/devel/CMakeFiles/CMakeTmp'
Building C object CMakeFiles/cmTC_c3195.dir/CheckIncludeFile.c.o
/usr/bin/cc   -I/usr/include  -I/usr/include/cairo -std=c99 -fPIC -ggdb -Wall    -o CMakeFiles/cmTC_c3195.dir/CheckIncludeFile.c.o   -c /home/zaina/catkin_ws/build_isolated/csm/devel/CMakeFiles/CMakeTmp/CheckIncludeFile.c
Linking C executable cmTC_c3195
/usr/bin/cmake -E cmake_link_script CMakeFiles/cmTC_c3195.dir/link.txt --verbose=1
/usr/bin/cc   -I/usr/include  -I/usr/include/cairo -std=c99 -fPIC -ggdb -Wall     -rdynamic CMakeFiles/cmTC_c3195.dir/CheckIncludeFile.c.o  -o cmTC_c3195 
make[1]: Leaving directory '/home/zaina/catkin_ws/build_isolated/csm/devel/CMakeFiles/CMakeTmp'



Determining if the include file stdint.h exists passed with the following output:
Change Dir: /home/zaina/catkin_ws/build_isolated/csm/devel/CMakeFiles/CMakeTmp

Run Build Command(s):/usr/bin/make cmTC_00753/fast && /usr/bin/make -f CMakeFiles/cmTC_00753.dir/build.make CMakeFiles/cmTC_00753.dir/build
make[1]: Entering directory '/home/zaina/catkin_ws/build_isolated/csm/devel/CMakeFiles/CMakeTmp'
Building C object CMakeFiles/cmTC_00753.dir/CheckIncludeFile.c.o
/usr/bin/cc   -I/usr/include  -I/usr/include/cairo -std=c99 -fPIC -ggdb -Wall    -o CMakeFiles/cmTC_00753.dir/CheckIncludeFile.c.o   -c /home/zaina/catkin_ws/build_isolated/csm/devel/CMakeFiles/CMakeTmp/CheckIncludeFile.c
Linking C executable cmTC_00753
/usr/bin/cmake -E cmake_link_script CMakeFiles/cmTC_00753.dir/link.txt --verbose=1
/usr/bin/cc   -I/usr/include  -I/usr/include/cairo -std=c99 -fPIC -ggdb -Wall     -rdynamic CMakeFiles/cmTC_00753.dir/CheckIncludeFile.c.o  -o cmTC_00753 
make[1]: Leaving directory '/home/zaina/catkin_ws/build_isolated/csm/devel/CMakeFiles/CMakeTmp'



Determining if the include file stdlib.h exists passed with the following output:
Change Dir: /home/zaina/catkin_ws/build_isolated/csm/devel/CMakeFiles/CMakeTmp

Run Build Command(s):/usr/bin/make cmTC_b3c7a/fast && /usr/bin/make -f CMakeFiles/cmTC_b3c7a.dir/build.make CMakeFiles/cmTC_b3c7a.dir/build
make[1]: Entering directory '/home/zaina/catkin_ws/build_isolated/csm/devel/CMakeFiles/CMakeTmp'
Building C object CMakeFiles/cmTC_b3c7a.dir/CheckIncludeFile.c.o
/usr/bin/cc   -I/usr/include  -I/usr/include/cairo -std=c99 -fPIC -ggdb -Wall    -o CMakeFiles/cmTC_b3c7a.dir/CheckIncludeFile.c.o   -c /home/zaina/catkin_ws/build_isolated/csm/devel/CMakeFiles/CMakeTmp/CheckIncludeFile.c
Linking C executable cmTC_b3c7a
/usr/bin/cmake -E cmake_link_script CMakeFiles/cmTC_b3c7a.dir/link.txt --verbose=1
/usr/bin/cc   -I/usr/include  -I/usr/include/cairo -std=c99 -fPIC -ggdb -Wall     -rdynamic CMakeFiles/cmTC_b3c7a.dir/CheckIncludeFile.c.o  -o cmTC_b3c7a 
make[1]: Leaving directory '/home/zaina/catkin_ws/build_isolated/csm/devel/CMakeFiles/CMakeTmp'



Determining if the include file strings.h exists passed with the following output:
Change Dir: /home/zaina/catkin_ws/build_isolated/csm/devel/CMakeFiles/CMakeTmp

Run Build Command(s):/usr/bin/make cmTC_df793/fast && /usr/bin/make -f CMakeFiles/cmTC_df793.dir/build.make CMakeFiles/cmTC_df793.dir/build
make[1]: Entering directory '/home/zaina/catkin_ws/build_isolated/csm/devel/CMakeFiles/CMakeTmp'
Building C object CMakeFiles/cmTC_df793.dir/CheckIncludeFile.c.o
/usr/bin/cc   -I/usr/include  -I/usr/include/cairo -std=c99 -fPIC -ggdb -Wall    -o CMakeFiles/cmTC_df793.dir/CheckIncludeFile.c.o   -c /home/zaina/catkin_ws/build_isolated/csm/devel/CMakeFiles/CMakeTmp/CheckIncludeFile.c
Linking C executable cmTC_df793
/usr/bin/cmake -E cmake_link_script CMakeFiles/cmTC_df793.dir/link.txt --verbose=1
/usr/bin/cc   -I/usr/include  -I/usr/include/cairo -std=c99 -fPIC -ggdb -Wall     -rdynamic CMakeFiles/cmTC_df793.dir/CheckIncludeFile.c.o  -o cmTC_df793 
make[1]: Leaving directory '/home/zaina/catkin_ws/build_isolated/csm/devel/CMakeFiles/CMakeTmp'



Determining if the include file string.h exists passed with the following output:
Change Dir: /home/zaina/catkin_ws/build_isolated/csm/devel/CMakeFiles/CMakeTmp

Run Build Command(s):/usr/bin/make cmTC_1235b/fast && /usr/bin/make -f CMakeFiles/cmTC_1235b.dir/build.make CMakeFiles/cmTC_1235b.dir/build
make[1]: Entering directory '/home/zaina/catkin_ws/build_isolated/csm/devel/CMakeFiles/CMakeTmp'
Building C object CMakeFiles/cmTC_1235b.dir/CheckIncludeFile.c.o
/usr/bin/cc   -I/usr/include  -I/usr/include/cairo -std=c99 -fPIC -ggdb -Wall    -o CMakeFiles/cmTC_1235b.dir/CheckIncludeFile.c.o   -c /home/zaina/catkin_ws/build_isolated/csm/devel/CMakeFiles/CMakeTmp/CheckIncludeFile.c
Linking C executable cmTC_1235b
/usr/bin/cmake -E cmake_link_script CMakeFiles/cmTC_1235b.dir/link.txt --verbose=1
/usr/bin/cc   -I/usr/include  -I/usr/include/cairo -std=c99 -fPIC -ggdb -Wall     -rdynamic CMakeFiles/cmTC_1235b.dir/CheckIncludeFile.c.o  -o cmTC_1235b 
make[1]: Leaving directory '/home/zaina/catkin_ws/build_isolated/csm/devel/CMakeFiles/CMakeTmp'



Determining if the include file syslog.h exists passed with the following output:
Change Dir: /home/zaina/catkin_ws/build_isolated/csm/devel/CMakeFiles/CMakeTmp

Run Build Command(s):/usr/bin/make cmTC_beaf4/fast && /usr/bin/make -f CMakeFiles/cmTC_beaf4.dir/build.make CMakeFiles/cmTC_beaf4.dir/build
make[1]: Entering directory '/home/zaina/catkin_ws/build_isolated/csm/devel/CMakeFiles/CMakeTmp'
Building C object CMakeFiles/cmTC_beaf4.dir/CheckIncludeFile.c.o
/usr/bin/cc   -I/usr/include  -I/usr/include/cairo -std=c99 -fPIC -ggdb -Wall    -o CMakeFiles/cmTC_beaf4.dir/CheckIncludeFile.c.o   -c /home/zaina/catkin_ws/build_isolated/csm/devel/CMakeFiles/CMakeTmp/CheckIncludeFile.c
Linking C executable cmTC_beaf4
/usr/bin/cmake -E cmake_link_script CMakeFiles/cmTC_beaf4.dir/link.txt --verbose=1
/usr/bin/cc   -I/usr/include  -I/usr/include/cairo -std=c99 -fPIC -ggdb -Wall     -rdynamic CMakeFiles/cmTC_beaf4.dir/CheckIncludeFile.c.o  -o cmTC_beaf4 
make[1]: Leaving directory '/home/zaina/catkin_ws/build_isolated/csm/devel/CMakeFiles/CMakeTmp'



Determining if the include file sys/param.h exists passed with the following output:
Change Dir: /home/zaina/catkin_ws/build_isolated/csm/devel/CMakeFiles/CMakeTmp

Run Build Command(s):/usr/bin/make cmTC_7c135/fast && /usr/bin/make -f CMakeFiles/cmTC_7c135.dir/build.make CMakeFiles/cmTC_7c135.dir/build
make[1]: Entering directory '/home/zaina/catkin_ws/build_isolated/csm/devel/CMakeFiles/CMakeTmp'
Building C object CMakeFiles/cmTC_7c135.dir/CheckIncludeFile.c.o
/usr/bin/cc   -I/usr/include  -I/usr/include/cairo -std=c99 -fPIC -ggdb -Wall    -o CMakeFiles/cmTC_7c135.dir/CheckIncludeFile.c.o   -c /home/zaina/catkin_ws/build_isolated/csm/devel/CMakeFiles/CMakeTmp/CheckIncludeFile.c
Linking C executable cmTC_7c135
/usr/bin/cmake -E cmake_link_script CMakeFiles/cmTC_7c135.dir/link.txt --verbose=1
/usr/bin/cc   -I/usr/include  -I/usr/include/cairo -std=c99 -fPIC -ggdb -Wall     -rdynamic CMakeFiles/cmTC_7c135.dir/CheckIncludeFile.c.o  -o cmTC_7c135 
make[1]: Leaving directory '/home/zaina/catkin_ws/build_isolated/csm/devel/CMakeFiles/CMakeTmp'



Determining if the include file sys/types.h exists passed with the following output:
Change Dir: /home/zaina/catkin_ws/build_isolated/csm/devel/CMakeFiles/CMakeTmp

Run Build Command(s):/usr/bin/make cmTC_f577a/fast && /usr/bin/make -f CMakeFiles/cmTC_f577a.dir/build.make CMakeFiles/cmTC_f577a.dir/build
make[1]: Entering directory '/home/zaina/catkin_ws/build_isolated/csm/devel/CMakeFiles/CMakeTmp'
Building C object CMakeFiles/cmTC_f577a.dir/CheckIncludeFile.c.o
/usr/bin/cc   -I/usr/include  -I/usr/include/cairo -std=c99 -fPIC -ggdb -Wall    -o CMakeFiles/cmTC_f577a.dir/CheckIncludeFile.c.o   -c /home/zaina/catkin_ws/build_isolated/csm/devel/CMakeFiles/CMakeTmp/CheckIncludeFile.c
Linking C executable cmTC_f577a
/usr/bin/cmake -E cmake_link_script CMakeFiles/cmTC_f577a.dir/link.txt --verbose=1
/usr/bin/cc   -I/usr/include  -I/usr/include/cairo -std=c99 -fPIC -ggdb -Wall     -rdynamic CMakeFiles/cmTC_f577a.dir/CheckIncludeFile.c.o  -o cmTC_f577a 
make[1]: Leaving directory '/home/zaina/catkin_ws/build_isolated/csm/devel/CMakeFiles/CMakeTmp'



Determining if the include file sys/stat.h exists passed with the following output:
Change Dir: /home/zaina/catkin_ws/build_isolated/csm/devel/CMakeFiles/CMakeTmp

Run Build Command(s):/usr/bin/make cmTC_e2076/fast && /usr/bin/make -f CMakeFiles/cmTC_e2076.dir/build.make CMakeFiles/cmTC_e2076.dir/build
make[1]: Entering directory '/home/zaina/catkin_ws/build_isolated/csm/devel/CMakeFiles/CMakeTmp'
Building C object CMakeFiles/cmTC_e2076.dir/CheckIncludeFile.c.o
/usr/bin/cc   -I/usr/include  -I/usr/include/cairo -std=c99 -fPIC -ggdb -Wall    -o CMakeFiles/cmTC_e2076.dir/CheckIncludeFile.c.o   -c /home/zaina/catkin_ws/build_isolated/csm/devel/CMakeFiles/CMakeTmp/CheckIncludeFile.c
Linking C executable cmTC_e2076
/usr/bin/cmake -E cmake_link_script CMakeFiles/cmTC_e2076.dir/link.txt --verbose=1
/usr/bin/cc   -I/usr/include  -I/usr/include/cairo -std=c99 -fPIC -ggdb -Wall     -rdynamic CMakeFiles/cmTC_e2076.dir/CheckIncludeFile.c.o  -o cmTC_e2076 
make[1]: Leaving directory '/home/zaina/catkin_ws/build_isolated/csm/devel/CMakeFiles/CMakeTmp'



Determining if the include file unistd.h exists passed with the following output:
Change Dir: /home/zaina/catkin_ws/build_isolated/csm/devel/CMakeFiles/CMakeTmp

Run Build Command(s):/usr/bin/make cmTC_8fd07/fast && /usr/bin/make -f CMakeFiles/cmTC_8fd07.dir/build.make CMakeFiles/cmTC_8fd07.dir/build
make[1]: Entering directory '/home/zaina/catkin_ws/build_isolated/csm/devel/CMakeFiles/CMakeTmp'
Building C object CMakeFiles/cmTC_8fd07.dir/CheckIncludeFile.c.o
/usr/bin/cc   -I/usr/include  -I/usr/include/cairo -std=c99 -fPIC -ggdb -Wall    -o CMakeFiles/cmTC_8fd07.dir/CheckIncludeFile.c.o   -c /home/zaina/catkin_ws/build_isolated/csm/devel/CMakeFiles/CMakeTmp/CheckIncludeFile.c
Linking C executable cmTC_8fd07
/usr/bin/cmake -E cmake_link_script CMakeFiles/cmTC_8fd07.dir/link.txt --verbose=1
/usr/bin/cc   -I/usr/include  -I/usr/include/cairo -std=c99 -fPIC -ggdb -Wall     -rdynamic CMakeFiles/cmTC_8fd07.dir/CheckIncludeFile.c.o  -o cmTC_8fd07 
make[1]: Leaving directory '/home/zaina/catkin_ws/build_isolated/csm/devel/CMakeFiles/CMakeTmp'



Determining if the function open exists passed with the following output:
Change Dir: /home/zaina/catkin_ws/build_isolated/csm/devel/CMakeFiles/CMakeTmp

Run Build Command(s):/usr/bin/make cmTC_d3a3c/fast && /usr/bin/make -f CMakeFiles/cmTC_d3a3c.dir/build.make CMakeFiles/cmTC_d3a3c.dir/build
make[1]: Entering directory '/home/zaina/catkin_ws/build_isolated/csm/devel/CMakeFiles/CMakeTmp'
Building C object CMakeFiles/cmTC_d3a3c.dir/CheckFunctionExists.c.o
/usr/bin/cc   -I/usr/include  -I/usr/include/cairo -std=c99 -fPIC -ggdb -Wall -DCHECK_FUNCTION_EXISTS=open   -o CMakeFiles/cmTC_d3a3c.dir/CheckFunctionExists.c.o   -c /usr/share/cmake-3.16/Modules/CheckFunctionExists.c
Linking C executable cmTC_d3a3c
/usr/bin/cmake -E cmake_link_script CMakeFiles/cmTC_d3a3c.dir/link.txt --verbose=1
/usr/bin/cc   -I/usr/include  -I/usr/include/cairo -std=c99 -fPIC -ggdb -Wall -DCHECK_FUNCTION_EXISTS=open    -rdynamic CMakeFiles/cmTC_d3a3c.dir/CheckFunctionExists.c.o  -o cmTC_d3a3c 
make[1]: Leaving directory '/home/zaina/catkin_ws/build_isolated/csm/devel/CMakeFiles/CMakeTmp'



Determining if the function malloc exists passed with the following output:
Change Dir: /home/zaina/catkin_ws/build_isolated/csm/devel/CMakeFiles/CMakeTmp

Run Build Command(s):/usr/bin/make cmTC_d2a96/fast && /usr/bin/make -f CMakeFiles/cmTC_d2a96.dir/build.make CMakeFiles/cmTC_d2a96.dir/build
make[1]: Entering directory '/home/zaina/catkin_ws/build_isolated/csm/devel/CMakeFiles/CMakeTmp'
Building C object CMakeFiles/cmTC_d2a96.dir/CheckFunctionExists.c.o
/usr/bin/cc   -I/usr/include  -I/usr/include/cairo -std=c99 -fPIC -ggdb -Wall -DCHECK_FUNCTION_EXISTS=malloc   -o CMakeFiles/cmTC_d2a96.dir/CheckFunctionExists.c.o   -c /usr/share/cmake-3.16/Modules/CheckFunctionExists.c
<command-line>: warning: conflicting types for built-in function malloc; expected void *(long unsigned int) [-Wbuiltin-declaration-mismatch]
/usr/share/cmake-3.16/Modules/CheckFunctionExists.c:7:3: note: in expansion of macro CHECK_FUNCTION_EXISTS
    7 |   CHECK_FUNCTION_EXISTS(void);
      |   ^~~~~~~~~~~~~~~~~~~~~
/usr/share/cmake-3.16/Modules/CheckFunctionExists.c:1:1: note: malloc is declared in header <stdlib.h>
  +++ |+#include <stdlib.h>
    1 | #ifdef CHECK_FUNCTION_EXISTS
Linking C executable cmTC_d2a96
/usr/bin/cmake -E cmake_link_script CMakeFiles/cmTC_d2a96.dir/link.txt --verbose=1
/usr/bin/cc   -I/usr/include  -I/usr/include/cairo -std=c99 -fPIC -ggdb -Wall -DCHECK_FUNCTION_EXISTS=malloc    -rdynamic CMakeFiles/cmTC_d2a96.dir/CheckFunctionExists.c.o  -o cmTC_d2a96 
make[1]: Leaving directory '/home/zaina/catkin_ws/build_isolated/csm/devel/CMakeFiles/CMakeTmp'



Determining if the function realloc exists passed with the following output:
Change Dir: /home/zaina/catkin_ws/build_isolated/csm/devel/CMakeFiles/CMakeTmp

Run Build Command(s):/usr/bin/make cmTC_ddd5c/fast && /usr/bin/make -f CMakeFiles/cmTC_ddd5c.dir/build.make CMakeFiles/cmTC_ddd5c.dir/build
make[1]: Entering directory '/home/zaina/catkin_ws/build_isolated/csm/devel/CMakeFiles/CMakeTmp'
Building C object CMakeFiles/cmTC_ddd5c.dir/CheckFunctionExists.c.o
/usr/bin/cc   -I/usr/include  -I/usr/include/cairo -std=c99 -fPIC -ggdb -Wall -DCHECK_FUNCTION_EXISTS=realloc   -o CMakeFiles/cmTC_ddd5c.dir/CheckFunctionExists.c.o   -c /usr/share/cmake-3.16/Modules/CheckFunctionExists.c
<command-line>: warning: conflicting types for built-in function realloc; expected void *(void *, long unsigned int) [-Wbuiltin-declaration-mismatch]
/usr/share/cmake-3.16/Modules/CheckFunctionExists.c:7:3: note: in expansion of macro CHECK_FUNCTION_EXISTS
    7 |   CHECK_FUNCTION_EXISTS(void);
      |   ^~~~~~~~~~~~~~~~~~~~~
/usr/share/cmake-3.16/Modules/CheckFunctionExists.c:1:1: note: realloc is declared in header <stdlib.h>
  +++ |+#include <stdlib.h>
    1 | #ifdef CHECK_FUNCTION_EXISTS
Linking C executable cmTC_ddd5c
/usr/bin/cmake -E cmake_link_script CMakeFiles/cmTC_ddd5c.dir/link.txt --verbose=1
/usr/bin/cc   -I/usr/include  -I/usr/include/cairo -std=c99 -fPIC -ggdb -Wall -DCHECK_FUNCTION_EXISTS=realloc    -rdynamic CMakeFiles/cmTC_ddd5c.dir/CheckFunctionExists.c.o  -o cmTC_ddd5c 
make[1]: Leaving directory '/home/zaina/catkin_ws/build_isolated/csm/devel/CMakeFiles/CMakeTmp'



Determining if the function strerror exists passed with the following output:
Change Dir: /home/zaina/catkin_ws/build_isolated/csm/devel/CMakeFiles/CMakeTmp

Run Build Command(s):/usr/bin/make cmTC_852cb/fast && /usr/bin/make -f CMakeFiles/cmTC_852cb.dir/build.make CMakeFiles/cmTC_852cb.dir/build
make[1]: Entering directory '/home/zaina/catkin_ws/build_isolated/csm/devel/CMakeFiles/CMakeTmp'
Building C object CMakeFiles/cmTC_852cb.dir/CheckFunctionExists.c.o
/usr/bin/cc   -I/usr/include  -I/usr/include/cairo -std=c99 -fPIC -ggdb -Wall -DCHECK_FUNCTION_EXISTS=strerror   -o CMakeFiles/cmTC_852cb.dir/CheckFunctionExists.c.o   -c /usr/share/cmake-3.16/Modules/CheckFunctionExists.c
Linking C executable cmTC_852cb
/usr/bin/cmake -E cmake_link_script CMakeFiles/cmTC_852cb.dir/link.txt --verbose=1
/usr/bin/cc   -I/usr/include  -I/usr/include/cairo -std=c99 -fPIC -ggdb -Wall -DCHECK_FUNCTION_EXISTS=strerror    -rdynamic CMakeFiles/cmTC_852cb.dir/CheckFunctionExists.c.o  -o cmTC_852cb 
make[1]: Leaving directory '/home/zaina/catkin_ws/build_isolated/csm/devel/CMakeFiles/CMakeTmp'



Determining if the function strncasecmp exists passed with the following output:
Change Dir: /home/zaina/catkin_ws/build_isolated/csm/devel/CMakeFiles/CMakeTmp

Run Build Command(s):/usr/bin/make cmTC_a1c62/fast && /usr/bin/make -f CMakeFiles/cmTC_a1c62.dir/build.make CMakeFiles/cmTC_a1c62.dir/build
make[1]: Entering directory '/home/zaina/catkin_ws/build_isolated/csm/devel/CMakeFiles/CMakeTmp'
Building C object CMakeFiles/cmTC_a1c62.dir/CheckFunctionExists.c.o
/usr/bin/cc   -I/usr/include  -I/usr/include/cairo -std=c99 -fPIC -ggdb -Wall -DCHECK_FUNCTION_EXISTS=strncasecmp   -o CMakeFiles/cmTC_a1c62.dir/CheckFunctionExists.c.o   -c /usr/share/cmake-3.16/Modules/CheckFunctionExists.c
Linking C executable cmTC_a1c62
/usr/bin/cmake -E cmake_link_script CMakeFiles/cmTC_a1c62.dir/link.txt --verbose=1
/usr/bin/cc   -I/usr/include  -I/usr/include/cairo -std=c99 -fPIC -ggdb -Wall -DCHECK_FUNCTION_EXISTS=strncasecmp    -rdynamic CMakeFiles/cmTC_a1c62.dir/CheckFunctionExists.c.o  -o cmTC_a1c62 
make[1]: Leaving directory '/home/zaina/catkin_ws/build_isolated/csm/devel/CMakeFiles/CMakeTmp'



Determining if the function strndup exists passed with the following output:
Change Dir: /home/zaina/catkin_ws/build_isolated/csm/devel/CMakeFiles/CMakeTmp

Run Build Command(s):/usr/bin/make cmTC_ad8f7/fast && /usr/bin/make -f CMakeFiles/cmTC_ad8f7.dir/build.make CMakeFiles/cmTC_ad8f7.dir/build
make[1]: Entering directory '/home/zaina/catkin_ws/build_isolated/csm/devel/CMakeFiles/CMakeTmp'
Building C object CMakeFiles/cmTC_ad8f7.dir/CheckFunctionExists.c.o
/usr/bin/cc   -I/usr/include  -I/usr/include/cairo -std=c99 -fPIC -ggdb -Wall -DCHECK_FUNCTION_EXISTS=strndup   -o CMakeFiles/cmTC_ad8f7.dir/CheckFunctionExists.c.o   -c /usr/share/cmake-3.16/Modules/CheckFunctionExists.c
Linking C executable cmTC_ad8f7
/usr/bin/cmake -E cmake_link_script CMakeFiles/cmTC_ad8f7.dir/link.txt --verbose=1
/usr/bin/cc   -I/usr/include  -I/usr/include/cairo -std=c99 -fPIC -ggdb -Wall -DCHECK_FUNCTION_EXISTS=strndup    -rdynamic CMakeFiles/cmTC_ad8f7.dir/CheckFunctionExists.c.o  -o cmTC_ad8f7 
make[1]: Leaving directory '/home/zaina/catkin_ws/build_isolated/csm/devel/CMakeFiles/CMakeTmp'



Determining if the function vasprintf exists passed with the following output:
Change Dir: /home/zaina/catkin_ws/build_isolated/csm/devel/CMakeFiles/CMakeTmp

Run Build Command(s):/usr/bin/make cmTC_d71a5/fast && /usr/bin/make -f CMakeFiles/cmTC_d71a5.dir/build.make CMakeFiles/cmTC_d71a5.dir/build
make[1]: Entering directory '/home/zaina/catkin_ws/build_isolated/csm/devel/CMakeFiles/CMakeTmp'
Building C object CMakeFiles/cmTC_d71a5.dir/CheckFunctionExists.c.o
/usr/bin/cc   -I/usr/include  -I/usr/include/cairo -std=c99 -fPIC -ggdb -Wall -DCHECK_FUNCTION_EXISTS=vasprintf   -o CMakeFiles/cmTC_d71a5.dir/CheckFunctionExists.c.o   -c /usr/share/cmake-3.16/Modules/CheckFunctionExists.c
Linking C executable cmTC_d71a5
/usr/bin/cmake -E cmake_link_script CMakeFiles/cmTC_d71a5.dir/link.txt --verbose=1
/usr/bin/cc   -I/usr/include  -I/usr/include/cairo -std=c99 -fPIC -ggdb -Wall -DCHECK_FUNCTION_EXISTS=vasprintf    -rdynamic CMakeFiles/cmTC_d71a5.dir/CheckFunctionExists.c.o  -o cmTC_d71a5 
make[1]: Leaving directory '/home/zaina/catkin_ws/build_isolated/csm/devel/CMakeFiles/CMakeTmp'



Determining if the function vprintf exists passed with the following output:
Change Dir: /home/zaina/catkin_ws/build_isolated/csm/devel/CMakeFiles/CMakeTmp

Run Build Command(s):/usr/bin/make cmTC_b88a9/fast && /usr/bin/make -f CMakeFiles/cmTC_b88a9.dir/build.make CMakeFiles/cmTC_b88a9.dir/build
make[1]: Entering directory '/home/zaina/catkin_ws/build_isolated/csm/devel/CMakeFiles/CMakeTmp'
Building C object CMakeFiles/cmTC_b88a9.dir/CheckFunctionExists.c.o
/usr/bin/cc   -I/usr/include  -I/usr/include/cairo -std=c99 -fPIC -ggdb -Wall -DCHECK_FUNCTION_EXISTS=vprintf   -o CMakeFiles/cmTC_b88a9.dir/CheckFunctionExists.c.o   -c /usr/share/cmake-3.16/Modules/CheckFunctionExists.c
<command-line>: warning: conflicting types for built-in function vprintf; expected int(const char *, __va_list_tag *) [-Wbuiltin-declaration-mismatch]
/usr/share/cmake-3.16/Modules/CheckFunctionExists.c:7:3: note: in expansion of macro CHECK_FUNCTION_EXISTS
    7 |   CHECK_FUNCTION_EXISTS(void);
      |   ^~~~~~~~~~~~~~~~~~~~~
/usr/share/cmake-3.16/Modules/CheckFunctionExists.c:1:1: note: vprintf is declared in header <stdio.h>
  +++ |+#include <stdio.h>
    1 | #ifdef CHECK_FUNCTION_EXISTS
Linking C executable cmTC_b88a9
/usr/bin/cmake -E cmake_link_script CMakeFiles/cmTC_b88a9.dir/link.txt --verbose=1
/usr/bin/cc   -I/usr/include  -I/usr/include/cairo -std=c99 -fPIC -ggdb -Wall -DCHECK_FUNCTION_EXISTS=vprintf    -rdynamic CMakeFiles/cmTC_b88a9.dir/CheckFunctionExists.c.o  -o cmTC_b88a9 
make[1]: Leaving directory '/home/zaina/catkin_ws/build_isolated/csm/devel/CMakeFiles/CMakeTmp'



Determining if the function vsnprintf exists passed with the following output:
Change Dir: /home/zaina/catkin_ws/build_isolated/csm/devel/CMakeFiles/CMakeTmp

Run Build Command(s):/usr/bin/make cmTC_0d17a/fast && /usr/bin/make -f CMakeFiles/cmTC_0d17a.dir/build.make CMakeFiles/cmTC_0d17a.dir/build
make[1]: Entering directory '/home/zaina/catkin_ws/build_isolated/csm/devel/CMakeFiles/CMakeTmp'
Building C object CMakeFiles/cmTC_0d17a.dir/CheckFunctionExists.c.o
/usr/bin/cc   -I/usr/include  -I/usr/include/cairo -std=c99 -fPIC -ggdb -Wall -DCHECK_FUNCTION_EXISTS=vsnprintf   -o CMakeFiles/cmTC_0d17a.dir/CheckFunctionExists.c.o   -c /usr/share/cmake-3.16/Modules/CheckFunctionExists.c
<command-line>: warning: conflicting types for built-in function vsnprintf; expected int(char *, long unsigned int,  const char *, __va_list_tag *) [-Wbuiltin-declaration-mismatch]
/usr/share/cmake-3.16/Modules/CheckFunctionExists.c:7:3: note: in expansion of macro CHECK_FUNCTION_EXISTS
    7 |   CHECK_FUNCTION_EXISTS(void);
      |   ^~~~~~~~~~~~~~~~~~~~~
/usr/share/cmake-3.16/Modules/CheckFunctionExists.c:1:1: note: vsnprintf is declared in header <stdio.h>
  +++ |+#include <stdio.h>
    1 | #ifdef CHECK_FUNCTION_EXISTS
Linking C executable cmTC_0d17a
/usr/bin/cmake -E cmake_link_script CMakeFiles/cmTC_0d17a.dir/link.txt --verbose=1
/usr/bin/cc   -I/usr/include  -I/usr/include/cairo -std=c99 -fPIC -ggdb -Wall -DCHECK_FUNCTION_EXISTS=vsnprintf    -rdynamic CMakeFiles/cmTC_0d17a.dir/CheckFunctionExists.c.o  -o cmTC_0d17a 
make[1]: Leaving directory '/home/zaina/catkin_ws/build_isolated/csm/devel/CMakeFiles/CMakeTmp'



Determining if the function vsyslog exists passed with the following output:
Change Dir: /home/zaina/catkin_ws/build_isolated/csm/devel/CMakeFiles/CMakeTmp

Run Build Command(s):/usr/bin/make cmTC_e3d8c/fast && /usr/bin/make -f CMakeFiles/cmTC_e3d8c.dir/build.make CMakeFiles/cmTC_e3d8c.dir/build
make[1]: Entering directory '/home/zaina/catkin_ws/build_isolated/csm/devel/CMakeFiles/CMakeTmp'
Building C object CMakeFiles/cmTC_e3d8c.dir/CheckFunctionExists.c.o
/usr/bin/cc   -I/usr/include  -I/usr/include/cairo -std=c99 -fPIC -ggdb -Wall -DCHECK_FUNCTION_EXISTS=vsyslog   -o CMakeFiles/cmTC_e3d8c.dir/CheckFunctionExists.c.o   -c /usr/share/cmake-3.16/Modules/CheckFunctionExists.c
Linking C executable cmTC_e3d8c
/usr/bin/cmake -E cmake_link_script CMakeFiles/cmTC_e3d8c.dir/link.txt --verbose=1
/usr/bin/cc   -I/usr/include  -I/usr/include/cairo -std=c99 -fPIC -ggdb -Wall -DCHECK_FUNCTION_EXISTS=vsyslog    -rdynamic CMakeFiles/cmTC_e3d8c.dir/CheckFunctionExists.c.o  -o cmTC_e3d8c 
make[1]: Leaving directory '/home/zaina/catkin_ws/build_isolated/csm/devel/CMakeFiles/CMakeTmp'



