Symlinking /home/zaina/catkin_ws/devel/share/ecl_core_apps/cmake/ecl_core_appsConfig-version.cmake
Symlinking /home/zaina/catkin_ws/devel/share/ecl_core_apps/cmake/ecl_core_appsConfig.cmake
Symlinking /home/zaina/catkin_ws/devel/lib/ecl_core_apps/ecl_process_statistics
Symlinking /home/zaina/catkin_ws/devel/lib/ecl_core_apps/ecl_hex
Symlinking /home/zaina/catkin_ws/devel/lib/ecl_core_apps/bench_eigen3_decompositions
Symlinking /home/zaina/catkin_ws/devel/lib/ecl_core_apps/ecl_serial
Symlinking /home/zaina/catkin_ws/devel/lib/ecl_core_apps/bench_streams
Symlinking /home/zaina/catkin_ws/devel/lib/ecl_core_apps/bench_eigen3_transforms
Symlinking /home/zaina/catkin_ws/devel/lib/ecl_core_apps/ecl_socket_server
Symlinking /home/zaina/catkin_ws/devel/lib/ecl_core_apps/bench_exceptions
Symlinking /home/zaina/catkin_ws/devel/lib/ecl_core_apps/bench_flops
Symlinking /home/zaina/catkin_ws/devel/lib/ecl_core_apps/bench_eigen3_inverse
Symlinking /home/zaina/catkin_ws/devel/lib/ecl_core_apps/bench_snooze
Symlinking /home/zaina/catkin_ws/devel/lib/ecl_core_apps/bench_string_conversions
Symlinking /home/zaina/catkin_ws/devel/lib/ecl_core_apps/ecl_socket_client
Symlinking /home/zaina/catkin_ws/devel/lib/ecl_core_apps/bench_files
Symlinking /home/zaina/catkin_ws/devel/lib/ecl_core_apps/bench_containers
Symlinking /home/zaina/catkin_ws/devel/lib/pkgconfig/ecl_core_apps.pc
Symlinking /home/zaina/catkin_ws/devel/bin/ecl_quaternion2yaw
Symlinking /home/zaina/catkin_ws/devel/bin/ecl_yaw2quaternion
