Linked: (/home/zaina/catkin_ws/devel/.private/yocs_msgs/share/common-lisp/ros/yocs_msgs/srv/_package_WaypointListService.lisp, /home/zaina/catkin_ws/devel/share/common-lisp/ros/yocs_msgs/srv/_package_WaypointListService.lisp)
Linked: (/home/zaina/catkin_ws/devel/.private/yocs_msgs/share/common-lisp/ros/yocs_msgs/srv/_package.lisp, /home/zaina/catkin_ws/devel/share/common-lisp/ros/yocs_msgs/srv/_package.lisp)
Linked: (/home/zaina/catkin_ws/devel/.private/yocs_msgs/share/common-lisp/ros/yocs_msgs/srv/WaypointListService.lisp, /home/zaina/catkin_ws/devel/share/common-lisp/ros/yocs_msgs/srv/WaypointListService.lisp)
Linked: (/home/zaina/catkin_ws/devel/.private/yocs_msgs/share/common-lisp/ros/yocs_msgs/srv/yocs_msgs-srv.asd, /home/zaina/catkin_ws/devel/share/common-lisp/ros/yocs_msgs/srv/yocs_msgs-srv.asd)
Linked: (/home/zaina/catkin_ws/devel/.private/yocs_msgs/share/common-lisp/ros/yocs_msgs/msg/NavigateToActionFeedback.lisp, /home/zaina/catkin_ws/devel/share/common-lisp/ros/yocs_msgs/msg/NavigateToActionFeedback.lisp)
Linked: (/home/zaina/catkin_ws/devel/.private/yocs_msgs/share/common-lisp/ros/yocs_msgs/msg/WallList.lisp, /home/zaina/catkin_ws/devel/share/common-lisp/ros/yocs_msgs/msg/WallList.lisp)
Linked: (/home/zaina/catkin_ws/devel/.private/yocs_msgs/share/common-lisp/ros/yocs_msgs/msg/NavigateToFeedback.lisp, /home/zaina/catkin_ws/devel/share/common-lisp/ros/yocs_msgs/msg/NavigateToFeedback.lisp)
Linked: (/home/zaina/catkin_ws/devel/.private/yocs_msgs/share/common-lisp/ros/yocs_msgs/msg/_package_Waypoint.lisp, /home/zaina/catkin_ws/devel/share/common-lisp/ros/yocs_msgs/msg/_package_Waypoint.lisp)
Linked: (/home/zaina/catkin_ws/devel/.private/yocs_msgs/share/common-lisp/ros/yocs_msgs/msg/_package_LocalizeFeedback.lisp, /home/zaina/catkin_ws/devel/share/common-lisp/ros/yocs_msgs/msg/_package_LocalizeFeedback.lisp)
Linked: (/home/zaina/catkin_ws/devel/.private/yocs_msgs/share/common-lisp/ros/yocs_msgs/msg/WaypointList.lisp, /home/zaina/catkin_ws/devel/share/common-lisp/ros/yocs_msgs/msg/WaypointList.lisp)
Linked: (/home/zaina/catkin_ws/devel/.private/yocs_msgs/share/common-lisp/ros/yocs_msgs/msg/ColumnList.lisp, /home/zaina/catkin_ws/devel/share/common-lisp/ros/yocs_msgs/msg/ColumnList.lisp)
Linked: (/home/zaina/catkin_ws/devel/.private/yocs_msgs/share/common-lisp/ros/yocs_msgs/msg/_package_NavigateToGoal.lisp, /home/zaina/catkin_ws/devel/share/common-lisp/ros/yocs_msgs/msg/_package_NavigateToGoal.lisp)
Linked: (/home/zaina/catkin_ws/devel/.private/yocs_msgs/share/common-lisp/ros/yocs_msgs/msg/_package_LocalizeActionResult.lisp, /home/zaina/catkin_ws/devel/share/common-lisp/ros/yocs_msgs/msg/_package_LocalizeActionResult.lisp)
Linked: (/home/zaina/catkin_ws/devel/.private/yocs_msgs/share/common-lisp/ros/yocs_msgs/msg/_package_Table.lisp, /home/zaina/catkin_ws/devel/share/common-lisp/ros/yocs_msgs/msg/_package_Table.lisp)
Linked: (/home/zaina/catkin_ws/devel/.private/yocs_msgs/share/common-lisp/ros/yocs_msgs/msg/NavigateToActionResult.lisp, /home/zaina/catkin_ws/devel/share/common-lisp/ros/yocs_msgs/msg/NavigateToActionResult.lisp)
Linked: (/home/zaina/catkin_ws/devel/.private/yocs_msgs/share/common-lisp/ros/yocs_msgs/msg/DockingInteractorActionResult.lisp, /home/zaina/catkin_ws/devel/share/common-lisp/ros/yocs_msgs/msg/DockingInteractorActionResult.lisp)
Linked: (/home/zaina/catkin_ws/devel/.private/yocs_msgs/share/common-lisp/ros/yocs_msgs/msg/_package_Wall.lisp, /home/zaina/catkin_ws/devel/share/common-lisp/ros/yocs_msgs/msg/_package_Wall.lisp)
Linked: (/home/zaina/catkin_ws/devel/.private/yocs_msgs/share/common-lisp/ros/yocs_msgs/msg/NavigateToGoal.lisp, /home/zaina/catkin_ws/devel/share/common-lisp/ros/yocs_msgs/msg/NavigateToGoal.lisp)
Linked: (/home/zaina/catkin_ws/devel/.private/yocs_msgs/share/common-lisp/ros/yocs_msgs/msg/Table.lisp, /home/zaina/catkin_ws/devel/share/common-lisp/ros/yocs_msgs/msg/Table.lisp)
Linked: (/home/zaina/catkin_ws/devel/.private/yocs_msgs/share/common-lisp/ros/yocs_msgs/msg/LocalizeActionResult.lisp, /home/zaina/catkin_ws/devel/share/common-lisp/ros/yocs_msgs/msg/LocalizeActionResult.lisp)
Linked: (/home/zaina/catkin_ws/devel/.private/yocs_msgs/share/common-lisp/ros/yocs_msgs/msg/_package_ARPair.lisp, /home/zaina/catkin_ws/devel/share/common-lisp/ros/yocs_msgs/msg/_package_ARPair.lisp)
Linked: (/home/zaina/catkin_ws/devel/.private/yocs_msgs/share/common-lisp/ros/yocs_msgs/msg/LocalizeResult.lisp, /home/zaina/catkin_ws/devel/share/common-lisp/ros/yocs_msgs/msg/LocalizeResult.lisp)
Linked: (/home/zaina/catkin_ws/devel/.private/yocs_msgs/share/common-lisp/ros/yocs_msgs/msg/LocalizeActionGoal.lisp, /home/zaina/catkin_ws/devel/share/common-lisp/ros/yocs_msgs/msg/LocalizeActionGoal.lisp)
Linked: (/home/zaina/catkin_ws/devel/.private/yocs_msgs/share/common-lisp/ros/yocs_msgs/msg/_package_MagicButton.lisp, /home/zaina/catkin_ws/devel/share/common-lisp/ros/yocs_msgs/msg/_package_MagicButton.lisp)
Linked: (/home/zaina/catkin_ws/devel/.private/yocs_msgs/share/common-lisp/ros/yocs_msgs/msg/_package_TrajectoryList.lisp, /home/zaina/catkin_ws/devel/share/common-lisp/ros/yocs_msgs/msg/_package_TrajectoryList.lisp)
Linked: (/home/zaina/catkin_ws/devel/.private/yocs_msgs/share/common-lisp/ros/yocs_msgs/msg/_package_WallList.lisp, /home/zaina/catkin_ws/devel/share/common-lisp/ros/yocs_msgs/msg/_package_WallList.lisp)
Linked: (/home/zaina/catkin_ws/devel/.private/yocs_msgs/share/common-lisp/ros/yocs_msgs/msg/_package_ColumnList.lisp, /home/zaina/catkin_ws/devel/share/common-lisp/ros/yocs_msgs/msg/_package_ColumnList.lisp)
Linked: (/home/zaina/catkin_ws/devel/.private/yocs_msgs/share/common-lisp/ros/yocs_msgs/msg/ARPairList.lisp, /home/zaina/catkin_ws/devel/share/common-lisp/ros/yocs_msgs/msg/ARPairList.lisp)
Linked: (/home/zaina/catkin_ws/devel/.private/yocs_msgs/share/common-lisp/ros/yocs_msgs/msg/_package_DockingInteractorActionGoal.lisp, /home/zaina/catkin_ws/devel/share/common-lisp/ros/yocs_msgs/msg/_package_DockingInteractorActionGoal.lisp)
Linked: (/home/zaina/catkin_ws/devel/.private/yocs_msgs/share/common-lisp/ros/yocs_msgs/msg/NavigationControl.lisp, /home/zaina/catkin_ws/devel/share/common-lisp/ros/yocs_msgs/msg/NavigationControl.lisp)
Linked: (/home/zaina/catkin_ws/devel/.private/yocs_msgs/share/common-lisp/ros/yocs_msgs/msg/NavigationControlStatus.lisp, /home/zaina/catkin_ws/devel/share/common-lisp/ros/yocs_msgs/msg/NavigationControlStatus.lisp)
Linked: (/home/zaina/catkin_ws/devel/.private/yocs_msgs/share/common-lisp/ros/yocs_msgs/msg/NavigateToActionGoal.lisp, /home/zaina/catkin_ws/devel/share/common-lisp/ros/yocs_msgs/msg/NavigateToActionGoal.lisp)
Linked: (/home/zaina/catkin_ws/devel/.private/yocs_msgs/share/common-lisp/ros/yocs_msgs/msg/MagicButton.lisp, /home/zaina/catkin_ws/devel/share/common-lisp/ros/yocs_msgs/msg/MagicButton.lisp)
Linked: (/home/zaina/catkin_ws/devel/.private/yocs_msgs/share/common-lisp/ros/yocs_msgs/msg/_package_Trajectory.lisp, /home/zaina/catkin_ws/devel/share/common-lisp/ros/yocs_msgs/msg/_package_Trajectory.lisp)
Linked: (/home/zaina/catkin_ws/devel/.private/yocs_msgs/share/common-lisp/ros/yocs_msgs/msg/Wall.lisp, /home/zaina/catkin_ws/devel/share/common-lisp/ros/yocs_msgs/msg/Wall.lisp)
Linked: (/home/zaina/catkin_ws/devel/.private/yocs_msgs/share/common-lisp/ros/yocs_msgs/msg/_package_DockingInteractorActionResult.lisp, /home/zaina/catkin_ws/devel/share/common-lisp/ros/yocs_msgs/msg/_package_DockingInteractorActionResult.lisp)
Linked: (/home/zaina/catkin_ws/devel/.private/yocs_msgs/share/common-lisp/ros/yocs_msgs/msg/_package_DockingInteractorAction.lisp, /home/zaina/catkin_ws/devel/share/common-lisp/ros/yocs_msgs/msg/_package_DockingInteractorAction.lisp)
Linked: (/home/zaina/catkin_ws/devel/.private/yocs_msgs/share/common-lisp/ros/yocs_msgs/msg/_package_Column.lisp, /home/zaina/catkin_ws/devel/share/common-lisp/ros/yocs_msgs/msg/_package_Column.lisp)
Linked: (/home/zaina/catkin_ws/devel/.private/yocs_msgs/share/common-lisp/ros/yocs_msgs/msg/LocalizeFeedback.lisp, /home/zaina/catkin_ws/devel/share/common-lisp/ros/yocs_msgs/msg/LocalizeFeedback.lisp)
Linked: (/home/zaina/catkin_ws/devel/.private/yocs_msgs/share/common-lisp/ros/yocs_msgs/msg/_package_WaypointList.lisp, /home/zaina/catkin_ws/devel/share/common-lisp/ros/yocs_msgs/msg/_package_WaypointList.lisp)
Linked: (/home/zaina/catkin_ws/devel/.private/yocs_msgs/share/common-lisp/ros/yocs_msgs/msg/ARPair.lisp, /home/zaina/catkin_ws/devel/share/common-lisp/ros/yocs_msgs/msg/ARPair.lisp)
Linked: (/home/zaina/catkin_ws/devel/.private/yocs_msgs/share/common-lisp/ros/yocs_msgs/msg/_package_LocalizeActionGoal.lisp, /home/zaina/catkin_ws/devel/share/common-lisp/ros/yocs_msgs/msg/_package_LocalizeActionGoal.lisp)
Linked: (/home/zaina/catkin_ws/devel/.private/yocs_msgs/share/common-lisp/ros/yocs_msgs/msg/DockingInteractorGoal.lisp, /home/zaina/catkin_ws/devel/share/common-lisp/ros/yocs_msgs/msg/DockingInteractorGoal.lisp)
Linked: (/home/zaina/catkin_ws/devel/.private/yocs_msgs/share/common-lisp/ros/yocs_msgs/msg/Trajectory.lisp, /home/zaina/catkin_ws/devel/share/common-lisp/ros/yocs_msgs/msg/Trajectory.lisp)
Linked: (/home/zaina/catkin_ws/devel/.private/yocs_msgs/share/common-lisp/ros/yocs_msgs/msg/_package_TableList.lisp, /home/zaina/catkin_ws/devel/share/common-lisp/ros/yocs_msgs/msg/_package_TableList.lisp)
Linked: (/home/zaina/catkin_ws/devel/.private/yocs_msgs/share/common-lisp/ros/yocs_msgs/msg/_package_NavigateToAction.lisp, /home/zaina/catkin_ws/devel/share/common-lisp/ros/yocs_msgs/msg/_package_NavigateToAction.lisp)
Linked: (/home/zaina/catkin_ws/devel/.private/yocs_msgs/share/common-lisp/ros/yocs_msgs/msg/DockingInteractorActionGoal.lisp, /home/zaina/catkin_ws/devel/share/common-lisp/ros/yocs_msgs/msg/DockingInteractorActionGoal.lisp)
Linked: (/home/zaina/catkin_ws/devel/.private/yocs_msgs/share/common-lisp/ros/yocs_msgs/msg/_package_LocalizeAction.lisp, /home/zaina/catkin_ws/devel/share/common-lisp/ros/yocs_msgs/msg/_package_LocalizeAction.lisp)
Linked: (/home/zaina/catkin_ws/devel/.private/yocs_msgs/share/common-lisp/ros/yocs_msgs/msg/DockingInteractorActionFeedback.lisp, /home/zaina/catkin_ws/devel/share/common-lisp/ros/yocs_msgs/msg/DockingInteractorActionFeedback.lisp)
Linked: (/home/zaina/catkin_ws/devel/.private/yocs_msgs/share/common-lisp/ros/yocs_msgs/msg/DockingInteractorFeedback.lisp, /home/zaina/catkin_ws/devel/share/common-lisp/ros/yocs_msgs/msg/DockingInteractorFeedback.lisp)
Linked: (/home/zaina/catkin_ws/devel/.private/yocs_msgs/share/common-lisp/ros/yocs_msgs/msg/_package_NavigateToActionFeedback.lisp, /home/zaina/catkin_ws/devel/share/common-lisp/ros/yocs_msgs/msg/_package_NavigateToActionFeedback.lisp)
Linked: (/home/zaina/catkin_ws/devel/.private/yocs_msgs/share/common-lisp/ros/yocs_msgs/msg/_package_DockingInteractorActionFeedback.lisp, /home/zaina/catkin_ws/devel/share/common-lisp/ros/yocs_msgs/msg/_package_DockingInteractorActionFeedback.lisp)
Linked: (/home/zaina/catkin_ws/devel/.private/yocs_msgs/share/common-lisp/ros/yocs_msgs/msg/_package_NavigationControl.lisp, /home/zaina/catkin_ws/devel/share/common-lisp/ros/yocs_msgs/msg/_package_NavigationControl.lisp)
Linked: (/home/zaina/catkin_ws/devel/.private/yocs_msgs/share/common-lisp/ros/yocs_msgs/msg/_package.lisp, /home/zaina/catkin_ws/devel/share/common-lisp/ros/yocs_msgs/msg/_package.lisp)
Linked: (/home/zaina/catkin_ws/devel/.private/yocs_msgs/share/common-lisp/ros/yocs_msgs/msg/_package_DockingInteractorResult.lisp, /home/zaina/catkin_ws/devel/share/common-lisp/ros/yocs_msgs/msg/_package_DockingInteractorResult.lisp)
Linked: (/home/zaina/catkin_ws/devel/.private/yocs_msgs/share/common-lisp/ros/yocs_msgs/msg/LocalizeActionFeedback.lisp, /home/zaina/catkin_ws/devel/share/common-lisp/ros/yocs_msgs/msg/LocalizeActionFeedback.lisp)
Linked: (/home/zaina/catkin_ws/devel/.private/yocs_msgs/share/common-lisp/ros/yocs_msgs/msg/_package_NavigateToFeedback.lisp, /home/zaina/catkin_ws/devel/share/common-lisp/ros/yocs_msgs/msg/_package_NavigateToFeedback.lisp)
Linked: (/home/zaina/catkin_ws/devel/.private/yocs_msgs/share/common-lisp/ros/yocs_msgs/msg/_package_LocalizeGoal.lisp, /home/zaina/catkin_ws/devel/share/common-lisp/ros/yocs_msgs/msg/_package_LocalizeGoal.lisp)
Linked: (/home/zaina/catkin_ws/devel/.private/yocs_msgs/share/common-lisp/ros/yocs_msgs/msg/NavigateToAction.lisp, /home/zaina/catkin_ws/devel/share/common-lisp/ros/yocs_msgs/msg/NavigateToAction.lisp)
Linked: (/home/zaina/catkin_ws/devel/.private/yocs_msgs/share/common-lisp/ros/yocs_msgs/msg/LocalizeAction.lisp, /home/zaina/catkin_ws/devel/share/common-lisp/ros/yocs_msgs/msg/LocalizeAction.lisp)
Linked: (/home/zaina/catkin_ws/devel/.private/yocs_msgs/share/common-lisp/ros/yocs_msgs/msg/_package_NavigateToActionResult.lisp, /home/zaina/catkin_ws/devel/share/common-lisp/ros/yocs_msgs/msg/_package_NavigateToActionResult.lisp)
Linked: (/home/zaina/catkin_ws/devel/.private/yocs_msgs/share/common-lisp/ros/yocs_msgs/msg/_package_DockingInteractorGoal.lisp, /home/zaina/catkin_ws/devel/share/common-lisp/ros/yocs_msgs/msg/_package_DockingInteractorGoal.lisp)
Linked: (/home/zaina/catkin_ws/devel/.private/yocs_msgs/share/common-lisp/ros/yocs_msgs/msg/_package_NavigationControlStatus.lisp, /home/zaina/catkin_ws/devel/share/common-lisp/ros/yocs_msgs/msg/_package_NavigationControlStatus.lisp)
Linked: (/home/zaina/catkin_ws/devel/.private/yocs_msgs/share/common-lisp/ros/yocs_msgs/msg/_package_ARPairList.lisp, /home/zaina/catkin_ws/devel/share/common-lisp/ros/yocs_msgs/msg/_package_ARPairList.lisp)
Linked: (/home/zaina/catkin_ws/devel/.private/yocs_msgs/share/common-lisp/ros/yocs_msgs/msg/Column.lisp, /home/zaina/catkin_ws/devel/share/common-lisp/ros/yocs_msgs/msg/Column.lisp)
Linked: (/home/zaina/catkin_ws/devel/.private/yocs_msgs/share/common-lisp/ros/yocs_msgs/msg/_package_NavigateToActionGoal.lisp, /home/zaina/catkin_ws/devel/share/common-lisp/ros/yocs_msgs/msg/_package_NavigateToActionGoal.lisp)
Linked: (/home/zaina/catkin_ws/devel/.private/yocs_msgs/share/common-lisp/ros/yocs_msgs/msg/_package_DockingInteractorFeedback.lisp, /home/zaina/catkin_ws/devel/share/common-lisp/ros/yocs_msgs/msg/_package_DockingInteractorFeedback.lisp)
Linked: (/home/zaina/catkin_ws/devel/.private/yocs_msgs/share/common-lisp/ros/yocs_msgs/msg/TableList.lisp, /home/zaina/catkin_ws/devel/share/common-lisp/ros/yocs_msgs/msg/TableList.lisp)
Linked: (/home/zaina/catkin_ws/devel/.private/yocs_msgs/share/common-lisp/ros/yocs_msgs/msg/DockingInteractorResult.lisp, /home/zaina/catkin_ws/devel/share/common-lisp/ros/yocs_msgs/msg/DockingInteractorResult.lisp)
Linked: (/home/zaina/catkin_ws/devel/.private/yocs_msgs/share/common-lisp/ros/yocs_msgs/msg/TrajectoryList.lisp, /home/zaina/catkin_ws/devel/share/common-lisp/ros/yocs_msgs/msg/TrajectoryList.lisp)
Linked: (/home/zaina/catkin_ws/devel/.private/yocs_msgs/share/common-lisp/ros/yocs_msgs/msg/Waypoint.lisp, /home/zaina/catkin_ws/devel/share/common-lisp/ros/yocs_msgs/msg/Waypoint.lisp)
Linked: (/home/zaina/catkin_ws/devel/.private/yocs_msgs/share/common-lisp/ros/yocs_msgs/msg/LocalizeGoal.lisp, /home/zaina/catkin_ws/devel/share/common-lisp/ros/yocs_msgs/msg/LocalizeGoal.lisp)
Linked: (/home/zaina/catkin_ws/devel/.private/yocs_msgs/share/common-lisp/ros/yocs_msgs/msg/_package_LocalizeActionFeedback.lisp, /home/zaina/catkin_ws/devel/share/common-lisp/ros/yocs_msgs/msg/_package_LocalizeActionFeedback.lisp)
Linked: (/home/zaina/catkin_ws/devel/.private/yocs_msgs/share/common-lisp/ros/yocs_msgs/msg/_package_LocalizeResult.lisp, /home/zaina/catkin_ws/devel/share/common-lisp/ros/yocs_msgs/msg/_package_LocalizeResult.lisp)
Linked: (/home/zaina/catkin_ws/devel/.private/yocs_msgs/share/common-lisp/ros/yocs_msgs/msg/DockingInteractorAction.lisp, /home/zaina/catkin_ws/devel/share/common-lisp/ros/yocs_msgs/msg/DockingInteractorAction.lisp)
Linked: (/home/zaina/catkin_ws/devel/.private/yocs_msgs/share/common-lisp/ros/yocs_msgs/msg/yocs_msgs-msg.asd, /home/zaina/catkin_ws/devel/share/common-lisp/ros/yocs_msgs/msg/yocs_msgs-msg.asd)
Linked: (/home/zaina/catkin_ws/devel/.private/yocs_msgs/share/common-lisp/ros/yocs_msgs/msg/NavigateToResult.lisp, /home/zaina/catkin_ws/devel/share/common-lisp/ros/yocs_msgs/msg/NavigateToResult.lisp)
Linked: (/home/zaina/catkin_ws/devel/.private/yocs_msgs/share/common-lisp/ros/yocs_msgs/msg/_package_NavigateToResult.lisp, /home/zaina/catkin_ws/devel/share/common-lisp/ros/yocs_msgs/msg/_package_NavigateToResult.lisp)
Linked: (/home/zaina/catkin_ws/devel/.private/yocs_msgs/share/gennodejs/ros/yocs_msgs/_index.js, /home/zaina/catkin_ws/devel/share/gennodejs/ros/yocs_msgs/_index.js)
Linked: (/home/zaina/catkin_ws/devel/.private/yocs_msgs/share/gennodejs/ros/yocs_msgs/srv/_index.js, /home/zaina/catkin_ws/devel/share/gennodejs/ros/yocs_msgs/srv/_index.js)
Linked: (/home/zaina/catkin_ws/devel/.private/yocs_msgs/share/gennodejs/ros/yocs_msgs/srv/WaypointListService.js, /home/zaina/catkin_ws/devel/share/gennodejs/ros/yocs_msgs/srv/WaypointListService.js)
Linked: (/home/zaina/catkin_ws/devel/.private/yocs_msgs/share/gennodejs/ros/yocs_msgs/msg/NavigateToActionFeedback.js, /home/zaina/catkin_ws/devel/share/gennodejs/ros/yocs_msgs/msg/NavigateToActionFeedback.js)
Linked: (/home/zaina/catkin_ws/devel/.private/yocs_msgs/share/gennodejs/ros/yocs_msgs/msg/DockingInteractorGoal.js, /home/zaina/catkin_ws/devel/share/gennodejs/ros/yocs_msgs/msg/DockingInteractorGoal.js)
Linked: (/home/zaina/catkin_ws/devel/.private/yocs_msgs/share/gennodejs/ros/yocs_msgs/msg/MagicButton.js, /home/zaina/catkin_ws/devel/share/gennodejs/ros/yocs_msgs/msg/MagicButton.js)
Linked: (/home/zaina/catkin_ws/devel/.private/yocs_msgs/share/gennodejs/ros/yocs_msgs/msg/NavigationControl.js, /home/zaina/catkin_ws/devel/share/gennodejs/ros/yocs_msgs/msg/NavigationControl.js)
Linked: (/home/zaina/catkin_ws/devel/.private/yocs_msgs/share/gennodejs/ros/yocs_msgs/msg/DockingInteractorActionFeedback.js, /home/zaina/catkin_ws/devel/share/gennodejs/ros/yocs_msgs/msg/DockingInteractorActionFeedback.js)
Linked: (/home/zaina/catkin_ws/devel/.private/yocs_msgs/share/gennodejs/ros/yocs_msgs/msg/Column.js, /home/zaina/catkin_ws/devel/share/gennodejs/ros/yocs_msgs/msg/Column.js)
Linked: (/home/zaina/catkin_ws/devel/.private/yocs_msgs/share/gennodejs/ros/yocs_msgs/msg/TableList.js, /home/zaina/catkin_ws/devel/share/gennodejs/ros/yocs_msgs/msg/TableList.js)
Linked: (/home/zaina/catkin_ws/devel/.private/yocs_msgs/share/gennodejs/ros/yocs_msgs/msg/LocalizeActionResult.js, /home/zaina/catkin_ws/devel/share/gennodejs/ros/yocs_msgs/msg/LocalizeActionResult.js)
Linked: (/home/zaina/catkin_ws/devel/.private/yocs_msgs/share/gennodejs/ros/yocs_msgs/msg/WallList.js, /home/zaina/catkin_ws/devel/share/gennodejs/ros/yocs_msgs/msg/WallList.js)
Linked: (/home/zaina/catkin_ws/devel/.private/yocs_msgs/share/gennodejs/ros/yocs_msgs/msg/_index.js, /home/zaina/catkin_ws/devel/share/gennodejs/ros/yocs_msgs/msg/_index.js)
Linked: (/home/zaina/catkin_ws/devel/.private/yocs_msgs/share/gennodejs/ros/yocs_msgs/msg/NavigateToActionGoal.js, /home/zaina/catkin_ws/devel/share/gennodejs/ros/yocs_msgs/msg/NavigateToActionGoal.js)
Linked: (/home/zaina/catkin_ws/devel/.private/yocs_msgs/share/gennodejs/ros/yocs_msgs/msg/NavigateToResult.js, /home/zaina/catkin_ws/devel/share/gennodejs/ros/yocs_msgs/msg/NavigateToResult.js)
Linked: (/home/zaina/catkin_ws/devel/.private/yocs_msgs/share/gennodejs/ros/yocs_msgs/msg/NavigateToActionResult.js, /home/zaina/catkin_ws/devel/share/gennodejs/ros/yocs_msgs/msg/NavigateToActionResult.js)
Linked: (/home/zaina/catkin_ws/devel/.private/yocs_msgs/share/gennodejs/ros/yocs_msgs/msg/DockingInteractorActionGoal.js, /home/zaina/catkin_ws/devel/share/gennodejs/ros/yocs_msgs/msg/DockingInteractorActionGoal.js)
Linked: (/home/zaina/catkin_ws/devel/.private/yocs_msgs/share/gennodejs/ros/yocs_msgs/msg/ARPairList.js, /home/zaina/catkin_ws/devel/share/gennodejs/ros/yocs_msgs/msg/ARPairList.js)
Linked: (/home/zaina/catkin_ws/devel/.private/yocs_msgs/share/gennodejs/ros/yocs_msgs/msg/DockingInteractorAction.js, /home/zaina/catkin_ws/devel/share/gennodejs/ros/yocs_msgs/msg/DockingInteractorAction.js)
Linked: (/home/zaina/catkin_ws/devel/.private/yocs_msgs/share/gennodejs/ros/yocs_msgs/msg/LocalizeFeedback.js, /home/zaina/catkin_ws/devel/share/gennodejs/ros/yocs_msgs/msg/LocalizeFeedback.js)
Linked: (/home/zaina/catkin_ws/devel/.private/yocs_msgs/share/gennodejs/ros/yocs_msgs/msg/ARPair.js, /home/zaina/catkin_ws/devel/share/gennodejs/ros/yocs_msgs/msg/ARPair.js)
Linked: (/home/zaina/catkin_ws/devel/.private/yocs_msgs/share/gennodejs/ros/yocs_msgs/msg/TrajectoryList.js, /home/zaina/catkin_ws/devel/share/gennodejs/ros/yocs_msgs/msg/TrajectoryList.js)
Linked: (/home/zaina/catkin_ws/devel/.private/yocs_msgs/share/gennodejs/ros/yocs_msgs/msg/DockingInteractorFeedback.js, /home/zaina/catkin_ws/devel/share/gennodejs/ros/yocs_msgs/msg/DockingInteractorFeedback.js)
Linked: (/home/zaina/catkin_ws/devel/.private/yocs_msgs/share/gennodejs/ros/yocs_msgs/msg/NavigateToGoal.js, /home/zaina/catkin_ws/devel/share/gennodejs/ros/yocs_msgs/msg/NavigateToGoal.js)
Linked: (/home/zaina/catkin_ws/devel/.private/yocs_msgs/share/gennodejs/ros/yocs_msgs/msg/Table.js, /home/zaina/catkin_ws/devel/share/gennodejs/ros/yocs_msgs/msg/Table.js)
Linked: (/home/zaina/catkin_ws/devel/.private/yocs_msgs/share/gennodejs/ros/yocs_msgs/msg/LocalizeActionFeedback.js, /home/zaina/catkin_ws/devel/share/gennodejs/ros/yocs_msgs/msg/LocalizeActionFeedback.js)
Linked: (/home/zaina/catkin_ws/devel/.private/yocs_msgs/share/gennodejs/ros/yocs_msgs/msg/DockingInteractorActionResult.js, /home/zaina/catkin_ws/devel/share/gennodejs/ros/yocs_msgs/msg/DockingInteractorActionResult.js)
Linked: (/home/zaina/catkin_ws/devel/.private/yocs_msgs/share/gennodejs/ros/yocs_msgs/msg/LocalizeAction.js, /home/zaina/catkin_ws/devel/share/gennodejs/ros/yocs_msgs/msg/LocalizeAction.js)
Linked: (/home/zaina/catkin_ws/devel/.private/yocs_msgs/share/gennodejs/ros/yocs_msgs/msg/WaypointList.js, /home/zaina/catkin_ws/devel/share/gennodejs/ros/yocs_msgs/msg/WaypointList.js)
Linked: (/home/zaina/catkin_ws/devel/.private/yocs_msgs/share/gennodejs/ros/yocs_msgs/msg/Trajectory.js, /home/zaina/catkin_ws/devel/share/gennodejs/ros/yocs_msgs/msg/Trajectory.js)
Linked: (/home/zaina/catkin_ws/devel/.private/yocs_msgs/share/gennodejs/ros/yocs_msgs/msg/LocalizeResult.js, /home/zaina/catkin_ws/devel/share/gennodejs/ros/yocs_msgs/msg/LocalizeResult.js)
Linked: (/home/zaina/catkin_ws/devel/.private/yocs_msgs/share/gennodejs/ros/yocs_msgs/msg/ColumnList.js, /home/zaina/catkin_ws/devel/share/gennodejs/ros/yocs_msgs/msg/ColumnList.js)
Linked: (/home/zaina/catkin_ws/devel/.private/yocs_msgs/share/gennodejs/ros/yocs_msgs/msg/NavigateToFeedback.js, /home/zaina/catkin_ws/devel/share/gennodejs/ros/yocs_msgs/msg/NavigateToFeedback.js)
Linked: (/home/zaina/catkin_ws/devel/.private/yocs_msgs/share/gennodejs/ros/yocs_msgs/msg/DockingInteractorResult.js, /home/zaina/catkin_ws/devel/share/gennodejs/ros/yocs_msgs/msg/DockingInteractorResult.js)
Linked: (/home/zaina/catkin_ws/devel/.private/yocs_msgs/share/gennodejs/ros/yocs_msgs/msg/LocalizeGoal.js, /home/zaina/catkin_ws/devel/share/gennodejs/ros/yocs_msgs/msg/LocalizeGoal.js)
Linked: (/home/zaina/catkin_ws/devel/.private/yocs_msgs/share/gennodejs/ros/yocs_msgs/msg/NavigateToAction.js, /home/zaina/catkin_ws/devel/share/gennodejs/ros/yocs_msgs/msg/NavigateToAction.js)
Linked: (/home/zaina/catkin_ws/devel/.private/yocs_msgs/share/gennodejs/ros/yocs_msgs/msg/Wall.js, /home/zaina/catkin_ws/devel/share/gennodejs/ros/yocs_msgs/msg/Wall.js)
Linked: (/home/zaina/catkin_ws/devel/.private/yocs_msgs/share/gennodejs/ros/yocs_msgs/msg/Waypoint.js, /home/zaina/catkin_ws/devel/share/gennodejs/ros/yocs_msgs/msg/Waypoint.js)
Linked: (/home/zaina/catkin_ws/devel/.private/yocs_msgs/share/gennodejs/ros/yocs_msgs/msg/NavigationControlStatus.js, /home/zaina/catkin_ws/devel/share/gennodejs/ros/yocs_msgs/msg/NavigationControlStatus.js)
Linked: (/home/zaina/catkin_ws/devel/.private/yocs_msgs/share/gennodejs/ros/yocs_msgs/msg/LocalizeActionGoal.js, /home/zaina/catkin_ws/devel/share/gennodejs/ros/yocs_msgs/msg/LocalizeActionGoal.js)
Linked: (/home/zaina/catkin_ws/devel/.private/yocs_msgs/share/yocs_msgs/msg/DockingInteractorAction.msg, /home/zaina/catkin_ws/devel/share/yocs_msgs/msg/DockingInteractorAction.msg)
Linked: (/home/zaina/catkin_ws/devel/.private/yocs_msgs/share/yocs_msgs/msg/LocalizeGoal.msg, /home/zaina/catkin_ws/devel/share/yocs_msgs/msg/LocalizeGoal.msg)
Linked: (/home/zaina/catkin_ws/devel/.private/yocs_msgs/share/yocs_msgs/msg/NavigateToAction.msg, /home/zaina/catkin_ws/devel/share/yocs_msgs/msg/NavigateToAction.msg)
Linked: (/home/zaina/catkin_ws/devel/.private/yocs_msgs/share/yocs_msgs/msg/NavigateToActionFeedback.msg, /home/zaina/catkin_ws/devel/share/yocs_msgs/msg/NavigateToActionFeedback.msg)
Linked: (/home/zaina/catkin_ws/devel/.private/yocs_msgs/share/yocs_msgs/msg/LocalizeActionGoal.msg, /home/zaina/catkin_ws/devel/share/yocs_msgs/msg/LocalizeActionGoal.msg)
Linked: (/home/zaina/catkin_ws/devel/.private/yocs_msgs/share/yocs_msgs/msg/LocalizeFeedback.msg, /home/zaina/catkin_ws/devel/share/yocs_msgs/msg/LocalizeFeedback.msg)
Linked: (/home/zaina/catkin_ws/devel/.private/yocs_msgs/share/yocs_msgs/msg/DockingInteractorGoal.msg, /home/zaina/catkin_ws/devel/share/yocs_msgs/msg/DockingInteractorGoal.msg)
Linked: (/home/zaina/catkin_ws/devel/.private/yocs_msgs/share/yocs_msgs/msg/LocalizeAction.msg, /home/zaina/catkin_ws/devel/share/yocs_msgs/msg/LocalizeAction.msg)
Linked: (/home/zaina/catkin_ws/devel/.private/yocs_msgs/share/yocs_msgs/msg/NavigateToGoal.msg, /home/zaina/catkin_ws/devel/share/yocs_msgs/msg/NavigateToGoal.msg)
Linked: (/home/zaina/catkin_ws/devel/.private/yocs_msgs/share/yocs_msgs/msg/DockingInteractorActionFeedback.msg, /home/zaina/catkin_ws/devel/share/yocs_msgs/msg/DockingInteractorActionFeedback.msg)
Linked: (/home/zaina/catkin_ws/devel/.private/yocs_msgs/share/yocs_msgs/msg/DockingInteractorActionGoal.msg, /home/zaina/catkin_ws/devel/share/yocs_msgs/msg/DockingInteractorActionGoal.msg)
Linked: (/home/zaina/catkin_ws/devel/.private/yocs_msgs/share/yocs_msgs/msg/DockingInteractorActionResult.msg, /home/zaina/catkin_ws/devel/share/yocs_msgs/msg/DockingInteractorActionResult.msg)
Linked: (/home/zaina/catkin_ws/devel/.private/yocs_msgs/share/yocs_msgs/msg/NavigateToFeedback.msg, /home/zaina/catkin_ws/devel/share/yocs_msgs/msg/NavigateToFeedback.msg)
Linked: (/home/zaina/catkin_ws/devel/.private/yocs_msgs/share/yocs_msgs/msg/LocalizeActionResult.msg, /home/zaina/catkin_ws/devel/share/yocs_msgs/msg/LocalizeActionResult.msg)
Linked: (/home/zaina/catkin_ws/devel/.private/yocs_msgs/share/yocs_msgs/msg/DockingInteractorResult.msg, /home/zaina/catkin_ws/devel/share/yocs_msgs/msg/DockingInteractorResult.msg)
Linked: (/home/zaina/catkin_ws/devel/.private/yocs_msgs/share/yocs_msgs/msg/DockingInteractorFeedback.msg, /home/zaina/catkin_ws/devel/share/yocs_msgs/msg/DockingInteractorFeedback.msg)
Linked: (/home/zaina/catkin_ws/devel/.private/yocs_msgs/share/yocs_msgs/msg/NavigateToResult.msg, /home/zaina/catkin_ws/devel/share/yocs_msgs/msg/NavigateToResult.msg)
Linked: (/home/zaina/catkin_ws/devel/.private/yocs_msgs/share/yocs_msgs/msg/NavigateToActionResult.msg, /home/zaina/catkin_ws/devel/share/yocs_msgs/msg/NavigateToActionResult.msg)
Linked: (/home/zaina/catkin_ws/devel/.private/yocs_msgs/share/yocs_msgs/msg/LocalizeResult.msg, /home/zaina/catkin_ws/devel/share/yocs_msgs/msg/LocalizeResult.msg)
Linked: (/home/zaina/catkin_ws/devel/.private/yocs_msgs/share/yocs_msgs/msg/LocalizeActionFeedback.msg, /home/zaina/catkin_ws/devel/share/yocs_msgs/msg/LocalizeActionFeedback.msg)
Linked: (/home/zaina/catkin_ws/devel/.private/yocs_msgs/share/yocs_msgs/msg/NavigateToActionGoal.msg, /home/zaina/catkin_ws/devel/share/yocs_msgs/msg/NavigateToActionGoal.msg)
Linked: (/home/zaina/catkin_ws/devel/.private/yocs_msgs/share/yocs_msgs/docs/JoystickConfig-usage.dox, /home/zaina/catkin_ws/devel/share/yocs_msgs/docs/JoystickConfig-usage.dox)
Linked: (/home/zaina/catkin_ws/devel/.private/yocs_msgs/share/yocs_msgs/docs/JoystickConfig.wikidoc, /home/zaina/catkin_ws/devel/share/yocs_msgs/docs/JoystickConfig.wikidoc)
Linked: (/home/zaina/catkin_ws/devel/.private/yocs_msgs/share/yocs_msgs/docs/JoystickConfig.dox, /home/zaina/catkin_ws/devel/share/yocs_msgs/docs/JoystickConfig.dox)
Linked: (/home/zaina/catkin_ws/devel/.private/yocs_msgs/share/yocs_msgs/cmake/yocs_msgsConfig-version.cmake, /home/zaina/catkin_ws/devel/share/yocs_msgs/cmake/yocs_msgsConfig-version.cmake)
Linked: (/home/zaina/catkin_ws/devel/.private/yocs_msgs/share/yocs_msgs/cmake/yocs_msgs-msg-paths.cmake, /home/zaina/catkin_ws/devel/share/yocs_msgs/cmake/yocs_msgs-msg-paths.cmake)
Linked: (/home/zaina/catkin_ws/devel/.private/yocs_msgs/share/yocs_msgs/cmake/yocs_msgs-msg-extras.cmake, /home/zaina/catkin_ws/devel/share/yocs_msgs/cmake/yocs_msgs-msg-extras.cmake)
Linked: (/home/zaina/catkin_ws/devel/.private/yocs_msgs/share/yocs_msgs/cmake/yocs_msgsConfig.cmake, /home/zaina/catkin_ws/devel/share/yocs_msgs/cmake/yocs_msgsConfig.cmake)
Linked: (/home/zaina/catkin_ws/devel/.private/yocs_msgs/share/roseus/ros/yocs_msgs/manifest.l, /home/zaina/catkin_ws/devel/share/roseus/ros/yocs_msgs/manifest.l)
Linked: (/home/zaina/catkin_ws/devel/.private/yocs_msgs/share/roseus/ros/yocs_msgs/srv/WaypointListService.l, /home/zaina/catkin_ws/devel/share/roseus/ros/yocs_msgs/srv/WaypointListService.l)
Linked: (/home/zaina/catkin_ws/devel/.private/yocs_msgs/share/roseus/ros/yocs_msgs/msg/LocalizeFeedback.l, /home/zaina/catkin_ws/devel/share/roseus/ros/yocs_msgs/msg/LocalizeFeedback.l)
Linked: (/home/zaina/catkin_ws/devel/.private/yocs_msgs/share/roseus/ros/yocs_msgs/msg/ARPair.l, /home/zaina/catkin_ws/devel/share/roseus/ros/yocs_msgs/msg/ARPair.l)
Linked: (/home/zaina/catkin_ws/devel/.private/yocs_msgs/share/roseus/ros/yocs_msgs/msg/LocalizeGoal.l, /home/zaina/catkin_ws/devel/share/roseus/ros/yocs_msgs/msg/LocalizeGoal.l)
Linked: (/home/zaina/catkin_ws/devel/.private/yocs_msgs/share/roseus/ros/yocs_msgs/msg/Trajectory.l, /home/zaina/catkin_ws/devel/share/roseus/ros/yocs_msgs/msg/Trajectory.l)
Linked: (/home/zaina/catkin_ws/devel/.private/yocs_msgs/share/roseus/ros/yocs_msgs/msg/NavigationControlStatus.l, /home/zaina/catkin_ws/devel/share/roseus/ros/yocs_msgs/msg/NavigationControlStatus.l)
Linked: (/home/zaina/catkin_ws/devel/.private/yocs_msgs/share/roseus/ros/yocs_msgs/msg/NavigateToResult.l, /home/zaina/catkin_ws/devel/share/roseus/ros/yocs_msgs/msg/NavigateToResult.l)
Linked: (/home/zaina/catkin_ws/devel/.private/yocs_msgs/share/roseus/ros/yocs_msgs/msg/Column.l, /home/zaina/catkin_ws/devel/share/roseus/ros/yocs_msgs/msg/Column.l)
Linked: (/home/zaina/catkin_ws/devel/.private/yocs_msgs/share/roseus/ros/yocs_msgs/msg/MagicButton.l, /home/zaina/catkin_ws/devel/share/roseus/ros/yocs_msgs/msg/MagicButton.l)
Linked: (/home/zaina/catkin_ws/devel/.private/yocs_msgs/share/roseus/ros/yocs_msgs/msg/NavigateToActionGoal.l, /home/zaina/catkin_ws/devel/share/roseus/ros/yocs_msgs/msg/NavigateToActionGoal.l)
Linked: (/home/zaina/catkin_ws/devel/.private/yocs_msgs/share/roseus/ros/yocs_msgs/msg/NavigateToActionResult.l, /home/zaina/catkin_ws/devel/share/roseus/ros/yocs_msgs/msg/NavigateToActionResult.l)
Linked: (/home/zaina/catkin_ws/devel/.private/yocs_msgs/share/roseus/ros/yocs_msgs/msg/DockingInteractorActionFeedback.l, /home/zaina/catkin_ws/devel/share/roseus/ros/yocs_msgs/msg/DockingInteractorActionFeedback.l)
Linked: (/home/zaina/catkin_ws/devel/.private/yocs_msgs/share/roseus/ros/yocs_msgs/msg/LocalizeActionGoal.l, /home/zaina/catkin_ws/devel/share/roseus/ros/yocs_msgs/msg/LocalizeActionGoal.l)
Linked: (/home/zaina/catkin_ws/devel/.private/yocs_msgs/share/roseus/ros/yocs_msgs/msg/DockingInteractorResult.l, /home/zaina/catkin_ws/devel/share/roseus/ros/yocs_msgs/msg/DockingInteractorResult.l)
Linked: (/home/zaina/catkin_ws/devel/.private/yocs_msgs/share/roseus/ros/yocs_msgs/msg/NavigationControl.l, /home/zaina/catkin_ws/devel/share/roseus/ros/yocs_msgs/msg/NavigationControl.l)
Linked: (/home/zaina/catkin_ws/devel/.private/yocs_msgs/share/roseus/ros/yocs_msgs/msg/LocalizeActionFeedback.l, /home/zaina/catkin_ws/devel/share/roseus/ros/yocs_msgs/msg/LocalizeActionFeedback.l)
Linked: (/home/zaina/catkin_ws/devel/.private/yocs_msgs/share/roseus/ros/yocs_msgs/msg/DockingInteractorActionGoal.l, /home/zaina/catkin_ws/devel/share/roseus/ros/yocs_msgs/msg/DockingInteractorActionGoal.l)
Linked: (/home/zaina/catkin_ws/devel/.private/yocs_msgs/share/roseus/ros/yocs_msgs/msg/Wall.l, /home/zaina/catkin_ws/devel/share/roseus/ros/yocs_msgs/msg/Wall.l)
Linked: (/home/zaina/catkin_ws/devel/.private/yocs_msgs/share/roseus/ros/yocs_msgs/msg/NavigateToFeedback.l, /home/zaina/catkin_ws/devel/share/roseus/ros/yocs_msgs/msg/NavigateToFeedback.l)
Linked: (/home/zaina/catkin_ws/devel/.private/yocs_msgs/share/roseus/ros/yocs_msgs/msg/DockingInteractorGoal.l, /home/zaina/catkin_ws/devel/share/roseus/ros/yocs_msgs/msg/DockingInteractorGoal.l)
Linked: (/home/zaina/catkin_ws/devel/.private/yocs_msgs/share/roseus/ros/yocs_msgs/msg/LocalizeActionResult.l, /home/zaina/catkin_ws/devel/share/roseus/ros/yocs_msgs/msg/LocalizeActionResult.l)
Linked: (/home/zaina/catkin_ws/devel/.private/yocs_msgs/share/roseus/ros/yocs_msgs/msg/DockingInteractorAction.l, /home/zaina/catkin_ws/devel/share/roseus/ros/yocs_msgs/msg/DockingInteractorAction.l)
Linked: (/home/zaina/catkin_ws/devel/.private/yocs_msgs/share/roseus/ros/yocs_msgs/msg/DockingInteractorActionResult.l, /home/zaina/catkin_ws/devel/share/roseus/ros/yocs_msgs/msg/DockingInteractorActionResult.l)
Linked: (/home/zaina/catkin_ws/devel/.private/yocs_msgs/share/roseus/ros/yocs_msgs/msg/WaypointList.l, /home/zaina/catkin_ws/devel/share/roseus/ros/yocs_msgs/msg/WaypointList.l)
Linked: (/home/zaina/catkin_ws/devel/.private/yocs_msgs/share/roseus/ros/yocs_msgs/msg/ColumnList.l, /home/zaina/catkin_ws/devel/share/roseus/ros/yocs_msgs/msg/ColumnList.l)
Linked: (/home/zaina/catkin_ws/devel/.private/yocs_msgs/share/roseus/ros/yocs_msgs/msg/WallList.l, /home/zaina/catkin_ws/devel/share/roseus/ros/yocs_msgs/msg/WallList.l)
Linked: (/home/zaina/catkin_ws/devel/.private/yocs_msgs/share/roseus/ros/yocs_msgs/msg/NavigateToAction.l, /home/zaina/catkin_ws/devel/share/roseus/ros/yocs_msgs/msg/NavigateToAction.l)
Linked: (/home/zaina/catkin_ws/devel/.private/yocs_msgs/share/roseus/ros/yocs_msgs/msg/Table.l, /home/zaina/catkin_ws/devel/share/roseus/ros/yocs_msgs/msg/Table.l)
Linked: (/home/zaina/catkin_ws/devel/.private/yocs_msgs/share/roseus/ros/yocs_msgs/msg/TableList.l, /home/zaina/catkin_ws/devel/share/roseus/ros/yocs_msgs/msg/TableList.l)
Linked: (/home/zaina/catkin_ws/devel/.private/yocs_msgs/share/roseus/ros/yocs_msgs/msg/NavigateToGoal.l, /home/zaina/catkin_ws/devel/share/roseus/ros/yocs_msgs/msg/NavigateToGoal.l)
Linked: (/home/zaina/catkin_ws/devel/.private/yocs_msgs/share/roseus/ros/yocs_msgs/msg/ARPairList.l, /home/zaina/catkin_ws/devel/share/roseus/ros/yocs_msgs/msg/ARPairList.l)
Linked: (/home/zaina/catkin_ws/devel/.private/yocs_msgs/share/roseus/ros/yocs_msgs/msg/Waypoint.l, /home/zaina/catkin_ws/devel/share/roseus/ros/yocs_msgs/msg/Waypoint.l)
Linked: (/home/zaina/catkin_ws/devel/.private/yocs_msgs/share/roseus/ros/yocs_msgs/msg/LocalizeAction.l, /home/zaina/catkin_ws/devel/share/roseus/ros/yocs_msgs/msg/LocalizeAction.l)
Linked: (/home/zaina/catkin_ws/devel/.private/yocs_msgs/share/roseus/ros/yocs_msgs/msg/LocalizeResult.l, /home/zaina/catkin_ws/devel/share/roseus/ros/yocs_msgs/msg/LocalizeResult.l)
Linked: (/home/zaina/catkin_ws/devel/.private/yocs_msgs/share/roseus/ros/yocs_msgs/msg/DockingInteractorFeedback.l, /home/zaina/catkin_ws/devel/share/roseus/ros/yocs_msgs/msg/DockingInteractorFeedback.l)
Linked: (/home/zaina/catkin_ws/devel/.private/yocs_msgs/share/roseus/ros/yocs_msgs/msg/TrajectoryList.l, /home/zaina/catkin_ws/devel/share/roseus/ros/yocs_msgs/msg/TrajectoryList.l)
Linked: (/home/zaina/catkin_ws/devel/.private/yocs_msgs/share/roseus/ros/yocs_msgs/msg/NavigateToActionFeedback.l, /home/zaina/catkin_ws/devel/share/roseus/ros/yocs_msgs/msg/NavigateToActionFeedback.l)
Linked: (/home/zaina/catkin_ws/devel/.private/yocs_msgs/lib/pkgconfig/yocs_msgs.pc, /home/zaina/catkin_ws/devel/lib/pkgconfig/yocs_msgs.pc)
Linked: (/home/zaina/catkin_ws/devel/.private/yocs_msgs/lib/python3/dist-packages/yocs_msgs/__init__.py, /home/zaina/catkin_ws/devel/lib/python3/dist-packages/yocs_msgs/__init__.py)
Linked: (/home/zaina/catkin_ws/devel/.private/yocs_msgs/lib/python3/dist-packages/yocs_msgs/srv/_WaypointListService.py, /home/zaina/catkin_ws/devel/lib/python3/dist-packages/yocs_msgs/srv/_WaypointListService.py)
Linked: (/home/zaina/catkin_ws/devel/.private/yocs_msgs/lib/python3/dist-packages/yocs_msgs/srv/__init__.py, /home/zaina/catkin_ws/devel/lib/python3/dist-packages/yocs_msgs/srv/__init__.py)
Linked: (/home/zaina/catkin_ws/devel/.private/yocs_msgs/lib/python3/dist-packages/yocs_msgs/msg/_DockingInteractorGoal.py, /home/zaina/catkin_ws/devel/lib/python3/dist-packages/yocs_msgs/msg/_DockingInteractorGoal.py)
Linked: (/home/zaina/catkin_ws/devel/.private/yocs_msgs/lib/python3/dist-packages/yocs_msgs/msg/_TrajectoryList.py, /home/zaina/catkin_ws/devel/lib/python3/dist-packages/yocs_msgs/msg/_TrajectoryList.py)
Linked: (/home/zaina/catkin_ws/devel/.private/yocs_msgs/lib/python3/dist-packages/yocs_msgs/msg/_NavigateToResult.py, /home/zaina/catkin_ws/devel/lib/python3/dist-packages/yocs_msgs/msg/_NavigateToResult.py)
Linked: (/home/zaina/catkin_ws/devel/.private/yocs_msgs/lib/python3/dist-packages/yocs_msgs/msg/_DockingInteractorAction.py, /home/zaina/catkin_ws/devel/lib/python3/dist-packages/yocs_msgs/msg/_DockingInteractorAction.py)
Linked: (/home/zaina/catkin_ws/devel/.private/yocs_msgs/lib/python3/dist-packages/yocs_msgs/msg/_LocalizeFeedback.py, /home/zaina/catkin_ws/devel/lib/python3/dist-packages/yocs_msgs/msg/_LocalizeFeedback.py)
Linked: (/home/zaina/catkin_ws/devel/.private/yocs_msgs/lib/python3/dist-packages/yocs_msgs/msg/_NavigateToActionResult.py, /home/zaina/catkin_ws/devel/lib/python3/dist-packages/yocs_msgs/msg/_NavigateToActionResult.py)
Linked: (/home/zaina/catkin_ws/devel/.private/yocs_msgs/lib/python3/dist-packages/yocs_msgs/msg/_ColumnList.py, /home/zaina/catkin_ws/devel/lib/python3/dist-packages/yocs_msgs/msg/_ColumnList.py)
Linked: (/home/zaina/catkin_ws/devel/.private/yocs_msgs/lib/python3/dist-packages/yocs_msgs/msg/_MagicButton.py, /home/zaina/catkin_ws/devel/lib/python3/dist-packages/yocs_msgs/msg/_MagicButton.py)
Linked: (/home/zaina/catkin_ws/devel/.private/yocs_msgs/lib/python3/dist-packages/yocs_msgs/msg/_LocalizeAction.py, /home/zaina/catkin_ws/devel/lib/python3/dist-packages/yocs_msgs/msg/_LocalizeAction.py)
Linked: (/home/zaina/catkin_ws/devel/.private/yocs_msgs/lib/python3/dist-packages/yocs_msgs/msg/_NavigateToActionFeedback.py, /home/zaina/catkin_ws/devel/lib/python3/dist-packages/yocs_msgs/msg/_NavigateToActionFeedback.py)
Linked: (/home/zaina/catkin_ws/devel/.private/yocs_msgs/lib/python3/dist-packages/yocs_msgs/msg/_NavigateToFeedback.py, /home/zaina/catkin_ws/devel/lib/python3/dist-packages/yocs_msgs/msg/_NavigateToFeedback.py)
Linked: (/home/zaina/catkin_ws/devel/.private/yocs_msgs/lib/python3/dist-packages/yocs_msgs/msg/_DockingInteractorFeedback.py, /home/zaina/catkin_ws/devel/lib/python3/dist-packages/yocs_msgs/msg/_DockingInteractorFeedback.py)
Linked: (/home/zaina/catkin_ws/devel/.private/yocs_msgs/lib/python3/dist-packages/yocs_msgs/msg/_ARPair.py, /home/zaina/catkin_ws/devel/lib/python3/dist-packages/yocs_msgs/msg/_ARPair.py)
Linked: (/home/zaina/catkin_ws/devel/.private/yocs_msgs/lib/python3/dist-packages/yocs_msgs/msg/_DockingInteractorActionFeedback.py, /home/zaina/catkin_ws/devel/lib/python3/dist-packages/yocs_msgs/msg/_DockingInteractorActionFeedback.py)
Linked: (/home/zaina/catkin_ws/devel/.private/yocs_msgs/lib/python3/dist-packages/yocs_msgs/msg/__init__.py, /home/zaina/catkin_ws/devel/lib/python3/dist-packages/yocs_msgs/msg/__init__.py)
Linked: (/home/zaina/catkin_ws/devel/.private/yocs_msgs/lib/python3/dist-packages/yocs_msgs/msg/_TableList.py, /home/zaina/catkin_ws/devel/lib/python3/dist-packages/yocs_msgs/msg/_TableList.py)
Linked: (/home/zaina/catkin_ws/devel/.private/yocs_msgs/lib/python3/dist-packages/yocs_msgs/msg/_DockingInteractorActionResult.py, /home/zaina/catkin_ws/devel/lib/python3/dist-packages/yocs_msgs/msg/_DockingInteractorActionResult.py)
Linked: (/home/zaina/catkin_ws/devel/.private/yocs_msgs/lib/python3/dist-packages/yocs_msgs/msg/_WaypointList.py, /home/zaina/catkin_ws/devel/lib/python3/dist-packages/yocs_msgs/msg/_WaypointList.py)
Linked: (/home/zaina/catkin_ws/devel/.private/yocs_msgs/lib/python3/dist-packages/yocs_msgs/msg/_DockingInteractorResult.py, /home/zaina/catkin_ws/devel/lib/python3/dist-packages/yocs_msgs/msg/_DockingInteractorResult.py)
Linked: (/home/zaina/catkin_ws/devel/.private/yocs_msgs/lib/python3/dist-packages/yocs_msgs/msg/_WallList.py, /home/zaina/catkin_ws/devel/lib/python3/dist-packages/yocs_msgs/msg/_WallList.py)
Linked: (/home/zaina/catkin_ws/devel/.private/yocs_msgs/lib/python3/dist-packages/yocs_msgs/msg/_Waypoint.py, /home/zaina/catkin_ws/devel/lib/python3/dist-packages/yocs_msgs/msg/_Waypoint.py)
Linked: (/home/zaina/catkin_ws/devel/.private/yocs_msgs/lib/python3/dist-packages/yocs_msgs/msg/_LocalizeGoal.py, /home/zaina/catkin_ws/devel/lib/python3/dist-packages/yocs_msgs/msg/_LocalizeGoal.py)
Linked: (/home/zaina/catkin_ws/devel/.private/yocs_msgs/lib/python3/dist-packages/yocs_msgs/msg/_LocalizeActionGoal.py, /home/zaina/catkin_ws/devel/lib/python3/dist-packages/yocs_msgs/msg/_LocalizeActionGoal.py)
Linked: (/home/zaina/catkin_ws/devel/.private/yocs_msgs/lib/python3/dist-packages/yocs_msgs/msg/_LocalizeActionFeedback.py, /home/zaina/catkin_ws/devel/lib/python3/dist-packages/yocs_msgs/msg/_LocalizeActionFeedback.py)
Linked: (/home/zaina/catkin_ws/devel/.private/yocs_msgs/lib/python3/dist-packages/yocs_msgs/msg/_NavigateToAction.py, /home/zaina/catkin_ws/devel/lib/python3/dist-packages/yocs_msgs/msg/_NavigateToAction.py)
Linked: (/home/zaina/catkin_ws/devel/.private/yocs_msgs/lib/python3/dist-packages/yocs_msgs/msg/_Column.py, /home/zaina/catkin_ws/devel/lib/python3/dist-packages/yocs_msgs/msg/_Column.py)
Linked: (/home/zaina/catkin_ws/devel/.private/yocs_msgs/lib/python3/dist-packages/yocs_msgs/msg/_Wall.py, /home/zaina/catkin_ws/devel/lib/python3/dist-packages/yocs_msgs/msg/_Wall.py)
Linked: (/home/zaina/catkin_ws/devel/.private/yocs_msgs/lib/python3/dist-packages/yocs_msgs/msg/_NavigateToActionGoal.py, /home/zaina/catkin_ws/devel/lib/python3/dist-packages/yocs_msgs/msg/_NavigateToActionGoal.py)
Linked: (/home/zaina/catkin_ws/devel/.private/yocs_msgs/lib/python3/dist-packages/yocs_msgs/msg/_NavigationControlStatus.py, /home/zaina/catkin_ws/devel/lib/python3/dist-packages/yocs_msgs/msg/_NavigationControlStatus.py)
Linked: (/home/zaina/catkin_ws/devel/.private/yocs_msgs/lib/python3/dist-packages/yocs_msgs/msg/_DockingInteractorActionGoal.py, /home/zaina/catkin_ws/devel/lib/python3/dist-packages/yocs_msgs/msg/_DockingInteractorActionGoal.py)
Linked: (/home/zaina/catkin_ws/devel/.private/yocs_msgs/lib/python3/dist-packages/yocs_msgs/msg/_Trajectory.py, /home/zaina/catkin_ws/devel/lib/python3/dist-packages/yocs_msgs/msg/_Trajectory.py)
Linked: (/home/zaina/catkin_ws/devel/.private/yocs_msgs/lib/python3/dist-packages/yocs_msgs/msg/_NavigateToGoal.py, /home/zaina/catkin_ws/devel/lib/python3/dist-packages/yocs_msgs/msg/_NavigateToGoal.py)
Linked: (/home/zaina/catkin_ws/devel/.private/yocs_msgs/lib/python3/dist-packages/yocs_msgs/msg/_Table.py, /home/zaina/catkin_ws/devel/lib/python3/dist-packages/yocs_msgs/msg/_Table.py)
Linked: (/home/zaina/catkin_ws/devel/.private/yocs_msgs/lib/python3/dist-packages/yocs_msgs/msg/_NavigationControl.py, /home/zaina/catkin_ws/devel/lib/python3/dist-packages/yocs_msgs/msg/_NavigationControl.py)
Linked: (/home/zaina/catkin_ws/devel/.private/yocs_msgs/lib/python3/dist-packages/yocs_msgs/msg/_ARPairList.py, /home/zaina/catkin_ws/devel/lib/python3/dist-packages/yocs_msgs/msg/_ARPairList.py)
Linked: (/home/zaina/catkin_ws/devel/.private/yocs_msgs/lib/python3/dist-packages/yocs_msgs/msg/_LocalizeResult.py, /home/zaina/catkin_ws/devel/lib/python3/dist-packages/yocs_msgs/msg/_LocalizeResult.py)
Linked: (/home/zaina/catkin_ws/devel/.private/yocs_msgs/lib/python3/dist-packages/yocs_msgs/msg/_LocalizeActionResult.py, /home/zaina/catkin_ws/devel/lib/python3/dist-packages/yocs_msgs/msg/_LocalizeActionResult.py)
Linked: (/home/zaina/catkin_ws/devel/.private/yocs_msgs/lib/python3/dist-packages/yocs_msgs/cfg/__init__.py, /home/zaina/catkin_ws/devel/lib/python3/dist-packages/yocs_msgs/cfg/__init__.py)
Linked: (/home/zaina/catkin_ws/devel/.private/yocs_msgs/lib/python3/dist-packages/yocs_msgs/cfg/JoystickConfig.py, /home/zaina/catkin_ws/devel/lib/python3/dist-packages/yocs_msgs/cfg/JoystickConfig.py)
Linked: (/home/zaina/catkin_ws/devel/.private/yocs_msgs/include/yocs_msgs/TrajectoryList.h, /home/zaina/catkin_ws/devel/include/yocs_msgs/TrajectoryList.h)
Linked: (/home/zaina/catkin_ws/devel/.private/yocs_msgs/include/yocs_msgs/NavigateToActionResult.h, /home/zaina/catkin_ws/devel/include/yocs_msgs/NavigateToActionResult.h)
Linked: (/home/zaina/catkin_ws/devel/.private/yocs_msgs/include/yocs_msgs/ARPairList.h, /home/zaina/catkin_ws/devel/include/yocs_msgs/ARPairList.h)
Linked: (/home/zaina/catkin_ws/devel/.private/yocs_msgs/include/yocs_msgs/DockingInteractorActionResult.h, /home/zaina/catkin_ws/devel/include/yocs_msgs/DockingInteractorActionResult.h)
Linked: (/home/zaina/catkin_ws/devel/.private/yocs_msgs/include/yocs_msgs/WallList.h, /home/zaina/catkin_ws/devel/include/yocs_msgs/WallList.h)
Linked: (/home/zaina/catkin_ws/devel/.private/yocs_msgs/include/yocs_msgs/NavigateToFeedback.h, /home/zaina/catkin_ws/devel/include/yocs_msgs/NavigateToFeedback.h)
Linked: (/home/zaina/catkin_ws/devel/.private/yocs_msgs/include/yocs_msgs/LocalizeActionResult.h, /home/zaina/catkin_ws/devel/include/yocs_msgs/LocalizeActionResult.h)
Linked: (/home/zaina/catkin_ws/devel/.private/yocs_msgs/include/yocs_msgs/DockingInteractorActionFeedback.h, /home/zaina/catkin_ws/devel/include/yocs_msgs/DockingInteractorActionFeedback.h)
Linked: (/home/zaina/catkin_ws/devel/.private/yocs_msgs/include/yocs_msgs/DockingInteractorAction.h, /home/zaina/catkin_ws/devel/include/yocs_msgs/DockingInteractorAction.h)
Linked: (/home/zaina/catkin_ws/devel/.private/yocs_msgs/include/yocs_msgs/Column.h, /home/zaina/catkin_ws/devel/include/yocs_msgs/Column.h)
Linked: (/home/zaina/catkin_ws/devel/.private/yocs_msgs/include/yocs_msgs/ARPair.h, /home/zaina/catkin_ws/devel/include/yocs_msgs/ARPair.h)
Linked: (/home/zaina/catkin_ws/devel/.private/yocs_msgs/include/yocs_msgs/WaypointListServiceRequest.h, /home/zaina/catkin_ws/devel/include/yocs_msgs/WaypointListServiceRequest.h)
Linked: (/home/zaina/catkin_ws/devel/.private/yocs_msgs/include/yocs_msgs/LocalizeActionGoal.h, /home/zaina/catkin_ws/devel/include/yocs_msgs/LocalizeActionGoal.h)
Linked: (/home/zaina/catkin_ws/devel/.private/yocs_msgs/include/yocs_msgs/WaypointListService.h, /home/zaina/catkin_ws/devel/include/yocs_msgs/WaypointListService.h)
Linked: (/home/zaina/catkin_ws/devel/.private/yocs_msgs/include/yocs_msgs/DockingInteractorGoal.h, /home/zaina/catkin_ws/devel/include/yocs_msgs/DockingInteractorGoal.h)
Linked: (/home/zaina/catkin_ws/devel/.private/yocs_msgs/include/yocs_msgs/LocalizeGoal.h, /home/zaina/catkin_ws/devel/include/yocs_msgs/LocalizeGoal.h)
Linked: (/home/zaina/catkin_ws/devel/.private/yocs_msgs/include/yocs_msgs/NavigateToActionFeedback.h, /home/zaina/catkin_ws/devel/include/yocs_msgs/NavigateToActionFeedback.h)
Linked: (/home/zaina/catkin_ws/devel/.private/yocs_msgs/include/yocs_msgs/NavigationControlStatus.h, /home/zaina/catkin_ws/devel/include/yocs_msgs/NavigationControlStatus.h)
Linked: (/home/zaina/catkin_ws/devel/.private/yocs_msgs/include/yocs_msgs/NavigateToResult.h, /home/zaina/catkin_ws/devel/include/yocs_msgs/NavigateToResult.h)
Linked: (/home/zaina/catkin_ws/devel/.private/yocs_msgs/include/yocs_msgs/LocalizeAction.h, /home/zaina/catkin_ws/devel/include/yocs_msgs/LocalizeAction.h)
Linked: (/home/zaina/catkin_ws/devel/.private/yocs_msgs/include/yocs_msgs/DockingInteractorResult.h, /home/zaina/catkin_ws/devel/include/yocs_msgs/DockingInteractorResult.h)
Linked: (/home/zaina/catkin_ws/devel/.private/yocs_msgs/include/yocs_msgs/NavigateToActionGoal.h, /home/zaina/catkin_ws/devel/include/yocs_msgs/NavigateToActionGoal.h)
Linked: (/home/zaina/catkin_ws/devel/.private/yocs_msgs/include/yocs_msgs/LocalizeResult.h, /home/zaina/catkin_ws/devel/include/yocs_msgs/LocalizeResult.h)
Linked: (/home/zaina/catkin_ws/devel/.private/yocs_msgs/include/yocs_msgs/Table.h, /home/zaina/catkin_ws/devel/include/yocs_msgs/Table.h)
Linked: (/home/zaina/catkin_ws/devel/.private/yocs_msgs/include/yocs_msgs/LocalizeFeedback.h, /home/zaina/catkin_ws/devel/include/yocs_msgs/LocalizeFeedback.h)
Linked: (/home/zaina/catkin_ws/devel/.private/yocs_msgs/include/yocs_msgs/NavigateToGoal.h, /home/zaina/catkin_ws/devel/include/yocs_msgs/NavigateToGoal.h)
Linked: (/home/zaina/catkin_ws/devel/.private/yocs_msgs/include/yocs_msgs/DockingInteractorFeedback.h, /home/zaina/catkin_ws/devel/include/yocs_msgs/DockingInteractorFeedback.h)
Linked: (/home/zaina/catkin_ws/devel/.private/yocs_msgs/include/yocs_msgs/WaypointListServiceResponse.h, /home/zaina/catkin_ws/devel/include/yocs_msgs/WaypointListServiceResponse.h)
Linked: (/home/zaina/catkin_ws/devel/.private/yocs_msgs/include/yocs_msgs/Trajectory.h, /home/zaina/catkin_ws/devel/include/yocs_msgs/Trajectory.h)
Linked: (/home/zaina/catkin_ws/devel/.private/yocs_msgs/include/yocs_msgs/Waypoint.h, /home/zaina/catkin_ws/devel/include/yocs_msgs/Waypoint.h)
Linked: (/home/zaina/catkin_ws/devel/.private/yocs_msgs/include/yocs_msgs/WaypointList.h, /home/zaina/catkin_ws/devel/include/yocs_msgs/WaypointList.h)
Linked: (/home/zaina/catkin_ws/devel/.private/yocs_msgs/include/yocs_msgs/DockingInteractorActionGoal.h, /home/zaina/catkin_ws/devel/include/yocs_msgs/DockingInteractorActionGoal.h)
Linked: (/home/zaina/catkin_ws/devel/.private/yocs_msgs/include/yocs_msgs/NavigateToAction.h, /home/zaina/catkin_ws/devel/include/yocs_msgs/NavigateToAction.h)
Linked: (/home/zaina/catkin_ws/devel/.private/yocs_msgs/include/yocs_msgs/JoystickConfig.h, /home/zaina/catkin_ws/devel/include/yocs_msgs/JoystickConfig.h)
Linked: (/home/zaina/catkin_ws/devel/.private/yocs_msgs/include/yocs_msgs/LocalizeActionFeedback.h, /home/zaina/catkin_ws/devel/include/yocs_msgs/LocalizeActionFeedback.h)
Linked: (/home/zaina/catkin_ws/devel/.private/yocs_msgs/include/yocs_msgs/ColumnList.h, /home/zaina/catkin_ws/devel/include/yocs_msgs/ColumnList.h)
Linked: (/home/zaina/catkin_ws/devel/.private/yocs_msgs/include/yocs_msgs/NavigationControl.h, /home/zaina/catkin_ws/devel/include/yocs_msgs/NavigationControl.h)
Linked: (/home/zaina/catkin_ws/devel/.private/yocs_msgs/include/yocs_msgs/TableList.h, /home/zaina/catkin_ws/devel/include/yocs_msgs/TableList.h)
Linked: (/home/zaina/catkin_ws/devel/.private/yocs_msgs/include/yocs_msgs/Wall.h, /home/zaina/catkin_ws/devel/include/yocs_msgs/Wall.h)
Linked: (/home/zaina/catkin_ws/devel/.private/yocs_msgs/include/yocs_msgs/MagicButton.h, /home/zaina/catkin_ws/devel/include/yocs_msgs/MagicButton.h)
