[35m[1mScanning dependencies of target _yocs_msgs_generate_messages_check_deps_DockingInteractorActionFeedback[0m
[35m[1mScanning dependencies of target _yocs_msgs_generate_messages_check_deps_LocalizeFeedback[0m
[35m[1mScanning dependencies of target _yocs_msgs_generate_messages_check_deps_LocalizeActionGoal[0m
[35m[1mScanning dependencies of target _yocs_msgs_generate_messages_check_deps_LocalizeActionFeedback[0m
[35m[1mScanning dependencies of target _yocs_msgs_generate_messages_check_deps_LocalizeResult[0m
[35m[1mScanning dependencies of target _yocs_msgs_generate_messages_check_deps_WaypointListService[0m
[35m[1mScanning dependencies of target _yocs_msgs_generate_messages_check_deps_LocalizeGoal[0m
[  0%] Built target _yocs_msgs_generate_messages_check_deps_LocalizeActionFeedback
[  0%] Built target _yocs_msgs_generate_messages_check_deps_WaypointListService
[  0%] Built target _yocs_msgs_generate_messages_check_deps_LocalizeFeedback
[  0%] Built target _yocs_msgs_generate_messages_check_deps_LocalizeActionGoal
[35m[1mScanning dependencies of target _yocs_msgs_generate_messages_check_deps_LocalizeAction[0m
[  0%] Built target _yocs_msgs_generate_messages_check_deps_DockingInteractorActionFeedback
[35m[1mScanning dependencies of target _yocs_msgs_generate_messages_check_deps_DockingInteractorFeedback[0m
[  0%] Built target _yocs_msgs_generate_messages_check_deps_LocalizeResult
[35m[1mScanning dependencies of target _yocs_msgs_generate_messages_check_deps_DockingInteractorGoal[0m
[35m[1mScanning dependencies of target _yocs_msgs_generate_messages_check_deps_DockingInteractorResult[0m
[35m[1mScanning dependencies of target std_srvs_generate_messages_eus[0m
[  0%] Built target _yocs_msgs_generate_messages_check_deps_LocalizeGoal
[35m[1mScanning dependencies of target _yocs_msgs_generate_messages_check_deps_Column[0m
[  0%] Built target std_srvs_generate_messages_eus
[35m[1mScanning dependencies of target _yocs_msgs_generate_messages_check_deps_NavigationControlStatus[0m
[35m[1mScanning dependencies of target _yocs_msgs_generate_messages_check_deps_NavigationControl[0m
[  0%] Built target _yocs_msgs_generate_messages_check_deps_LocalizeAction
[35m[1mScanning dependencies of target _yocs_msgs_generate_messages_check_deps_NavigateToActionResult[0m
[  0%] Built target _yocs_msgs_generate_messages_check_deps_DockingInteractorGoal
[  0%] Built target _yocs_msgs_generate_messages_check_deps_Column
[35m[1mScanning dependencies of target _yocs_msgs_generate_messages_check_deps_ColumnList[0m
[  0%] Built target _yocs_msgs_generate_messages_check_deps_DockingInteractorResult
[35m[1mScanning dependencies of target _yocs_msgs_generate_messages_check_deps_LocalizeActionResult[0m
[  0%] Built target _yocs_msgs_generate_messages_check_deps_DockingInteractorFeedback
[  0%] Built target _yocs_msgs_generate_messages_check_deps_NavigationControlStatus
[  0%] Built target _yocs_msgs_generate_messages_check_deps_NavigationControl
[35m[1mScanning dependencies of target actionlib_msgs_generate_messages_eus[0m
[35m[1mScanning dependencies of target std_msgs_generate_messages_eus[0m
[  0%] Built target actionlib_msgs_generate_messages_eus
[35m[1mScanning dependencies of target _yocs_msgs_generate_messages_check_deps_NavigateToActionGoal[0m
[35m[1mScanning dependencies of target _yocs_msgs_generate_messages_check_deps_NavigateToActionFeedback[0m
[  0%] Built target std_msgs_generate_messages_eus
[35m[1mScanning dependencies of target _yocs_msgs_generate_messages_check_deps_WallList[0m
[  0%] Built target _yocs_msgs_generate_messages_check_deps_NavigateToActionResult
[  0%] Built target _yocs_msgs_generate_messages_check_deps_LocalizeActionResult
[35m[1mScanning dependencies of target geometry_msgs_generate_messages_eus[0m
[35m[1mScanning dependencies of target _yocs_msgs_generate_messages_check_deps_ARPair[0m
[  0%] Built target geometry_msgs_generate_messages_eus
[35m[1mScanning dependencies of target _yocs_msgs_generate_messages_check_deps_NavigateToResult[0m
[35m[1mScanning dependencies of target _yocs_msgs_generate_messages_check_deps_NavigateToFeedback[0m
[  0%] Built target _yocs_msgs_generate_messages_check_deps_ColumnList
[  0%] Built target _yocs_msgs_generate_messages_check_deps_NavigateToActionFeedback
[  0%] Built target _yocs_msgs_generate_messages_check_deps_NavigateToActionGoal
[35m[1mScanning dependencies of target _yocs_msgs_generate_messages_check_deps_ARPairList[0m
[  0%] Built target _yocs_msgs_generate_messages_check_deps_WallList
[  0%] Built target _yocs_msgs_generate_messages_check_deps_ARPair
[35m[1mScanning dependencies of target _yocs_msgs_generate_messages_check_deps_Wall[0m
[35m[1mScanning dependencies of target _yocs_msgs_generate_messages_check_deps_Table[0m
[  0%] Built target _yocs_msgs_generate_messages_check_deps_NavigateToResult
[35m[1mScanning dependencies of target _yocs_msgs_generate_messages_check_deps_TableList[0m
[35m[1mScanning dependencies of target _yocs_msgs_generate_messages_check_deps_Trajectory[0m
[35m[1mScanning dependencies of target _yocs_msgs_generate_messages_check_deps_MagicButton[0m
[  0%] Built target _yocs_msgs_generate_messages_check_deps_NavigateToFeedback
[  0%] Built target _yocs_msgs_generate_messages_check_deps_ARPairList
[35m[1mScanning dependencies of target _yocs_msgs_generate_messages_check_deps_Waypoint[0m
[  0%] Built target _yocs_msgs_generate_messages_check_deps_Table
[  0%] Built target _yocs_msgs_generate_messages_check_deps_Wall
[35m[1mScanning dependencies of target _yocs_msgs_generate_messages_check_deps_NavigateToGoal[0m
[35m[1mScanning dependencies of target _yocs_msgs_generate_messages_check_deps_NavigateToAction[0m
[35m[1mScanning dependencies of target _yocs_msgs_generate_messages_check_deps_WaypointList[0m
[  0%] Built target _yocs_msgs_generate_messages_check_deps_TableList
[  0%] Built target _yocs_msgs_generate_messages_check_deps_MagicButton
[  0%] Built target _yocs_msgs_generate_messages_check_deps_Waypoint
[  0%] Built target _yocs_msgs_generate_messages_check_deps_Trajectory
[35m[1mScanning dependencies of target _yocs_msgs_generate_messages_check_deps_DockingInteractorActionGoal[0m
[35m[1mScanning dependencies of target _yocs_msgs_generate_messages_check_deps_DockingInteractorActionResult[0m
[  0%] Built target _yocs_msgs_generate_messages_check_deps_NavigateToGoal
[35m[1mScanning dependencies of target _yocs_msgs_generate_messages_check_deps_TrajectoryList[0m
[35m[1mScanning dependencies of target _yocs_msgs_generate_messages_check_deps_DockingInteractorAction[0m
[35m[1mScanning dependencies of target std_msgs_generate_messages_nodejs[0m
[  0%] Built target _yocs_msgs_generate_messages_check_deps_NavigateToAction
[  0%] Built target std_msgs_generate_messages_nodejs
[  0%] Built target _yocs_msgs_generate_messages_check_deps_WaypointList
[35m[1mScanning dependencies of target std_srvs_generate_messages_nodejs[0m
[  0%] Built target _yocs_msgs_generate_messages_check_deps_DockingInteractorActionGoal
[35m[1mScanning dependencies of target geometry_msgs_generate_messages_nodejs[0m
[35m[1mScanning dependencies of target actionlib_msgs_generate_messages_nodejs[0m
[35m[1mScanning dependencies of target std_srvs_generate_messages_lisp[0m
[  0%] Built target std_srvs_generate_messages_nodejs
[  0%] Built target _yocs_msgs_generate_messages_check_deps_TrajectoryList
[  0%] Built target _yocs_msgs_generate_messages_check_deps_DockingInteractorAction
[  0%] Built target geometry_msgs_generate_messages_nodejs
[  0%] Built target _yocs_msgs_generate_messages_check_deps_DockingInteractorActionResult
[  0%] Built target actionlib_msgs_generate_messages_nodejs
[  0%] Built target std_srvs_generate_messages_lisp
[35m[1mScanning dependencies of target std_msgs_generate_messages_lisp[0m
[35m[1mScanning dependencies of target actionlib_msgs_generate_messages_cpp[0m
[35m[1mScanning dependencies of target geometry_msgs_generate_messages_lisp[0m
[35m[1mScanning dependencies of target actionlib_msgs_generate_messages_lisp[0m
[35m[1mScanning dependencies of target std_msgs_generate_messages_cpp[0m
[35m[1mScanning dependencies of target std_srvs_generate_messages_cpp[0m
[  0%] Built target std_msgs_generate_messages_lisp
[  0%] Built target geometry_msgs_generate_messages_lisp
[35m[1mScanning dependencies of target geometry_msgs_generate_messages_cpp[0m
[  0%] Built target actionlib_msgs_generate_messages_lisp
[  0%] Built target actionlib_msgs_generate_messages_cpp
[  0%] Built target std_msgs_generate_messages_cpp
[  0%] Built target std_srvs_generate_messages_cpp
[35m[1mScanning dependencies of target std_msgs_generate_messages_py[0m
[  0%] Built target geometry_msgs_generate_messages_cpp
[35m[1mScanning dependencies of target actionlib_msgs_generate_messages_py[0m
[35m[1mScanning dependencies of target geometry_msgs_generate_messages_py[0m
[35m[1mScanning dependencies of target std_srvs_generate_messages_py[0m
[35m[1mScanning dependencies of target yocs_msgs_gencfg[0m
[  0%] Built target actionlib_msgs_generate_messages_py
[  0%] Built target std_msgs_generate_messages_py
[  0%] Built target geometry_msgs_generate_messages_py
[35m[1mScanning dependencies of target yocs_msgs_generate_messages_nodejs[0m
[35m[1mScanning dependencies of target yocs_msgs_generate_messages_eus[0m
[  0%] Built target std_srvs_generate_messages_py
[35m[1mScanning dependencies of target yocs_msgs_generate_messages_cpp[0m
[35m[1mScanning dependencies of target yocs_msgs_generate_messages_lisp[0m
[  0%] Built target yocs_msgs_gencfg
[35m[1mScanning dependencies of target yocs_msgs_generate_messages_py[0m
[ 19%] Built target yocs_msgs_generate_messages_nodejs
[ 39%] Built target yocs_msgs_generate_messages_eus
[ 72%] Built target yocs_msgs_generate_messages_cpp
[ 79%] Built target yocs_msgs_generate_messages_lisp
[100%] Built target yocs_msgs_generate_messages_py
[35m[1mScanning dependencies of target yocs_msgs_generate_messages[0m
[100%] Built target yocs_msgs_generate_messages
