Linked: (/home/zaina/catkin_ws/devel/.private/turtlebot_msgs/share/turtlebot_msgs/cmake/turtlebot_msgs-msg-paths.cmake, /home/zaina/catkin_ws/devel/share/turtlebot_msgs/cmake/turtlebot_msgs-msg-paths.cmake)
Linked: (/home/zaina/catkin_ws/devel/.private/turtlebot_msgs/share/turtlebot_msgs/cmake/turtlebot_msgsConfig.cmake, /home/zaina/catkin_ws/devel/share/turtlebot_msgs/cmake/turtlebot_msgsConfig.cmake)
Linked: (/home/zaina/catkin_ws/devel/.private/turtlebot_msgs/share/turtlebot_msgs/cmake/turtlebot_msgsConfig-version.cmake, /home/zaina/catkin_ws/devel/share/turtlebot_msgs/cmake/turtlebot_msgsConfig-version.cmake)
Linked: (/home/zaina/catkin_ws/devel/.private/turtlebot_msgs/share/turtlebot_msgs/cmake/turtlebot_msgs-msg-extras.cmake, /home/zaina/catkin_ws/devel/share/turtlebot_msgs/cmake/turtlebot_msgs-msg-extras.cmake)
Linked: (/home/zaina/catkin_ws/devel/.private/turtlebot_msgs/share/common-lisp/ros/turtlebot_msgs/srv/turtlebot_msgs-srv.asd, /home/zaina/catkin_ws/devel/share/common-lisp/ros/turtlebot_msgs/srv/turtlebot_msgs-srv.asd)
Linked: (/home/zaina/catkin_ws/devel/.private/turtlebot_msgs/share/common-lisp/ros/turtlebot_msgs/srv/TakePanorama.lisp, /home/zaina/catkin_ws/devel/share/common-lisp/ros/turtlebot_msgs/srv/TakePanorama.lisp)
Linked: (/home/zaina/catkin_ws/devel/.private/turtlebot_msgs/share/common-lisp/ros/turtlebot_msgs/srv/_package_TakePanorama.lisp, /home/zaina/catkin_ws/devel/share/common-lisp/ros/turtlebot_msgs/srv/_package_TakePanorama.lisp)
Linked: (/home/zaina/catkin_ws/devel/.private/turtlebot_msgs/share/common-lisp/ros/turtlebot_msgs/srv/SetFollowState.lisp, /home/zaina/catkin_ws/devel/share/common-lisp/ros/turtlebot_msgs/srv/SetFollowState.lisp)
Linked: (/home/zaina/catkin_ws/devel/.private/turtlebot_msgs/share/common-lisp/ros/turtlebot_msgs/srv/_package.lisp, /home/zaina/catkin_ws/devel/share/common-lisp/ros/turtlebot_msgs/srv/_package.lisp)
Linked: (/home/zaina/catkin_ws/devel/.private/turtlebot_msgs/share/common-lisp/ros/turtlebot_msgs/srv/_package_SetFollowState.lisp, /home/zaina/catkin_ws/devel/share/common-lisp/ros/turtlebot_msgs/srv/_package_SetFollowState.lisp)
Linked: (/home/zaina/catkin_ws/devel/.private/turtlebot_msgs/share/common-lisp/ros/turtlebot_msgs/msg/PanoramaImg.lisp, /home/zaina/catkin_ws/devel/share/common-lisp/ros/turtlebot_msgs/msg/PanoramaImg.lisp)
Linked: (/home/zaina/catkin_ws/devel/.private/turtlebot_msgs/share/common-lisp/ros/turtlebot_msgs/msg/_package.lisp, /home/zaina/catkin_ws/devel/share/common-lisp/ros/turtlebot_msgs/msg/_package.lisp)
Linked: (/home/zaina/catkin_ws/devel/.private/turtlebot_msgs/share/common-lisp/ros/turtlebot_msgs/msg/_package_PanoramaImg.lisp, /home/zaina/catkin_ws/devel/share/common-lisp/ros/turtlebot_msgs/msg/_package_PanoramaImg.lisp)
Linked: (/home/zaina/catkin_ws/devel/.private/turtlebot_msgs/share/common-lisp/ros/turtlebot_msgs/msg/turtlebot_msgs-msg.asd, /home/zaina/catkin_ws/devel/share/common-lisp/ros/turtlebot_msgs/msg/turtlebot_msgs-msg.asd)
Linked: (/home/zaina/catkin_ws/devel/.private/turtlebot_msgs/share/gennodejs/ros/turtlebot_msgs/_index.js, /home/zaina/catkin_ws/devel/share/gennodejs/ros/turtlebot_msgs/_index.js)
Linked: (/home/zaina/catkin_ws/devel/.private/turtlebot_msgs/share/gennodejs/ros/turtlebot_msgs/srv/_index.js, /home/zaina/catkin_ws/devel/share/gennodejs/ros/turtlebot_msgs/srv/_index.js)
Linked: (/home/zaina/catkin_ws/devel/.private/turtlebot_msgs/share/gennodejs/ros/turtlebot_msgs/srv/TakePanorama.js, /home/zaina/catkin_ws/devel/share/gennodejs/ros/turtlebot_msgs/srv/TakePanorama.js)
Linked: (/home/zaina/catkin_ws/devel/.private/turtlebot_msgs/share/gennodejs/ros/turtlebot_msgs/srv/SetFollowState.js, /home/zaina/catkin_ws/devel/share/gennodejs/ros/turtlebot_msgs/srv/SetFollowState.js)
Linked: (/home/zaina/catkin_ws/devel/.private/turtlebot_msgs/share/gennodejs/ros/turtlebot_msgs/msg/PanoramaImg.js, /home/zaina/catkin_ws/devel/share/gennodejs/ros/turtlebot_msgs/msg/PanoramaImg.js)
Linked: (/home/zaina/catkin_ws/devel/.private/turtlebot_msgs/share/gennodejs/ros/turtlebot_msgs/msg/_index.js, /home/zaina/catkin_ws/devel/share/gennodejs/ros/turtlebot_msgs/msg/_index.js)
Linked: (/home/zaina/catkin_ws/devel/.private/turtlebot_msgs/share/roseus/ros/turtlebot_msgs/manifest.l, /home/zaina/catkin_ws/devel/share/roseus/ros/turtlebot_msgs/manifest.l)
Linked: (/home/zaina/catkin_ws/devel/.private/turtlebot_msgs/share/roseus/ros/turtlebot_msgs/srv/TakePanorama.l, /home/zaina/catkin_ws/devel/share/roseus/ros/turtlebot_msgs/srv/TakePanorama.l)
Linked: (/home/zaina/catkin_ws/devel/.private/turtlebot_msgs/share/roseus/ros/turtlebot_msgs/srv/SetFollowState.l, /home/zaina/catkin_ws/devel/share/roseus/ros/turtlebot_msgs/srv/SetFollowState.l)
Linked: (/home/zaina/catkin_ws/devel/.private/turtlebot_msgs/share/roseus/ros/turtlebot_msgs/msg/PanoramaImg.l, /home/zaina/catkin_ws/devel/share/roseus/ros/turtlebot_msgs/msg/PanoramaImg.l)
Linked: (/home/zaina/catkin_ws/devel/.private/turtlebot_msgs/lib/pkgconfig/turtlebot_msgs.pc, /home/zaina/catkin_ws/devel/lib/pkgconfig/turtlebot_msgs.pc)
Linked: (/home/zaina/catkin_ws/devel/.private/turtlebot_msgs/lib/python3/dist-packages/turtlebot_msgs/__init__.py, /home/zaina/catkin_ws/devel/lib/python3/dist-packages/turtlebot_msgs/__init__.py)
Linked: (/home/zaina/catkin_ws/devel/.private/turtlebot_msgs/lib/python3/dist-packages/turtlebot_msgs/srv/_SetFollowState.py, /home/zaina/catkin_ws/devel/lib/python3/dist-packages/turtlebot_msgs/srv/_SetFollowState.py)
Linked: (/home/zaina/catkin_ws/devel/.private/turtlebot_msgs/lib/python3/dist-packages/turtlebot_msgs/srv/_TakePanorama.py, /home/zaina/catkin_ws/devel/lib/python3/dist-packages/turtlebot_msgs/srv/_TakePanorama.py)
Linked: (/home/zaina/catkin_ws/devel/.private/turtlebot_msgs/lib/python3/dist-packages/turtlebot_msgs/srv/__init__.py, /home/zaina/catkin_ws/devel/lib/python3/dist-packages/turtlebot_msgs/srv/__init__.py)
Linked: (/home/zaina/catkin_ws/devel/.private/turtlebot_msgs/lib/python3/dist-packages/turtlebot_msgs/msg/_PanoramaImg.py, /home/zaina/catkin_ws/devel/lib/python3/dist-packages/turtlebot_msgs/msg/_PanoramaImg.py)
Linked: (/home/zaina/catkin_ws/devel/.private/turtlebot_msgs/lib/python3/dist-packages/turtlebot_msgs/msg/__init__.py, /home/zaina/catkin_ws/devel/lib/python3/dist-packages/turtlebot_msgs/msg/__init__.py)
Linked: (/home/zaina/catkin_ws/devel/.private/turtlebot_msgs/include/turtlebot_msgs/SetFollowStateResponse.h, /home/zaina/catkin_ws/devel/include/turtlebot_msgs/SetFollowStateResponse.h)
Linked: (/home/zaina/catkin_ws/devel/.private/turtlebot_msgs/include/turtlebot_msgs/SetFollowState.h, /home/zaina/catkin_ws/devel/include/turtlebot_msgs/SetFollowState.h)
Linked: (/home/zaina/catkin_ws/devel/.private/turtlebot_msgs/include/turtlebot_msgs/SetFollowStateRequest.h, /home/zaina/catkin_ws/devel/include/turtlebot_msgs/SetFollowStateRequest.h)
Linked: (/home/zaina/catkin_ws/devel/.private/turtlebot_msgs/include/turtlebot_msgs/TakePanoramaResponse.h, /home/zaina/catkin_ws/devel/include/turtlebot_msgs/TakePanoramaResponse.h)
Linked: (/home/zaina/catkin_ws/devel/.private/turtlebot_msgs/include/turtlebot_msgs/TakePanoramaRequest.h, /home/zaina/catkin_ws/devel/include/turtlebot_msgs/TakePanoramaRequest.h)
Linked: (/home/zaina/catkin_ws/devel/.private/turtlebot_msgs/include/turtlebot_msgs/TakePanorama.h, /home/zaina/catkin_ws/devel/include/turtlebot_msgs/TakePanorama.h)
Linked: (/home/zaina/catkin_ws/devel/.private/turtlebot_msgs/include/turtlebot_msgs/PanoramaImg.h, /home/zaina/catkin_ws/devel/include/turtlebot_msgs/PanoramaImg.h)
