[35m[1mScanning dependencies of target _turtlebot_msgs_generate_messages_check_deps_SetFollowState[0m
[  0%] Built target _turtlebot_msgs_generate_messages_check_deps_SetFollowState
[35m[1mScanning dependencies of target sensor_msgs_generate_messages_cpp[0m
[  0%] Built target sensor_msgs_generate_messages_cpp
[35m[1mScanning dependencies of target std_msgs_generate_messages_cpp[0m
[  0%] Built target std_msgs_generate_messages_cpp
[35m[1mScanning dependencies of target _turtlebot_msgs_generate_messages_check_deps_PanoramaImg[0m
[  0%] Built target _turtlebot_msgs_generate_messages_check_deps_PanoramaImg
[35m[1mScanning dependencies of target _turtlebot_msgs_generate_messages_check_deps_TakePanorama[0m
[  0%] Built target _turtlebot_msgs_generate_messages_check_deps_TakePanorama
[35m[1mScanning dependencies of target std_msgs_generate_messages_py[0m
[  0%] Built target std_msgs_generate_messages_py
[35m[1mScanning dependencies of target sensor_msgs_generate_messages_py[0m
[  0%] Built target sensor_msgs_generate_messages_py
[35m[1mScanning dependencies of target sensor_msgs_generate_messages_nodejs[0m
[  0%] Built target sensor_msgs_generate_messages_nodejs
[35m[1mScanning dependencies of target std_msgs_generate_messages_nodejs[0m
[  0%] Built target std_msgs_generate_messages_nodejs
[35m[1mScanning dependencies of target sensor_msgs_generate_messages_eus[0m
[  0%] Built target sensor_msgs_generate_messages_eus
[35m[1mScanning dependencies of target std_msgs_generate_messages_eus[0m
[  0%] Built target std_msgs_generate_messages_eus
[35m[1mScanning dependencies of target std_msgs_generate_messages_lisp[0m
[  0%] Built target std_msgs_generate_messages_lisp
[35m[1mScanning dependencies of target sensor_msgs_generate_messages_lisp[0m
[  0%] Built target sensor_msgs_generate_messages_lisp
[35m[1mScanning dependencies of target turtlebot_msgs_generate_messages_cpp[0m
[ 16%] Built target turtlebot_msgs_generate_messages_cpp
[35m[1mScanning dependencies of target turtlebot_msgs_generate_messages_py[0m
[ 44%] Built target turtlebot_msgs_generate_messages_py
[35m[1mScanning dependencies of target turtlebot_msgs_generate_messages_nodejs[0m
[ 61%] Built target turtlebot_msgs_generate_messages_nodejs
[35m[1mScanning dependencies of target turtlebot_msgs_generate_messages_eus[0m
[ 83%] Built target turtlebot_msgs_generate_messages_eus
[35m[1mScanning dependencies of target turtlebot_msgs_generate_messages_lisp[0m
[100%] Built target turtlebot_msgs_generate_messages_lisp
[35m[1mScanning dependencies of target turtlebot_msgs_generate_messages[0m
[100%] Built target turtlebot_msgs_generate_messages
