[35m[1mScanning dependencies of target _kobuki_msgs_generate_messages_check_deps_VersionInfo[0m
[  0%] Built target _kobuki_msgs_generate_messages_check_deps_VersionInfo
[35m[1mScanning dependencies of target _kobuki_msgs_generate_messages_check_deps_AutoDockingFeedback[0m
[  0%] Built target _kobuki_msgs_generate_messages_check_deps_AutoDockingFeedback
[35m[1mScanning dependencies of target _kobuki_msgs_generate_messages_check_deps_AutoDockingResult[0m
[35m[1mScanning dependencies of target _kobuki_msgs_generate_messages_check_deps_AutoDockingGoal[0m
[  0%] Built target _kobuki_msgs_generate_messages_check_deps_AutoDockingGoal
[  0%] Built target _kobuki_msgs_generate_messages_check_deps_AutoDockingResult
[35m[1mScanning dependencies of target _kobuki_msgs_generate_messages_check_deps_AutoDockingActionFeedback[0m
[35m[1mScanning dependencies of target _kobuki_msgs_generate_messages_check_deps_AutoDockingActionGoal[0m
[  0%] Built target _kobuki_msgs_generate_messages_check_deps_AutoDockingActionGoal
[  0%] Built target _kobuki_msgs_generate_messages_check_deps_AutoDockingActionFeedback
[35m[1mScanning dependencies of target _kobuki_msgs_generate_messages_check_deps_AutoDockingAction[0m
[  0%] Built target _kobuki_msgs_generate_messages_check_deps_AutoDockingAction
[35m[1mScanning dependencies of target _kobuki_msgs_generate_messages_check_deps_ScanAngle[0m
[  0%] Built target _kobuki_msgs_generate_messages_check_deps_ScanAngle
[35m[1mScanning dependencies of target _kobuki_msgs_generate_messages_check_deps_RobotStateEvent[0m
[  0%] Built target _kobuki_msgs_generate_messages_check_deps_RobotStateEvent
[35m[1mScanning dependencies of target _kobuki_msgs_generate_messages_check_deps_MotorPower[0m
[  0%] Built target _kobuki_msgs_generate_messages_check_deps_MotorPower
[35m[1mScanning dependencies of target _kobuki_msgs_generate_messages_check_deps_DigitalOutput[0m
[  0%] Built target _kobuki_msgs_generate_messages_check_deps_DigitalOutput
[35m[1mScanning dependencies of target std_msgs_generate_messages_nodejs[0m
[  0%] Built target std_msgs_generate_messages_nodejs
[35m[1mScanning dependencies of target _kobuki_msgs_generate_messages_check_deps_BumperEvent[0m
[  0%] Built target _kobuki_msgs_generate_messages_check_deps_BumperEvent
[35m[1mScanning dependencies of target _kobuki_msgs_generate_messages_check_deps_DigitalInputEvent[0m
[  0%] Built target _kobuki_msgs_generate_messages_check_deps_DigitalInputEvent
[35m[1mScanning dependencies of target _kobuki_msgs_generate_messages_check_deps_ExternalPower[0m
[  0%] Built target _kobuki_msgs_generate_messages_check_deps_ExternalPower
[35m[1mScanning dependencies of target _kobuki_msgs_generate_messages_check_deps_Sound[0m
[  0%] Built target _kobuki_msgs_generate_messages_check_deps_Sound
[35m[1mScanning dependencies of target _kobuki_msgs_generate_messages_check_deps_ButtonEvent[0m
[  0%] Built target _kobuki_msgs_generate_messages_check_deps_ButtonEvent
[35m[1mScanning dependencies of target _kobuki_msgs_generate_messages_check_deps_PowerSystemEvent[0m
[  0%] Built target _kobuki_msgs_generate_messages_check_deps_PowerSystemEvent
[35m[1mScanning dependencies of target _kobuki_msgs_generate_messages_check_deps_WheelDropEvent[0m
[  0%] Built target _kobuki_msgs_generate_messages_check_deps_WheelDropEvent
[35m[1mScanning dependencies of target _kobuki_msgs_generate_messages_check_deps_DockInfraRed[0m
[  0%] Built target _kobuki_msgs_generate_messages_check_deps_DockInfraRed
[35m[1mScanning dependencies of target actionlib_msgs_generate_messages_nodejs[0m
[  0%] Built target actionlib_msgs_generate_messages_nodejs
[35m[1mScanning dependencies of target _kobuki_msgs_generate_messages_check_deps_ControllerInfo[0m
[  0%] Built target _kobuki_msgs_generate_messages_check_deps_ControllerInfo
[35m[1mScanning dependencies of target _kobuki_msgs_generate_messages_check_deps_CliffEvent[0m
[  0%] Built target _kobuki_msgs_generate_messages_check_deps_CliffEvent
[35m[1mScanning dependencies of target _kobuki_msgs_generate_messages_check_deps_KeyboardInput[0m
[  0%] Built target _kobuki_msgs_generate_messages_check_deps_KeyboardInput
[35m[1mScanning dependencies of target _kobuki_msgs_generate_messages_check_deps_AutoDockingActionResult[0m
[  0%] Built target _kobuki_msgs_generate_messages_check_deps_AutoDockingActionResult
[35m[1mScanning dependencies of target _kobuki_msgs_generate_messages_check_deps_SensorState[0m
[  0%] Built target _kobuki_msgs_generate_messages_check_deps_SensorState
[35m[1mScanning dependencies of target _kobuki_msgs_generate_messages_check_deps_Led[0m
[35m[1mScanning dependencies of target std_msgs_generate_messages_eus[0m
[  0%] Built target std_msgs_generate_messages_eus
[  0%] Built target _kobuki_msgs_generate_messages_check_deps_Led
[35m[1mScanning dependencies of target actionlib_msgs_generate_messages_eus[0m
[35m[1mScanning dependencies of target std_msgs_generate_messages_py[0m
[  0%] Built target actionlib_msgs_generate_messages_eus
[35m[1mScanning dependencies of target actionlib_msgs_generate_messages_py[0m
[  0%] Built target std_msgs_generate_messages_py
[  0%] Built target actionlib_msgs_generate_messages_py
[35m[1mScanning dependencies of target std_msgs_generate_messages_cpp[0m
[35m[1mScanning dependencies of target actionlib_msgs_generate_messages_cpp[0m
[  0%] Built target std_msgs_generate_messages_cpp
[35m[1mScanning dependencies of target std_msgs_generate_messages_lisp[0m
[  0%] Built target actionlib_msgs_generate_messages_cpp
[  0%] Built target std_msgs_generate_messages_lisp
[35m[1mScanning dependencies of target actionlib_msgs_generate_messages_lisp[0m
[35m[1mScanning dependencies of target kobuki_msgs_generate_messages_nodejs[0m
[  0%] Built target actionlib_msgs_generate_messages_lisp
[ 18%] Built target kobuki_msgs_generate_messages_nodejs
[35m[1mScanning dependencies of target kobuki_msgs_generate_messages_eus[0m
[35m[1mScanning dependencies of target kobuki_msgs_generate_messages_py[0m
[ 56%] Built target kobuki_msgs_generate_messages_eus
[ 60%] Built target kobuki_msgs_generate_messages_py
[35m[1mScanning dependencies of target kobuki_msgs_generate_messages_cpp[0m
[35m[1mScanning dependencies of target kobuki_msgs_generate_messages_lisp[0m
[ 80%] Built target kobuki_msgs_generate_messages_lisp
[100%] Built target kobuki_msgs_generate_messages_cpp
[35m[1mScanning dependencies of target kobuki_msgs_generate_messages[0m
[100%] Built target kobuki_msgs_generate_messages
