[35m[1mScanning dependencies of target _turtlebot_actions_generate_messages_check_deps_FindFiducialFeedback[0m
[35m[1mScanning dependencies of target _turtlebot_actions_generate_messages_check_deps_TurtlebotMoveFeedback[0m
[35m[1mScanning dependencies of target _turtlebot_actions_generate_messages_check_deps_TurtlebotMoveActionFeedback[0m
[35m[1mScanning dependencies of target _turtlebot_actions_generate_messages_check_deps_TurtlebotMoveResult[0m
[35m[1mScanning dependencies of target _turtlebot_actions_generate_messages_check_deps_TurtlebotMoveGoal[0m
[  0%] Built target _turtlebot_actions_generate_messages_check_deps_FindFiducialFeedback
[  0%] Built target _turtlebot_actions_generate_messages_check_deps_TurtlebotMoveResult
[35m[1mScanning dependencies of target _turtlebot_actions_generate_messages_check_deps_TurtlebotMoveActionResult[0m
[35m[1mScanning dependencies of target actionlib_msgs_generate_messages_cpp[0m
[  0%] Built target _turtlebot_actions_generate_messages_check_deps_TurtlebotMoveActionFeedback
[  0%] Built target _turtlebot_actions_generate_messages_check_deps_TurtlebotMoveFeedback
[  0%] Built target _turtlebot_actions_generate_messages_check_deps_TurtlebotMoveGoal
[  0%] Built target actionlib_msgs_generate_messages_cpp
[35m[1mScanning dependencies of target std_msgs_generate_messages_cpp[0m
[35m[1mScanning dependencies of target geometry_msgs_generate_messages_cpp[0m
[35m[1mScanning dependencies of target _turtlebot_actions_generate_messages_check_deps_TurtlebotMoveActionGoal[0m
[  0%] Built target std_msgs_generate_messages_cpp
[35m[1mScanning dependencies of target _turtlebot_actions_generate_messages_check_deps_FindFiducialAction[0m
[  0%] Built target geometry_msgs_generate_messages_cpp
[35m[1mScanning dependencies of target _turtlebot_actions_generate_messages_check_deps_TurtlebotMoveAction[0m
[  0%] Built target _turtlebot_actions_generate_messages_check_deps_TurtlebotMoveActionResult
[35m[1mScanning dependencies of target _turtlebot_actions_generate_messages_check_deps_FindFiducialActionResult[0m
[35m[1mScanning dependencies of target _turtlebot_actions_generate_messages_check_deps_FindFiducialActionGoal[0m
[  0%] Built target _turtlebot_actions_generate_messages_check_deps_TurtlebotMoveActionGoal
[  0%] Built target _turtlebot_actions_generate_messages_check_deps_TurtlebotMoveAction
[35m[1mScanning dependencies of target _turtlebot_actions_generate_messages_check_deps_FindFiducialActionFeedback[0m
[  0%] Built target _turtlebot_actions_generate_messages_check_deps_FindFiducialAction
[  0%] Built target _turtlebot_actions_generate_messages_check_deps_FindFiducialActionGoal
[  0%] Built target _turtlebot_actions_generate_messages_check_deps_FindFiducialActionResult
[35m[1mScanning dependencies of target _turtlebot_actions_generate_messages_check_deps_FindFiducialGoal[0m
[35m[1mScanning dependencies of target _turtlebot_actions_generate_messages_check_deps_FindFiducialResult[0m
[35m[1mScanning dependencies of target std_msgs_generate_messages_py[0m
[35m[1mScanning dependencies of target actionlib_msgs_generate_messages_py[0m
[  0%] Built target std_msgs_generate_messages_py
[  0%] Built target actionlib_msgs_generate_messages_py
[35m[1mScanning dependencies of target geometry_msgs_generate_messages_py[0m
[35m[1mScanning dependencies of target std_msgs_generate_messages_nodejs[0m
[  0%] Built target _turtlebot_actions_generate_messages_check_deps_FindFiducialGoal
[  0%] Built target geometry_msgs_generate_messages_py
[  0%] Built target std_msgs_generate_messages_nodejs
[  0%] Built target _turtlebot_actions_generate_messages_check_deps_FindFiducialResult
[  0%] Built target _turtlebot_actions_generate_messages_check_deps_FindFiducialActionFeedback
[35m[1mScanning dependencies of target actionlib_msgs_generate_messages_nodejs[0m
[35m[1mScanning dependencies of target actionlib_msgs_generate_messages_eus[0m
[35m[1mScanning dependencies of target geometry_msgs_generate_messages_eus[0m
[  0%] Built target actionlib_msgs_generate_messages_nodejs
[35m[1mScanning dependencies of target geometry_msgs_generate_messages_nodejs[0m
[35m[1mScanning dependencies of target std_msgs_generate_messages_eus[0m
[  0%] Built target geometry_msgs_generate_messages_eus
[  0%] Built target actionlib_msgs_generate_messages_eus
[  0%] Built target geometry_msgs_generate_messages_nodejs
[35m[1mScanning dependencies of target std_msgs_generate_messages_lisp[0m
[  0%] Built target std_msgs_generate_messages_eus
[35m[1mScanning dependencies of target geometry_msgs_generate_messages_lisp[0m
[35m[1mScanning dependencies of target actionlib_msgs_generate_messages_lisp[0m
[35m[1mScanning dependencies of target turtlebot_actions_generate_messages_py[0m
[35m[1mScanning dependencies of target turtlebot_actions_generate_messages_cpp[0m
[  0%] Built target std_msgs_generate_messages_lisp
[  0%] Built target geometry_msgs_generate_messages_lisp
[  0%] Built target actionlib_msgs_generate_messages_lisp
[ 19%] Built target turtlebot_actions_generate_messages_py
[35m[1mScanning dependencies of target turtlebot_actions_generate_messages_nodejs[0m
[ 37%] Built target turtlebot_actions_generate_messages_cpp
[35m[1mScanning dependencies of target turtlebot_actions_generate_messages_eus[0m
[35m[1mScanning dependencies of target turtlebot_actions_generate_messages_lisp[0m
[ 55%] Built target turtlebot_actions_generate_messages_nodejs
[35m[1mScanning dependencies of target turtlebot_actions_gencpp[0m
[ 93%] Built target turtlebot_actions_generate_messages_lisp
[ 93%] Built target turtlebot_actions_generate_messages_eus
[ 93%] Built target turtlebot_actions_gencpp
[35m[1mScanning dependencies of target turtlebot_actions_generate_messages[0m
[35m[1mScanning dependencies of target turtlebot_move_action_server[0m
[35m[1mScanning dependencies of target find_fiducial_pose[0m
[ 93%] Built target turtlebot_actions_generate_messages
[ 94%] [32mBuilding CXX object CMakeFiles/turtlebot_move_action_server.dir/src/turtlebot_move_action_server.cpp.o[0m
[ 96%] [32mBuilding CXX object CMakeFiles/find_fiducial_pose.dir/src/find_fiducial_pose.cpp.o[0m
[ 97%] [32mBuilding CXX object CMakeFiles/find_fiducial_pose.dir/src/detect_calibration_pattern.cpp.o[0m
[ 98%] [32m[1mLinking CXX executable /home/zaina/catkin_ws/devel/.private/turtlebot_actions/lib/turtlebot_actions/turtlebot_move_action_server[0m
[ 98%] Built target turtlebot_move_action_server
[100%] [32m[1mLinking CXX executable /home/zaina/catkin_ws/devel/.private/turtlebot_actions/lib/turtlebot_actions/find_fiducial_pose[0m
[100%] Built target find_fiducial_pose
