[35m[1mScanning dependencies of target _turtlebot_calibration_generate_messages_check_deps_ScanAngle[0m
[35m[1mScanning dependencies of target std_msgs_generate_messages_py[0m
[35m[1mScanning dependencies of target std_msgs_generate_messages_cpp[0m
[  0%] Built target std_msgs_generate_messages_py
[35m[1mScanning dependencies of target std_msgs_generate_messages_nodejs[0m
[  0%] Built target std_msgs_generate_messages_cpp
[35m[1mScanning dependencies of target std_msgs_generate_messages_eus[0m
[  0%] Built target std_msgs_generate_messages_eus
[  0%] Built target std_msgs_generate_messages_nodejs
[35m[1mScanning dependencies of target std_msgs_generate_messages_lisp[0m
[  0%] Built target std_msgs_generate_messages_lisp
[  0%] Built target _turtlebot_calibration_generate_messages_check_deps_ScanAngle
[35m[1mScanning dependencies of target turtlebot_calibration_generate_messages_cpp[0m
[35m[1mScanning dependencies of target turtlebot_calibration_generate_messages_py[0m
[35m[1mScanning dependencies of target turtlebot_calibration_generate_messages_nodejs[0m
[35m[1mScanning dependencies of target turtlebot_calibration_generate_messages_eus[0m
[ 14%] Built target turtlebot_calibration_generate_messages_cpp
[ 42%] Built target turtlebot_calibration_generate_messages_py
[ 57%] Built target turtlebot_calibration_generate_messages_nodejs
[ 85%] Built target turtlebot_calibration_generate_messages_eus
[35m[1mScanning dependencies of target turtlebot_calibration_generate_messages_lisp[0m
[100%] Built target turtlebot_calibration_generate_messages_lisp
[35m[1mScanning dependencies of target turtlebot_calibration_generate_messages[0m
[100%] Built target turtlebot_calibration_generate_messages
