-- The C compiler identification is GNU 9.4.0
-- The CXX compiler identification is GNU 9.4.0
-- Check for working C compiler: /usr/bin/cc
-- Check for working C compiler: /usr/bin/cc -- works
-- Detecting C compiler ABI info
-- Detecting C compiler ABI info - done
-- Detecting C compile features
-- Detecting C compile features - done
-- Check for working CXX compiler: /usr/bin/c++
-- Check for working CXX compiler: /usr/bin/c++ -- works
-- Detecting CXX compiler ABI info
-- Detecting CXX compiler ABI info - done
-- Detecting CXX compile features
-- Detecting CXX compile features - done
-- Using CATKIN_DEVEL_PREFIX: /home/zaina/catkin_ws/build/usb_cam/devel
-- Using CMAKE_PREFIX_PATH: /home/zaina/catkin_ws/devel;/opt/ros/noetic
-- This workspace overlays: /home/zaina/catkin_ws/devel;/opt/ros/noetic
-- Found PythonInterp: /home/zaina/catkin_ws/venv/bin/python3 (found suitable version "3.8.10", minimum required is "3") 
-- Using PYTHON_EXECUTABLE: /home/zaina/catkin_ws/venv/bin/python3
-- Using Debian Python package layout
-- Found PY_em: /home/zaina/catkin_ws/venv/lib/python3.8/site-packages/em.py  
-- Using empy: /home/zaina/catkin_ws/venv/lib/python3.8/site-packages/em.py
-- Using CATKIN_ENABLE_TESTING: ON
-- Call enable_testing()
-- Using CATKIN_TEST_RESULTS_DIR: /home/zaina/catkin_ws/build/usb_cam/test_results
-- Forcing gtest/gmock from source, though one was otherwise available.
-- Found gtest sources under '/usr/src/googletest': gtests will be built
-- Found gmock sources under '/usr/src/googletest': gmock will be built
-- Found PythonInterp: /home/zaina/catkin_ws/venv/bin/python3 (found version "3.8.10") 
-- Found Threads: TRUE  
-- Using Python nosetests: /usr/bin/nosetests3
-- catkin 0.8.10
-- BUILD_SHARED_LIBS is on
-- Found OpenCV: /usr (found version "4.2.0") 
-- Found PkgConfig: /usr/bin/pkg-config (found version "0.29.1") 
-- Checking for module 'libavcodec'
--   Found libavcodec, version 58.54.100
-- Checking for module 'libavutil'
--   Found libavutil, version 56.31.100
-- Checking for module 'libswscale'
--   Found libswscale, version 5.5.100
-- Configuring done
-- Generating done
-- Build files have been written to: /home/zaina/catkin_ws/build/usb_cam
[35m[1mScanning dependencies of target usb_cam[0m
[ 25%] [32mBuilding CXX object CMakeFiles/usb_cam.dir/src/usb_cam.cpp.o[0m
[ 50%] [32m[1mLinking CXX shared library libusb_cam.so[0m
[ 50%] Built target usb_cam
[35m[1mScanning dependencies of target usb_cam_node[0m
[ 75%] [32mBuilding CXX object CMakeFiles/usb_cam_node.dir/src/ros1/usb_cam_node.cpp.o[0m
